 
---------------------------------
 
Thu Sep 24 18:18:20 2015, Generated by: 010328058, Server: None, Windows, INSTALLED_SOFTWARE_VERSION: 2015.07 Build 6, Engine: 2015.07rc1, GUI: 2015.07rc1
Copyright (c) 2000 - 2015 Signal Integrity Software, Inc.
FLEXlm license
Engine Version 2015.07rc1 Windows Thu Sep 24 18:18:20 2015
Engine Arguments
C:\SiSoft\2015.07\bin\siaengine.exe
crosstalk_models
project_client=C:/Myproject/project1/interfaces/interface1/interface1.edk
gui_version=2015.07rc1
user=010328058
sim_type=Import
user_preferences_dir=C:/Users/010328058/.siauditor/
return_status_file=ipcFiles/0010328058retstat.eng0
"INSTALLED_SOFTWARE_VERSION=2015.07 Build 6"
"Release=2015.07 Build 6"
taxi=yes
units=english
argumentlist=ipcFiles/0010328058args.eng0
interface=C:/Myproject/project1/interfaces/interface1/interface1.edk
Server=None
 
Log   file C:\Myproject\project1\interfaces\interface1\logs\crosstalk_models.log
Debug file C:\Myproject\project1\interfaces\interface1\logs\crosstalk_models.dbg
 
 
---------------------------------
 
Thu Sep 24 19:03:23 2015, Generated by: 010328058, Server: None, Windows, INSTALLED_SOFTWARE_VERSION: 2015.07 Build 6, Engine: 2015.07rc1, GUI: 2015.07rc1
Copyright (c) 2000 - 2015 Signal Integrity Software, Inc.
FLEXlm license
Engine Version 2015.07rc1 Windows Thu Sep 24 19:03:24 2015
Engine Arguments
C:\SiSoft\2015.07\bin\siaengine.exe
Validate
project=C:/Myproject/project1/interfaces/interface1/interface1.edk
gui_version=2015.07rc1
user=010328058
user_preferences_dir=C:/Users/010328058/.siauditor/
simulator=IsSpice4
sim_type=all
schematic_set=set1.sset
return_status_file=ipcFiles/0010328058retstat.eng1
"INSTALLED_SOFTWARE_VERSION=2015.07 Build 6"
"Release=2015.07 Build 6"
taxi=yes
units=english
argumentlist=ipcFiles/0010328058args.eng1
interface=C:/Myproject/project1/interfaces/interface1/interface1.edk
Server=None
 
Log   file C:\Myproject\project1\interfaces\interface1\pre_sims\set1.sset\logs\validation.log
Debug file C:\Myproject\project1\interfaces\interface1\pre_sims\set1.sset\logs\validation.dbg
 
     0 total validation errors
 
---------------------------------
 
Thu Sep 24 19:03:29 2015, Generated by: 010328058, Server: None, Windows, INSTALLED_SOFTWARE_VERSION: 2015.07 Build 6, Engine: 2015.07rc1, GUI: 2015.07rc1
Copyright (c) 2000 - 2015 Signal Integrity Software, Inc.
FLEXlm license
Engine Version 2015.07rc1 Windows Thu Sep 24 19:03:29 2015
Engine Arguments
C:\SiSoft\2015.07\bin\siaengine.exe
GENERATE_SPICE
project=C:/Myproject/project1/interfaces/interface1/interface1.edk
gui_version=2015.07rc1
user=010328058
user_preferences_dir=C:/Users/010328058/.siauditor/
simulator=IsSpice4
sim_type=all
schematic_set=set1.sset
return_status_file=ipcFiles/0010328058retstat.eng2
"INSTALLED_SOFTWARE_VERSION=2015.07 Build 6"
"Release=2015.07 Build 6"
taxi=yes
units=english
argumentlist=ipcFiles/0010328058args.eng2
interface=C:/Myproject/project1/interfaces/interface1/interface1.edk
Server=None
 
Log   file C:\Myproject\project1\interfaces\interface1\pre_sims\set1.sset\logs\generate_spice.log
Debug file C:\Myproject\project1\interfaces\interface1\pre_sims\set1.sset\logs\generate_spice.dbg
 
1 simulation decks generated
0 errors generating simulation decks
0 warnings generating simulation decks
 
---------------------------------
 
Thu Sep 24 19:03:39 2015, Generated by: 010328058, Server: None, Windows, INSTALLED_SOFTWARE_VERSION: 2015.07 Build 6, Engine: 2015.07rc1, GUI: 2015.07rc1
Copyright (c) 2000 - 2015 Signal Integrity Software, Inc.
FLEXlm license
Engine Version 2015.07rc1 Windows Thu Sep 24 19:03:39 2015
Engine Arguments
C:\SiSoft\2015.07\bin\siaengine.exe
SURF
project=C:/Myproject/project1/interfaces/interface1/interface1.edk
gui_version=2015.07rc1
user=010328058
user_preferences_dir=C:/Users/010328058/.siauditor/
simulator=IsSpice4
sim_type=all
schematic_set=set1.sset
return_status_file=ipcFiles/0010328058retstat.eng3
"INSTALLED_SOFTWARE_VERSION=2015.07 Build 6"
"Release=2015.07 Build 6"
taxi=yes
units=english
argumentlist=ipcFiles/0010328058args.eng3
interface=C:/Myproject/project1/interfaces/interface1/interface1.edk
Server=None
 
Log   file C:\Myproject\project1\interfaces\interface1\pre_sims\set1.sset\logs\waveform_analysis.log
Debug file C:\Myproject\project1\interfaces\interface1\pre_sims\set1.sset\logs\waveform_analysis.dbg
 
0 errors analyzing waveforms
0 warnings analyzing waveforms
 
---------------------------------
 
Thu Sep 24 19:03:43 2015, Generated by: 010328058, Server: None, Windows, INSTALLED_SOFTWARE_VERSION: 2015.07 Build 6, Engine: 2015.07rc1, GUI: 2015.07rc1
Copyright (c) 2000 - 2015 Signal Integrity Software, Inc.
FLEXlm license
Engine Version 2015.07rc1 Windows Thu Sep 24 19:03:43 2015
Engine Arguments
C:\SiSoft\2015.07\bin\siaengine.exe
TIMING
project=C:/Myproject/project1/interfaces/interface1/interface1.edk
gui_version=2015.07rc1
user=010328058
user_preferences_dir=C:/Users/010328058/.siauditor/
simulator=IsSpice4
sim_type=all
schematic_set=set1.sset
return_status_file=ipcFiles/0010328058retstat.eng4
"INSTALLED_SOFTWARE_VERSION=2015.07 Build 6"
"Release=2015.07 Build 6"
taxi=yes
units=english
argumentlist=ipcFiles/0010328058args.eng4
interface=C:/Myproject/project1/interfaces/interface1/interface1.edk
Server=None
 
Log   file C:\Myproject\project1\interfaces\interface1\pre_sims\set1.sset\logs\timing_analysis.log
Debug file C:\Myproject\project1\interfaces\interface1\pre_sims\set1.sset\logs\timing_analysis.dbg
 
0 errors generating timing analysis
1 warnings generating timing analysis
 
---------------------------------
 
Thu Sep 24 19:27:02 2015, Generated by: 010328058, Server: None, Windows, INSTALLED_SOFTWARE_VERSION: 2015.07 Build 6, Engine: 2015.07rc1, GUI: 2015.07rc1
Copyright (c) 2000 - 2015 Signal Integrity Software, Inc.
FLEXlm license
Engine Version 2015.07rc1 Windows Thu Sep 24 19:27:02 2015
Engine Arguments
C:\SiSoft\2015.07\bin\siaengine.exe
Validate
project=C:/Myproject/project1/interfaces/interface1/interface1.edk
gui_version=2015.07rc1
user=010328058
user_preferences_dir=C:/Users/010328058/.siauditor/
simulator=IsSpice4
sim_type=all
schematic_set=set1.sset
return_status_file=ipcFiles/0010328058retstat.eng5
"INSTALLED_SOFTWARE_VERSION=2015.07 Build 6"
"Release=2015.07 Build 6"
taxi=yes
units=english
argumentlist=ipcFiles/0010328058args.eng5
interface=C:/Myproject/project1/interfaces/interface1/interface1.edk
Server=None
 
Log   file C:\Myproject\project1\interfaces\interface1\pre_sims\set1.sset\logs\validation.log
Debug file C:\Myproject\project1\interfaces\interface1\pre_sims\set1.sset\logs\validation.dbg
 
     0 total validation errors
 
---------------------------------
 
Thu Sep 24 19:27:06 2015, Generated by: 010328058, Server: None, Windows, INSTALLED_SOFTWARE_VERSION: 2015.07 Build 6, Engine: 2015.07rc1, GUI: 2015.07rc1
Copyright (c) 2000 - 2015 Signal Integrity Software, Inc.
FLEXlm license
Engine Version 2015.07rc1 Windows Thu Sep 24 19:27:06 2015
Engine Arguments
C:\SiSoft\2015.07\bin\siaengine.exe
GENERATE_SPICE
project=C:/Myproject/project1/interfaces/interface1/interface1.edk
gui_version=2015.07rc1
user=010328058
user_preferences_dir=C:/Users/010328058/.siauditor/
simulator=IsSpice4
sim_type=all
schematic_set=set1.sset
return_status_file=ipcFiles/0010328058retstat.eng6
"INSTALLED_SOFTWARE_VERSION=2015.07 Build 6"
"Release=2015.07 Build 6"
taxi=yes
units=english
argumentlist=ipcFiles/0010328058args.eng6
interface=C:/Myproject/project1/interfaces/interface1/interface1.edk
Server=None
 
Log   file C:\Myproject\project1\interfaces\interface1\pre_sims\set1.sset\logs\generate_spice.log
Debug file C:\Myproject\project1\interfaces\interface1\pre_sims\set1.sset\logs\generate_spice.dbg
 
1 simulation decks generated
0 errors generating simulation decks
0 warnings generating simulation decks
 
---------------------------------
 
Thu Sep 24 19:27:15 2015, Generated by: 010328058, Server: None, Windows, INSTALLED_SOFTWARE_VERSION: 2015.07 Build 6, Engine: 2015.07rc1, GUI: 2015.07rc1
Copyright (c) 2000 - 2015 Signal Integrity Software, Inc.
FLEXlm license
Engine Version 2015.07rc1 Windows Thu Sep 24 19:27:15 2015
Engine Arguments
C:\SiSoft\2015.07\bin\siaengine.exe
SURF
project=C:/Myproject/project1/interfaces/interface1/interface1.edk
gui_version=2015.07rc1
user=010328058
user_preferences_dir=C:/Users/010328058/.siauditor/
simulator=IsSpice4
sim_type=all
schematic_set=set1.sset
return_status_file=ipcFiles/0010328058retstat.eng7
"INSTALLED_SOFTWARE_VERSION=2015.07 Build 6"
"Release=2015.07 Build 6"
taxi=yes
units=english
argumentlist=ipcFiles/0010328058args.eng7
interface=C:/Myproject/project1/interfaces/interface1/interface1.edk
Server=None
 
Log   file C:\Myproject\project1\interfaces\interface1\pre_sims\set1.sset\logs\waveform_analysis.log
Debug file C:\Myproject\project1\interfaces\interface1\pre_sims\set1.sset\logs\waveform_analysis.dbg
 
0 errors analyzing waveforms
0 warnings analyzing waveforms
 
---------------------------------
 
Thu Sep 24 19:27:19 2015, Generated by: 010328058, Server: None, Windows, INSTALLED_SOFTWARE_VERSION: 2015.07 Build 6, Engine: 2015.07rc1, GUI: 2015.07rc1
Copyright (c) 2000 - 2015 Signal Integrity Software, Inc.
FLEXlm license
Engine Version 2015.07rc1 Windows Thu Sep 24 19:27:19 2015
Engine Arguments
C:\SiSoft\2015.07\bin\siaengine.exe
TIMING
project=C:/Myproject/project1/interfaces/interface1/interface1.edk
gui_version=2015.07rc1
user=010328058
user_preferences_dir=C:/Users/010328058/.siauditor/
simulator=IsSpice4
sim_type=all
schematic_set=set1.sset
return_status_file=ipcFiles/0010328058retstat.eng8
"INSTALLED_SOFTWARE_VERSION=2015.07 Build 6"
"Release=2015.07 Build 6"
taxi=yes
units=english
argumentlist=ipcFiles/0010328058args.eng8
interface=C:/Myproject/project1/interfaces/interface1/interface1.edk
Server=None
 
Log   file C:\Myproject\project1\interfaces\interface1\pre_sims\set1.sset\logs\timing_analysis.log
Debug file C:\Myproject\project1\interfaces\interface1\pre_sims\set1.sset\logs\timing_analysis.dbg
 
0 errors generating timing analysis
1 warnings generating timing analysis
 
---------------------------------
 
Thu Sep 24 19:43:29 2015, Generated by: 010328058, Server: None, Windows, INSTALLED_SOFTWARE_VERSION: 2015.07 Build 6, Engine: 2015.07rc1, GUI: 2015.07rc1
Copyright (c) 2000 - 2015 Signal Integrity Software, Inc.
FLEXlm license
Engine Version 2015.07rc1 Windows Thu Sep 24 19:43:29 2015
Engine Arguments
C:\SiSoft\2015.07\bin\siaengine.exe
crosstalk_models
project_client=C:/Myproject/project1/interfaces/interface1/interface1.edk
gui_version=2015.07rc1
user=010328058
sim_type=Import
user_preferences_dir=C:/Users/010328058/.siauditor/
return_status_file=ipcFiles/0010328058retstat.eng0
"INSTALLED_SOFTWARE_VERSION=2015.07 Build 6"
"Release=2015.07 Build 6"
taxi=yes
units=english
argumentlist=ipcFiles/0010328058args.eng0
interface=C:/Myproject/project1/interfaces/interface1/interface1.edk
Server=None
 
Log   file C:\Myproject\project1\interfaces\interface1\logs\crosstalk_models.log
Debug file C:\Myproject\project1\interfaces\interface1\logs\crosstalk_models.dbg
 
 
---------------------------------
 
Thu Sep 24 19:43:34 2015, Generated by: 010328058, Server: None, Windows, INSTALLED_SOFTWARE_VERSION: 2015.07 Build 6, Engine: 2015.07rc1, GUI: 2015.07rc1
Copyright (c) 2000 - 2015 Signal Integrity Software, Inc.
FLEXlm license
Engine Version 2015.07rc1 Windows Thu Sep 24 19:43:35 2015
Engine Arguments
C:\SiSoft\2015.07\bin\siaengine.exe
Validate
project=C:/Myproject/project1/interfaces/interface1/interface1.edk
gui_version=2015.07rc1
user=010328058
user_preferences_dir=C:/Users/010328058/.siauditor/
simulator=IsSpice4
sim_type=all
schematic_set=set1.sset
return_status_file=ipcFiles/0010328058retstat.eng1
"INSTALLED_SOFTWARE_VERSION=2015.07 Build 6"
"Release=2015.07 Build 6"
taxi=yes
units=english
argumentlist=ipcFiles/0010328058args.eng1
interface=C:/Myproject/project1/interfaces/interface1/interface1.edk
Server=None
 
Log   file C:\Myproject\project1\interfaces\interface1\pre_sims\set1.sset\logs\validation.log
Debug file C:\Myproject\project1\interfaces\interface1\pre_sims\set1.sset\logs\validation.dbg
 
     0 total validation errors
 
---------------------------------
 
Thu Sep 24 19:43:38 2015, Generated by: 010328058, Server: None, Windows, INSTALLED_SOFTWARE_VERSION: 2015.07 Build 6, Engine: 2015.07rc1, GUI: 2015.07rc1
Copyright (c) 2000 - 2015 Signal Integrity Software, Inc.
FLEXlm license
Engine Version 2015.07rc1 Windows Thu Sep 24 19:43:38 2015
Engine Arguments
C:\SiSoft\2015.07\bin\siaengine.exe
GENERATE_SPICE
project=C:/Myproject/project1/interfaces/interface1/interface1.edk
gui_version=2015.07rc1
user=010328058
user_preferences_dir=C:/Users/010328058/.siauditor/
simulator=IsSpice4
sim_type=all
schematic_set=set1.sset
return_status_file=ipcFiles/0010328058retstat.eng2
"INSTALLED_SOFTWARE_VERSION=2015.07 Build 6"
"Release=2015.07 Build 6"
taxi=yes
units=english
argumentlist=ipcFiles/0010328058args.eng2
interface=C:/Myproject/project1/interfaces/interface1/interface1.edk
Server=None
 
Log   file C:\Myproject\project1\interfaces\interface1\pre_sims\set1.sset\logs\generate_spice.log
Debug file C:\Myproject\project1\interfaces\interface1\pre_sims\set1.sset\logs\generate_spice.dbg
 
1 simulation decks generated
0 errors generating simulation decks
0 warnings generating simulation decks
 
---------------------------------
 
Thu Sep 24 19:43:47 2015, Generated by: 010328058, Server: None, Windows, INSTALLED_SOFTWARE_VERSION: 2015.07 Build 6, Engine: 2015.07rc1, GUI: 2015.07rc1
Copyright (c) 2000 - 2015 Signal Integrity Software, Inc.
FLEXlm license
Engine Version 2015.07rc1 Windows Thu Sep 24 19:43:47 2015
Engine Arguments
C:\SiSoft\2015.07\bin\siaengine.exe
SURF
project=C:/Myproject/project1/interfaces/interface1/interface1.edk
gui_version=2015.07rc1
user=010328058
user_preferences_dir=C:/Users/010328058/.siauditor/
simulator=IsSpice4
sim_type=all
schematic_set=set1.sset
return_status_file=ipcFiles/0010328058retstat.eng3
"INSTALLED_SOFTWARE_VERSION=2015.07 Build 6"
"Release=2015.07 Build 6"
taxi=yes
units=english
argumentlist=ipcFiles/0010328058args.eng3
interface=C:/Myproject/project1/interfaces/interface1/interface1.edk
Server=None
 
Log   file C:\Myproject\project1\interfaces\interface1\pre_sims\set1.sset\logs\waveform_analysis.log
Debug file C:\Myproject\project1\interfaces\interface1\pre_sims\set1.sset\logs\waveform_analysis.dbg
 
0 errors analyzing waveforms
0 warnings analyzing waveforms
 
---------------------------------
 
Thu Sep 24 19:43:51 2015, Generated by: 010328058, Server: None, Windows, INSTALLED_SOFTWARE_VERSION: 2015.07 Build 6, Engine: 2015.07rc1, GUI: 2015.07rc1
Copyright (c) 2000 - 2015 Signal Integrity Software, Inc.
FLEXlm license
Engine Version 2015.07rc1 Windows Thu Sep 24 19:43:51 2015
Engine Arguments
C:\SiSoft\2015.07\bin\siaengine.exe
TIMING
project=C:/Myproject/project1/interfaces/interface1/interface1.edk
gui_version=2015.07rc1
user=010328058
user_preferences_dir=C:/Users/010328058/.siauditor/
simulator=IsSpice4
sim_type=all
schematic_set=set1.sset
return_status_file=ipcFiles/0010328058retstat.eng4
"INSTALLED_SOFTWARE_VERSION=2015.07 Build 6"
"Release=2015.07 Build 6"
taxi=yes
units=english
argumentlist=ipcFiles/0010328058args.eng4
interface=C:/Myproject/project1/interfaces/interface1/interface1.edk
Server=None
 
Log   file C:\Myproject\project1\interfaces\interface1\pre_sims\set1.sset\logs\timing_analysis.log
Debug file C:\Myproject\project1\interfaces\interface1\pre_sims\set1.sset\logs\timing_analysis.dbg
 
0 errors generating timing analysis
1 warnings generating timing analysis
 
---------------------------------
 
Thu Sep 24 19:58:53 2015, Generated by: 010328058, Server: None, Windows, INSTALLED_SOFTWARE_VERSION: 2015.07 Build 6, Engine: 2015.07rc1, GUI: 2015.07rc1
Copyright (c) 2000 - 2015 Signal Integrity Software, Inc.
FLEXlm license
Engine Version 2015.07rc1 Windows Thu Sep 24 19:58:53 2015
Engine Arguments
C:\SiSoft\2015.07\bin\siaengine.exe
crosstalk_models
project_client=C:/Myproject/project1/interfaces/interface1/interface1.edk
gui_version=2015.07rc1
user=010328058
sim_type=Import
user_preferences_dir=C:/Users/010328058/.siauditor/
return_status_file=ipcFiles/0010328058retstat.eng0
"INSTALLED_SOFTWARE_VERSION=2015.07 Build 6"
"Release=2015.07 Build 6"
taxi=yes
units=english
argumentlist=ipcFiles/0010328058args.eng0
interface=C:/Myproject/project1/interfaces/interface1/interface1.edk
Server=None
 
Log   file C:\Myproject\project1\interfaces\interface1\logs\crosstalk_models.log
Debug file C:\Myproject\project1\interfaces\interface1\logs\crosstalk_models.dbg
 
 
---------------------------------
 
Thu Sep 24 20:01:33 2015, Generated by: 010328058, Server: None, Windows, INSTALLED_SOFTWARE_VERSION: 2015.07 Build 6, Engine: 2015.07rc1, GUI: 2015.07rc1
Copyright (c) 2000 - 2015 Signal Integrity Software, Inc.
FLEXlm license
Engine Version 2015.07rc1 Windows Thu Sep 24 20:01:33 2015
Engine Arguments
C:\SiSoft\2015.07\bin\siaengine.exe
field_solve_geo
project=C:/Myproject/project1/interfaces/interface1/interface1.edk
gui_version=2015.07rc1
user=010328058
user_preferences_dir=C:/Users/010328058/.siauditor/
return_status_file=ipcFiles/0010328058retstat.eng1
geo=C:\Myproject\project1\interfaces\interface1\working_area\wlines\_0_simple_50ohm.geo
"INSTALLED_SOFTWARE_VERSION=2015.07 Build 6"
"Release=2015.07 Build 6"
taxi=yes
units=english
argumentlist=ipcFiles/0010328058args.eng1
interface=C:/Myproject/project1/interfaces/interface1/interface1.edk
Server=None
 
Log   file C:\Myproject\project1\interfaces\interface1\logs\field_solve_geo.log
Debug file C:\Myproject\project1\interfaces\interface1\logs\field_solve_geo.dbg
 
 
---------------------------------
 
Thu Sep 24 20:03:56 2015, Generated by: 010328058, Server: None, Windows, INSTALLED_SOFTWARE_VERSION: 2015.07 Build 6, Engine: 2015.07rc1, GUI: 2015.07rc1
Copyright (c) 2000 - 2015 Signal Integrity Software, Inc.
FLEXlm license
Engine Version 2015.07rc1 Windows Thu Sep 24 20:03:56 2015
Engine Arguments
C:\SiSoft\2015.07\bin\siaengine.exe
field_solve_geo
project=C:/Myproject/project1/interfaces/interface1/interface1.edk
gui_version=2015.07rc1
user=010328058
user_preferences_dir=C:/Users/010328058/.siauditor/
return_status_file=ipcFiles/0010328058retstat.eng2
geo=C:\Myproject\project1\interfaces\interface1\working_area\wlines\_1_simple_50ohm.geo
"INSTALLED_SOFTWARE_VERSION=2015.07 Build 6"
"Release=2015.07 Build 6"
taxi=yes
units=english
argumentlist=ipcFiles/0010328058args.eng2
interface=C:/Myproject/project1/interfaces/interface1/interface1.edk
Server=None
 
Log   file C:\Myproject\project1\interfaces\interface1\logs\field_solve_geo.log
Debug file C:\Myproject\project1\interfaces\interface1\logs\field_solve_geo.dbg
 
 
---------------------------------
 
Thu Sep 24 20:09:39 2015, Generated by: 010328058, Server: None, Windows, INSTALLED_SOFTWARE_VERSION: 2015.07 Build 6, Engine: 2015.07rc1, GUI: 2015.07rc1
Copyright (c) 2000 - 2015 Signal Integrity Software, Inc.
FLEXlm license
Engine Version 2015.07rc1 Windows Thu Sep 24 20:09:39 2015
Engine Arguments
C:\SiSoft\2015.07\bin\siaengine.exe
crosstalk_models
project_client=C:/Myproject/project1/interfaces/interface1/interface1.edk
gui_version=2015.07rc1
user=010328058
sim_type=Import
user_preferences_dir=C:/Users/010328058/.siauditor/
return_status_file=ipcFiles/0010328058retstat.eng0
"INSTALLED_SOFTWARE_VERSION=2015.07 Build 6"
"Release=2015.07 Build 6"
taxi=yes
units=english
argumentlist=ipcFiles/0010328058args.eng0
interface=C:/Myproject/project1/interfaces/interface1/interface1.edk
Server=None
 
Log   file C:\Myproject\project1\interfaces\interface1\logs\crosstalk_models.log
Debug file C:\Myproject\project1\interfaces\interface1\logs\crosstalk_models.dbg
 
 
---------------------------------
 
Thu Sep 24 20:13:15 2015, Generated by: 010328058, Server: None, Windows, INSTALLED_SOFTWARE_VERSION: 2015.07 Build 6, Engine: 2015.07rc1, GUI: 2015.07rc1
Copyright (c) 2000 - 2015 Signal Integrity Software, Inc.
FLEXlm license
Engine Version 2015.07rc1 Windows Thu Sep 24 20:13:15 2015
Engine Arguments
C:\SiSoft\2015.07\bin\siaengine.exe
crosstalk_models
project_client=C:/Myproject/project1/interfaces/interface1/interface1.edk
gui_version=2015.07rc1
user=010328058
sim_type=Import
user_preferences_dir=C:/Users/010328058/.siauditor/
return_status_file=ipcFiles/0010328058retstat.eng0
"INSTALLED_SOFTWARE_VERSION=2015.07 Build 6"
"Release=2015.07 Build 6"
taxi=yes
units=english
argumentlist=ipcFiles/0010328058args.eng0
interface=C:/Myproject/project1/interfaces/interface1/interface1.edk
Server=None
 
Log   file C:\Myproject\project1\interfaces\interface1\logs\crosstalk_models.log
Debug file C:\Myproject\project1\interfaces\interface1\logs\crosstalk_models.dbg
 
 
---------------------------------
 
Thu Sep 24 20:15:10 2015, Generated by: 010328058, Server: None, Windows, INSTALLED_SOFTWARE_VERSION: 2015.07 Build 6, Engine: 2015.07rc1, GUI: 2015.07rc1
Copyright (c) 2000 - 2015 Signal Integrity Software, Inc.
FLEXlm license
Engine Version 2015.07rc1 Windows Thu Sep 24 20:15:10 2015
Engine Arguments
C:\SiSoft\2015.07\bin\siaengine.exe
field_solve_geo
project=C:/Myproject/project1/interfaces/interface1/interface1.edk
gui_version=2015.07rc1
user=010328058
user_preferences_dir=C:/Users/010328058/.siauditor/
return_status_file=ipcFiles/0010328058retstat.eng1
geo=C:\Myproject\project1\interfaces\interface1\working_area\scratch\base_model0.geo
"INSTALLED_SOFTWARE_VERSION=2015.07 Build 6"
"Release=2015.07 Build 6"
taxi=yes
units=english
argumentlist=ipcFiles/0010328058args.eng1
interface=C:/Myproject/project1/interfaces/interface1/interface1.edk
Server=None
 
Log   file C:\Myproject\project1\interfaces\interface1\logs\field_solve_geo.log
Debug file C:\Myproject\project1\interfaces\interface1\logs\field_solve_geo.dbg
 
 
---------------------------------
 
Thu Sep 24 20:23:25 2015, Generated by: 010328058, Server: None, Windows, INSTALLED_SOFTWARE_VERSION: 2015.07 Build 6, Engine: 2015.07rc1, GUI: 2015.07rc1
Copyright (c) 2000 - 2015 Signal Integrity Software, Inc.
FLEXlm license
Engine Version 2015.07rc1 Windows Thu Sep 24 20:23:25 2015
Engine Arguments
C:\SiSoft\2015.07\bin\siaengine.exe
crosstalk_models
project_client=C:/Myproject/project1/interfaces/interface1/interface1.edk
gui_version=2015.07rc1
user=010328058
sim_type=Import
user_preferences_dir=C:/Users/010328058/.siauditor/
return_status_file=ipcFiles/0010328058retstat.eng0
"INSTALLED_SOFTWARE_VERSION=2015.07 Build 6"
"Release=2015.07 Build 6"
taxi=yes
units=english
argumentlist=ipcFiles/0010328058args.eng0
interface=C:/Myproject/project1/interfaces/interface1/interface1.edk
Server=None
 
Log   file C:\Myproject\project1\interfaces\interface1\logs\crosstalk_models.log
Debug file C:\Myproject\project1\interfaces\interface1\logs\crosstalk_models.dbg
 
 
---------------------------------
 
Thu Sep 24 20:23:39 2015, Generated by: 010328058, Server: None, Windows, INSTALLED_SOFTWARE_VERSION: 2015.07 Build 6, Engine: 2015.07rc1, GUI: 2015.07rc1
Copyright (c) 2000 - 2015 Signal Integrity Software, Inc.
FLEXlm license
Engine Version 2015.07rc1 Windows Thu Sep 24 20:23:39 2015
Engine Arguments
C:\SiSoft\2015.07\bin\siaengine.exe
Validate
project=C:/Myproject/project1/interfaces/interface1/interface1.edk
gui_version=2015.07rc1
user=010328058
user_preferences_dir=C:/Users/010328058/.siauditor/
simulator=IsSpice4
sim_type=all
schematic_set=set1.sset
return_status_file=ipcFiles/0010328058retstat.eng1
"INSTALLED_SOFTWARE_VERSION=2015.07 Build 6"
"Release=2015.07 Build 6"
taxi=yes
units=english
argumentlist=ipcFiles/0010328058args.eng1
interface=C:/Myproject/project1/interfaces/interface1/interface1.edk
Server=None
 
Log   file C:\Myproject\project1\interfaces\interface1\pre_sims\set1.sset\logs\validation.log
Debug file C:\Myproject\project1\interfaces\interface1\pre_sims\set1.sset\logs\validation.dbg
 
     0 total validation errors
 
---------------------------------
 
Thu Sep 24 20:23:43 2015, Generated by: 010328058, Server: None, Windows, INSTALLED_SOFTWARE_VERSION: 2015.07 Build 6, Engine: 2015.07rc1, GUI: 2015.07rc1
Copyright (c) 2000 - 2015 Signal Integrity Software, Inc.
FLEXlm license
Engine Version 2015.07rc1 Windows Thu Sep 24 20:23:43 2015
Engine Arguments
C:\SiSoft\2015.07\bin\siaengine.exe
GENERATE_SPICE
project=C:/Myproject/project1/interfaces/interface1/interface1.edk
gui_version=2015.07rc1
user=010328058
user_preferences_dir=C:/Users/010328058/.siauditor/
simulator=IsSpice4
sim_type=all
schematic_set=set1.sset
return_status_file=ipcFiles/0010328058retstat.eng2
"INSTALLED_SOFTWARE_VERSION=2015.07 Build 6"
"Release=2015.07 Build 6"
taxi=yes
units=english
argumentlist=ipcFiles/0010328058args.eng2
interface=C:/Myproject/project1/interfaces/interface1/interface1.edk
Server=None
 
Log   file C:\Myproject\project1\interfaces\interface1\pre_sims\set1.sset\logs\generate_spice.log
Debug file C:\Myproject\project1\interfaces\interface1\pre_sims\set1.sset\logs\generate_spice.dbg
 
4 simulation decks generated
0 errors generating simulation decks
0 warnings generating simulation decks
 
---------------------------------
 
Thu Sep 24 20:23:52 2015, Generated by: 010328058, Server: None, Windows, INSTALLED_SOFTWARE_VERSION: 2015.07 Build 6, Engine: 2015.07rc1, GUI: 2015.07rc1
Copyright (c) 2000 - 2015 Signal Integrity Software, Inc.
FLEXlm license
Engine Version 2015.07rc1 Windows Thu Sep 24 20:23:52 2015
Engine Arguments
C:\SiSoft\2015.07\bin\siaengine.exe
SURF
project=C:/Myproject/project1/interfaces/interface1/interface1.edk
gui_version=2015.07rc1
user=010328058
user_preferences_dir=C:/Users/010328058/.siauditor/
simulator=IsSpice4
sim_type=all
schematic_set=set1.sset
return_status_file=ipcFiles/0010328058retstat.eng3
"INSTALLED_SOFTWARE_VERSION=2015.07 Build 6"
"Release=2015.07 Build 6"
taxi=yes
units=english
argumentlist=ipcFiles/0010328058args.eng3
interface=C:/Myproject/project1/interfaces/interface1/interface1.edk
Server=None
 
Log   file C:\Myproject\project1\interfaces\interface1\pre_sims\set1.sset\logs\waveform_analysis.log
Debug file C:\Myproject\project1\interfaces\interface1\pre_sims\set1.sset\logs\waveform_analysis.dbg
 
2 errors analyzing waveforms
6 warnings analyzing waveforms
 
---------------------------------
 
Thu Sep 24 20:24:34 2015, Generated by: 010328058, Server: None, Windows, INSTALLED_SOFTWARE_VERSION: 2015.07 Build 6, Engine: 2015.07rc1, GUI: 2015.07rc1
Copyright (c) 2000 - 2015 Signal Integrity Software, Inc.
FLEXlm license
Engine Version 2015.07rc1 Windows Thu Sep 24 20:24:34 2015
Engine Arguments
C:\SiSoft\2015.07\bin\siaengine.exe
Validate
project=C:/Myproject/project1/interfaces/interface1/interface1.edk
gui_version=2015.07rc1
user=010328058
user_preferences_dir=C:/Users/010328058/.siauditor/
simulator=IsSpice4
sim_type=all
schematic_set=set1.sset
return_status_file=ipcFiles/0010328058retstat.eng4
"INSTALLED_SOFTWARE_VERSION=2015.07 Build 6"
"Release=2015.07 Build 6"
taxi=yes
units=english
argumentlist=ipcFiles/0010328058args.eng4
interface=C:/Myproject/project1/interfaces/interface1/interface1.edk
Server=None
 
Log   file C:\Myproject\project1\interfaces\interface1\pre_sims\set1.sset\logs\validation.log
Debug file C:\Myproject\project1\interfaces\interface1\pre_sims\set1.sset\logs\validation.dbg
 
 
---------------------------------
 
Thu Sep 24 20:26:39 2015, Generated by: 010328058, Server: None, Windows, INSTALLED_SOFTWARE_VERSION: 2015.07 Build 6, Engine: 2015.07rc1, GUI: 2015.07rc1
Copyright (c) 2000 - 2015 Signal Integrity Software, Inc.
FLEXlm license
Engine Version 2015.07rc1 Windows Thu Sep 24 20:26:40 2015
Engine Arguments
C:\SiSoft\2015.07\bin\siaengine.exe
Validate
project=C:/Myproject/project1/interfaces/interface1/interface1.edk
gui_version=2015.07rc1
user=010328058
user_preferences_dir=C:/Users/010328058/.siauditor/
simulator=IsSpice4
sim_type=all
schematic_set=set1.sset
return_status_file=ipcFiles/0010328058retstat.eng5
"INSTALLED_SOFTWARE_VERSION=2015.07 Build 6"
"Release=2015.07 Build 6"
taxi=yes
units=english
argumentlist=ipcFiles/0010328058args.eng5
interface=C:/Myproject/project1/interfaces/interface1/interface1.edk
Server=None
 
Log   file C:\Myproject\project1\interfaces\interface1\pre_sims\set1.sset\logs\validation.log
Debug file C:\Myproject\project1\interfaces\interface1\pre_sims\set1.sset\logs\validation.dbg
 
     0 total validation errors
 
---------------------------------
 
Thu Sep 24 20:26:43 2015, Generated by: 010328058, Server: None, Windows, INSTALLED_SOFTWARE_VERSION: 2015.07 Build 6, Engine: 2015.07rc1, GUI: 2015.07rc1
Copyright (c) 2000 - 2015 Signal Integrity Software, Inc.
FLEXlm license
Engine Version 2015.07rc1 Windows Thu Sep 24 20:26:44 2015
Engine Arguments
C:\SiSoft\2015.07\bin\siaengine.exe
GENERATE_SPICE
project=C:/Myproject/project1/interfaces/interface1/interface1.edk
gui_version=2015.07rc1
user=010328058
user_preferences_dir=C:/Users/010328058/.siauditor/
simulator=IsSpice4
sim_type=all
schematic_set=set1.sset
return_status_file=ipcFiles/0010328058retstat.eng6
"INSTALLED_SOFTWARE_VERSION=2015.07 Build 6"
"Release=2015.07 Build 6"
taxi=yes
units=english
argumentlist=ipcFiles/0010328058args.eng6
interface=C:/Myproject/project1/interfaces/interface1/interface1.edk
Server=None
 
Log   file C:\Myproject\project1\interfaces\interface1\pre_sims\set1.sset\logs\generate_spice.log
Debug file C:\Myproject\project1\interfaces\interface1\pre_sims\set1.sset\logs\generate_spice.dbg
 
3 simulation decks generated
0 errors generating simulation decks
0 warnings generating simulation decks
 
---------------------------------
 
Thu Sep 24 20:26:52 2015, Generated by: 010328058, Server: None, Windows, INSTALLED_SOFTWARE_VERSION: 2015.07 Build 6, Engine: 2015.07rc1, GUI: 2015.07rc1
Copyright (c) 2000 - 2015 Signal Integrity Software, Inc.
FLEXlm license
Engine Version 2015.07rc1 Windows Thu Sep 24 20:26:53 2015
Engine Arguments
C:\SiSoft\2015.07\bin\siaengine.exe
SURF
project=C:/Myproject/project1/interfaces/interface1/interface1.edk
gui_version=2015.07rc1
user=010328058
user_preferences_dir=C:/Users/010328058/.siauditor/
simulator=IsSpice4
sim_type=all
schematic_set=set1.sset
return_status_file=ipcFiles/0010328058retstat.eng7
"INSTALLED_SOFTWARE_VERSION=2015.07 Build 6"
"Release=2015.07 Build 6"
taxi=yes
units=english
argumentlist=ipcFiles/0010328058args.eng7
interface=C:/Myproject/project1/interfaces/interface1/interface1.edk
Server=None
 
Log   file C:\Myproject\project1\interfaces\interface1\pre_sims\set1.sset\logs\waveform_analysis.log
Debug file C:\Myproject\project1\interfaces\interface1\pre_sims\set1.sset\logs\waveform_analysis.dbg
 
0 errors analyzing waveforms
12 warnings analyzing waveforms
 
---------------------------------
 
Thu Sep 24 20:26:57 2015, Generated by: 010328058, Server: None, Windows, INSTALLED_SOFTWARE_VERSION: 2015.07 Build 6, Engine: 2015.07rc1, GUI: 2015.07rc1
Copyright (c) 2000 - 2015 Signal Integrity Software, Inc.
FLEXlm license
Engine Version 2015.07rc1 Windows Thu Sep 24 20:26:57 2015
Engine Arguments
C:\SiSoft\2015.07\bin\siaengine.exe
TIMING
project=C:/Myproject/project1/interfaces/interface1/interface1.edk
gui_version=2015.07rc1
user=010328058
user_preferences_dir=C:/Users/010328058/.siauditor/
simulator=IsSpice4
sim_type=all
schematic_set=set1.sset
return_status_file=ipcFiles/0010328058retstat.eng8
"INSTALLED_SOFTWARE_VERSION=2015.07 Build 6"
"Release=2015.07 Build 6"
taxi=yes
units=english
argumentlist=ipcFiles/0010328058args.eng8
interface=C:/Myproject/project1/interfaces/interface1/interface1.edk
Server=None
 
Log   file C:\Myproject\project1\interfaces\interface1\pre_sims\set1.sset\logs\timing_analysis.log
Debug file C:\Myproject\project1\interfaces\interface1\pre_sims\set1.sset\logs\timing_analysis.dbg
 
0 errors generating timing analysis
1 warnings generating timing analysis
 
---------------------------------
 
Thu Sep 24 20:32:56 2015, Generated by: 010328058, Server: None, Windows, INSTALLED_SOFTWARE_VERSION: 2015.07 Build 6, Engine: 2015.07rc1, GUI: 2015.07rc1
Copyright (c) 2000 - 2015 Signal Integrity Software, Inc.
FLEXlm license
Engine Version 2015.07rc1 Windows Thu Sep 24 20:32:56 2015
Engine Arguments
C:\SiSoft\2015.07\bin\siaengine.exe
Validate
project=C:/Myproject/project1/interfaces/interface1/interface1.edk
gui_version=2015.07rc1
user=010328058
user_preferences_dir=C:/Users/010328058/.siauditor/
simulator=IsSpice4
sim_type=all
schematic_set=set1.sset
return_status_file=ipcFiles/0010328058retstat.eng9
"INSTALLED_SOFTWARE_VERSION=2015.07 Build 6"
"Release=2015.07 Build 6"
taxi=yes
units=english
argumentlist=ipcFiles/0010328058args.eng9
interface=C:/Myproject/project1/interfaces/interface1/interface1.edk
Server=None
 
Log   file C:\Myproject\project1\interfaces\interface1\pre_sims\set1.sset\logs\validation.log
Debug file C:\Myproject\project1\interfaces\interface1\pre_sims\set1.sset\logs\validation.dbg
 
     0 total validation errors
 
---------------------------------
 
Thu Sep 24 20:32:59 2015, Generated by: 010328058, Server: None, Windows, INSTALLED_SOFTWARE_VERSION: 2015.07 Build 6, Engine: 2015.07rc1, GUI: 2015.07rc1
Copyright (c) 2000 - 2015 Signal Integrity Software, Inc.
FLEXlm license
Engine Version 2015.07rc1 Windows Thu Sep 24 20:32:59 2015
Engine Arguments
C:\SiSoft\2015.07\bin\siaengine.exe
GENERATE_SPICE
project=C:/Myproject/project1/interfaces/interface1/interface1.edk
gui_version=2015.07rc1
user=010328058
user_preferences_dir=C:/Users/010328058/.siauditor/
simulator=IsSpice4
sim_type=all
schematic_set=set1.sset
return_status_file=ipcFiles/0010328058retstat.eng10
"INSTALLED_SOFTWARE_VERSION=2015.07 Build 6"
"Release=2015.07 Build 6"
taxi=yes
units=english
argumentlist=ipcFiles/0010328058args.eng10
interface=C:/Myproject/project1/interfaces/interface1/interface1.edk
Server=None
 
Log   file C:\Myproject\project1\interfaces\interface1\pre_sims\set1.sset\logs\generate_spice.log
Debug file C:\Myproject\project1\interfaces\interface1\pre_sims\set1.sset\logs\generate_spice.dbg
 
3 simulation decks generated
0 errors generating simulation decks
0 warnings generating simulation decks
 
---------------------------------
 
Thu Sep 24 20:33:08 2015, Generated by: 010328058, Server: None, Windows, INSTALLED_SOFTWARE_VERSION: 2015.07 Build 6, Engine: 2015.07rc1, GUI: 2015.07rc1
Copyright (c) 2000 - 2015 Signal Integrity Software, Inc.
FLEXlm license
Engine Version 2015.07rc1 Windows Thu Sep 24 20:33:08 2015
Engine Arguments
C:\SiSoft\2015.07\bin\siaengine.exe
SURF
project=C:/Myproject/project1/interfaces/interface1/interface1.edk
gui_version=2015.07rc1
user=010328058
user_preferences_dir=C:/Users/010328058/.siauditor/
simulator=IsSpice4
sim_type=all
schematic_set=set1.sset
return_status_file=ipcFiles/0010328058retstat.eng11
"INSTALLED_SOFTWARE_VERSION=2015.07 Build 6"
"Release=2015.07 Build 6"
taxi=yes
units=english
argumentlist=ipcFiles/0010328058args.eng11
interface=C:/Myproject/project1/interfaces/interface1/interface1.edk
Server=None
 
Log   file C:\Myproject\project1\interfaces\interface1\pre_sims\set1.sset\logs\waveform_analysis.log
Debug file C:\Myproject\project1\interfaces\interface1\pre_sims\set1.sset\logs\waveform_analysis.dbg
 
0 errors analyzing waveforms
12 warnings analyzing waveforms
 
---------------------------------
 
Thu Sep 24 20:33:13 2015, Generated by: 010328058, Server: None, Windows, INSTALLED_SOFTWARE_VERSION: 2015.07 Build 6, Engine: 2015.07rc1, GUI: 2015.07rc1
Copyright (c) 2000 - 2015 Signal Integrity Software, Inc.
FLEXlm license
Engine Version 2015.07rc1 Windows Thu Sep 24 20:33:13 2015
Engine Arguments
C:\SiSoft\2015.07\bin\siaengine.exe
TIMING
project=C:/Myproject/project1/interfaces/interface1/interface1.edk
gui_version=2015.07rc1
user=010328058
user_preferences_dir=C:/Users/010328058/.siauditor/
simulator=IsSpice4
sim_type=all
schematic_set=set1.sset
return_status_file=ipcFiles/0010328058retstat.eng12
"INSTALLED_SOFTWARE_VERSION=2015.07 Build 6"
"Release=2015.07 Build 6"
taxi=yes
units=english
argumentlist=ipcFiles/0010328058args.eng12
interface=C:/Myproject/project1/interfaces/interface1/interface1.edk
Server=None
 
Log   file C:\Myproject\project1\interfaces\interface1\pre_sims\set1.sset\logs\timing_analysis.log
Debug file C:\Myproject\project1\interfaces\interface1\pre_sims\set1.sset\logs\timing_analysis.dbg
 
0 errors generating timing analysis
1 warnings generating timing analysis
 
---------------------------------
 
Thu Sep 24 20:36:58 2015, Generated by: 010328058, Server: None, Windows, INSTALLED_SOFTWARE_VERSION: 2015.07 Build 6, Engine: 2015.07rc1, GUI: 2015.07rc1
Copyright (c) 2000 - 2015 Signal Integrity Software, Inc.
FLEXlm license
Engine Version 2015.07rc1 Windows Thu Sep 24 20:36:58 2015
Engine Arguments
C:\SiSoft\2015.07\bin\siaengine.exe
Validate
project=C:/Myproject/project1/interfaces/interface1/interface1.edk
gui_version=2015.07rc1
user=010328058
user_preferences_dir=C:/Users/010328058/.siauditor/
simulator=IsSpice4
sim_type=all
schematic_set=set1.sset
return_status_file=ipcFiles/0010328058retstat.eng13
"INSTALLED_SOFTWARE_VERSION=2015.07 Build 6"
"Release=2015.07 Build 6"
taxi=yes
units=english
argumentlist=ipcFiles/0010328058args.eng13
interface=C:/Myproject/project1/interfaces/interface1/interface1.edk
Server=None
 
Log   file C:\Myproject\project1\interfaces\interface1\pre_sims\set1.sset\logs\validation.log
Debug file C:\Myproject\project1\interfaces\interface1\pre_sims\set1.sset\logs\validation.dbg
 
     0 total validation errors
 
---------------------------------
 
Thu Sep 24 20:37:02 2015, Generated by: 010328058, Server: None, Windows, INSTALLED_SOFTWARE_VERSION: 2015.07 Build 6, Engine: 2015.07rc1, GUI: 2015.07rc1
Copyright (c) 2000 - 2015 Signal Integrity Software, Inc.
FLEXlm license
Engine Version 2015.07rc1 Windows Thu Sep 24 20:37:02 2015
Engine Arguments
C:\SiSoft\2015.07\bin\siaengine.exe
GENERATE_SPICE
project=C:/Myproject/project1/interfaces/interface1/interface1.edk
gui_version=2015.07rc1
user=010328058
user_preferences_dir=C:/Users/010328058/.siauditor/
simulator=IsSpice4
sim_type=all
schematic_set=set1.sset
return_status_file=ipcFiles/0010328058retstat.eng14
"INSTALLED_SOFTWARE_VERSION=2015.07 Build 6"
"Release=2015.07 Build 6"
taxi=yes
units=english
argumentlist=ipcFiles/0010328058args.eng14
interface=C:/Myproject/project1/interfaces/interface1/interface1.edk
Server=None
 
Log   file C:\Myproject\project1\interfaces\interface1\pre_sims\set1.sset\logs\generate_spice.log
Debug file C:\Myproject\project1\interfaces\interface1\pre_sims\set1.sset\logs\generate_spice.dbg
 
3 simulation decks generated
0 errors generating simulation decks
0 warnings generating simulation decks
 
---------------------------------
 
Thu Sep 24 20:37:11 2015, Generated by: 010328058, Server: None, Windows, INSTALLED_SOFTWARE_VERSION: 2015.07 Build 6, Engine: 2015.07rc1, GUI: 2015.07rc1
Copyright (c) 2000 - 2015 Signal Integrity Software, Inc.
FLEXlm license
Engine Version 2015.07rc1 Windows Thu Sep 24 20:37:11 2015
Engine Arguments
C:\SiSoft\2015.07\bin\siaengine.exe
SURF
project=C:/Myproject/project1/interfaces/interface1/interface1.edk
gui_version=2015.07rc1
user=010328058
user_preferences_dir=C:/Users/010328058/.siauditor/
simulator=IsSpice4
sim_type=all
schematic_set=set1.sset
return_status_file=ipcFiles/0010328058retstat.eng15
"INSTALLED_SOFTWARE_VERSION=2015.07 Build 6"
"Release=2015.07 Build 6"
taxi=yes
units=english
argumentlist=ipcFiles/0010328058args.eng15
interface=C:/Myproject/project1/interfaces/interface1/interface1.edk
Server=None
 
Log   file C:\Myproject\project1\interfaces\interface1\pre_sims\set1.sset\logs\waveform_analysis.log
Debug file C:\Myproject\project1\interfaces\interface1\pre_sims\set1.sset\logs\waveform_analysis.dbg
 
0 errors analyzing waveforms
12 warnings analyzing waveforms
 
---------------------------------
 
Thu Sep 24 20:37:16 2015, Generated by: 010328058, Server: None, Windows, INSTALLED_SOFTWARE_VERSION: 2015.07 Build 6, Engine: 2015.07rc1, GUI: 2015.07rc1
Copyright (c) 2000 - 2015 Signal Integrity Software, Inc.
FLEXlm license
Engine Version 2015.07rc1 Windows Thu Sep 24 20:37:16 2015
Engine Arguments
C:\SiSoft\2015.07\bin\siaengine.exe
TIMING
project=C:/Myproject/project1/interfaces/interface1/interface1.edk
gui_version=2015.07rc1
user=010328058
user_preferences_dir=C:/Users/010328058/.siauditor/
simulator=IsSpice4
sim_type=all
schematic_set=set1.sset
return_status_file=ipcFiles/0010328058retstat.eng16
"INSTALLED_SOFTWARE_VERSION=2015.07 Build 6"
"Release=2015.07 Build 6"
taxi=yes
units=english
argumentlist=ipcFiles/0010328058args.eng16
interface=C:/Myproject/project1/interfaces/interface1/interface1.edk
Server=None
 
Log   file C:\Myproject\project1\interfaces\interface1\pre_sims\set1.sset\logs\timing_analysis.log
Debug file C:\Myproject\project1\interfaces\interface1\pre_sims\set1.sset\logs\timing_analysis.dbg
 
0 errors generating timing analysis
1 warnings generating timing analysis
 
---------------------------------
 
Thu Oct 01 18:04:03 2015, Generated by: 010328058, Server: None, Windows, INSTALLED_SOFTWARE_VERSION: 2015.07 Build 6, Engine: 2015.07rc1, GUI: 2015.07rc1
Copyright (c) 2000 - 2015 Signal Integrity Software, Inc.
FLEXlm license
Engine Version 2015.07rc1 Windows Thu Oct 01 18:04:03 2015
Engine Arguments
C:\SiSoft\2015.07\bin\siaengine.exe
crosstalk_models
project_client=C:/Myproject/project1/interfaces/interface1/interface1.edk
gui_version=2015.07rc1
user=010328058
sim_type=Import
user_preferences_dir=C:/Users/010328058/.siauditor/
return_status_file=ipcFiles/1010328058retstat.eng0
"INSTALLED_SOFTWARE_VERSION=2015.07 Build 6"
"Release=2015.07 Build 6"
taxi=yes
units=english
argumentlist=ipcFiles/1010328058args.eng0
interface=C:/Myproject/project1/interfaces/interface1/interface1.edk
Server=None
 
Log   file C:\Myproject\project1\interfaces\interface1\logs\crosstalk_models.log
Debug file C:\Myproject\project1\interfaces\interface1\logs\crosstalk_models.dbg
 
 
---------------------------------
 
Thu Oct 01 19:32:25 2015, Generated by: 010328058, Server: None, Windows, INSTALLED_SOFTWARE_VERSION: 2015.07 Build 6, Engine: 2015.07rc1, GUI: 2015.07rc1
Copyright (c) 2000 - 2015 Signal Integrity Software, Inc.
FLEXlm license
Engine Version 2015.07rc1 Windows Thu Oct 01 19:32:25 2015
Engine Arguments
C:\SiSoft\2015.07\bin\siaengine.exe
crosstalk_models
project_client=C:/Myproject/project1/interfaces/interface1/interface1.edk
gui_version=2015.07rc1
user=010328058
sim_type=Import
user_preferences_dir=C:/Users/010328058/.siauditor/
return_status_file=ipcFiles/1010328058retstat.eng0
"INSTALLED_SOFTWARE_VERSION=2015.07 Build 6"
"Release=2015.07 Build 6"
taxi=yes
units=english
argumentlist=ipcFiles/1010328058args.eng0
interface=C:/Myproject/project1/interfaces/interface1/interface1.edk
Server=None
 
Log   file C:\Myproject\project1\interfaces\interface1\logs\crosstalk_models.log
Debug file C:\Myproject\project1\interfaces\interface1\logs\crosstalk_models.dbg
 
 
---------------------------------
 
Thu Oct 01 19:38:00 2015, Generated by: 010328058, Server: None, Windows, INSTALLED_SOFTWARE_VERSION: 2015.07 Build 6, Engine: 2015.07rc1, GUI: 2015.07rc1
Copyright (c) 2000 - 2015 Signal Integrity Software, Inc.
FLEXlm license
Engine Version 2015.07rc1 Windows Thu Oct 01 19:38:00 2015
Engine Arguments
C:\SiSoft\2015.07\bin\siaengine.exe
crosstalk_models
project_client=C:/Myproject/project1/interfaces/interface1/interface1.edk
gui_version=2015.07rc1
user=010328058
sim_type=Import
user_preferences_dir=C:/Users/010328058/.siauditor/
return_status_file=ipcFiles/1010328058retstat.eng0
"INSTALLED_SOFTWARE_VERSION=2015.07 Build 6"
"Release=2015.07 Build 6"
taxi=yes
units=english
argumentlist=ipcFiles/1010328058args.eng0
interface=C:/Myproject/project1/interfaces/interface1/interface1.edk
Server=None
 
Log   file C:\Myproject\project1\interfaces\interface1\logs\crosstalk_models.log
Debug file C:\Myproject\project1\interfaces\interface1\logs\crosstalk_models.dbg
 
 
---------------------------------
 
Wed Oct 21 17:30:38 2015, Generated by: 010328058, Server: None, Windows, INSTALLED_SOFTWARE_VERSION: 2015.07 Build 6, Engine: 2015.07rc1, GUI: 2015.07rc1
Copyright (c) 2000 - 2015 Signal Integrity Software, Inc.
FLEXlm license
Engine Version 2015.07rc1 Windows Wed Oct 21 17:30:38 2015
Engine Arguments
C:\SiSoft\2015.07\bin\siaengine.exe
crosstalk_models
project_client=C:/Myproject/project1/interfaces/interface1/interface1.edk
gui_version=2015.07rc1
user=010328058
sim_type=Import
user_preferences_dir=C:/Users/010328058/.siauditor/
return_status_file=ipcFiles/1010328058retstat.eng0
"INSTALLED_SOFTWARE_VERSION=2015.07 Build 6"
"Release=2015.07 Build 6"
taxi=yes
units=english
argumentlist=ipcFiles/1010328058args.eng0
interface=C:/Myproject/project1/interfaces/interface1/interface1.edk
Server=None
 
Log   file C:\Myproject\project1\interfaces\interface1\logs\crosstalk_models.log
Debug file C:\Myproject\project1\interfaces\interface1\logs\crosstalk_models.dbg
 
 
---------------------------------
 
Thu Oct 22 20:31:59 2015, Generated by: 010328058, Server: None, Windows, INSTALLED_SOFTWARE_VERSION: 2015.07 Build 6, Engine: 2015.07rc1, GUI: 2015.07rc1
Copyright (c) 2000 - 2015 Signal Integrity Software, Inc.
FLEXlm license
Engine Version 2015.07rc1 Windows Thu Oct 22 20:31:59 2015
Engine Arguments
C:\SiSoft\2015.07\bin\siaengine.exe
crosstalk_models
project_client=C:/Myproject/project1/interfaces/interface1/interface1.edk
gui_version=2015.07rc1
user=010328058
sim_type=Import
user_preferences_dir=C:/Users/010328058/.siauditor/
return_status_file=ipcFiles/0010328058retstat.eng0
"INSTALLED_SOFTWARE_VERSION=2015.07 Build 6"
"Release=2015.07 Build 6"
taxi=yes
units=english
argumentlist=ipcFiles/0010328058args.eng0
interface=C:/Myproject/project1/interfaces/interface1/interface1.edk
Server=None
 
Log   file C:\Myproject\project1\interfaces\interface1\logs\crosstalk_models.log
Debug file C:\Myproject\project1\interfaces\interface1\logs\crosstalk_models.dbg
 
