Thu Nov 05 20:24:46 2015, Generated by: 010328058, Server: None, Windows, INSTALLED_SOFTWARE_VERSION: 2015.07 Build 6, Engine: 2015.07rc1, GUI: 2015.07rc1
Copyright (c) 2000 - 2015 Signal Integrity Software, Inc.
FLEXlm license
 
Interface File C:\Myproject\SDRAM\interfaces\SDRAM1\SDRAM1.edk
Log File     generate_spice.log
 
Schematic Set: set1
Transfer Net                 States
ADR                          default
CS                           default
DQ                           default
DQM                          default
WE                           default
 
Generate simulation decks for Transfer Net ADR
Generate simulation decks for Transfer Net CS
Generate simulation decks for Transfer Net DQ
Generate simulation decks for Transfer Net DQM
Generate simulation decks for Transfer Net WE
 
	
 
50 simulation decks generated using stimulus.txt from transfer net
 
50 simulation decks generated
10 standard load simulation decks generated
0 errors generating simulation decks
0 warnings generating simulation decks
	
Job Concluded: Thu Nov 05 20:24:50 2015
Elapsed Time: 4 seconds
