Thu Nov 05 20:25:42 2015, Generated by: 010328058, Server: None, Windows, INSTALLED_SOFTWARE_VERSION: 2015.07 Build 6, Engine: 2015.07rc1, GUI: 2015.07rc1
Copyright (c) 2000 - 2015 Signal Integrity Software, Inc.
FLEXlm license
 
Interface File C:\Myproject\SDRAM\interfaces\SDRAM1\SDRAM1.edk
Log File     waveform_analysis.log
 
Schematic Set: set1
Transfer Net                 States
ADR                          default
CS                           default
DQ                           default
DQM                          default
WE                           default
 
 
Waveform analysis for Transfer Net ADR
 
0 fatal waveform errors
0 waveform quality warnings
0 waveform overshoot warnings
 
Waveform analysis for Transfer Net CS
 
0 fatal waveform errors
0 waveform quality warnings
0 waveform overshoot warnings
 
Waveform analysis for Transfer Net DQ
 
0 fatal waveform errors
0 waveform quality warnings
0 waveform overshoot warnings
 
Waveform analysis for Transfer Net DQM
 
0 fatal waveform errors
0 waveform quality warnings
0 waveform overshoot warnings
 
Waveform analysis for Transfer Net WE
 
0 fatal waveform errors
0 waveform quality warnings
0 waveform overshoot warnings
 
 
Waveform Analysis Summary
 
	
0 total fatal waveform errors
0 total waveform quality warnings
0 total waveform overshoot warnings
 
0 errors analyzing waveforms
0 warnings analyzing waveforms
	
Job Concluded: Thu Nov 05 20:25:53 2015
Elapsed Time: 11 seconds
