 
---------------------------------
 
Thu Sep 24 19:28:44 2015, Generated by: 010328058, Server: None, Windows, INSTALLED_SOFTWARE_VERSION: 2015.07 Build 6, Engine: 2015.07rc1, GUI: 2015.07rc1
Copyright (c) 2000 - 2015 Signal Integrity Software, Inc.
FLEXlm license
Engine Version 2015.07rc1 Windows Thu Sep 24 19:28:44 2015
Engine Arguments
C:\SiSoft\2015.07\bin\siaengine.exe
crosstalk_models
project_client=C:/Myproject/project2/interfaces/interface1/interface1.edk
gui_version=2015.07rc1
user=010328058
sim_type=Import
user_preferences_dir=C:/Users/010328058/.siauditor/
return_status_file=ipcFiles/0010328058retstat.eng0
"INSTALLED_SOFTWARE_VERSION=2015.07 Build 6"
"Release=2015.07 Build 6"
taxi=yes
units=english
argumentlist=ipcFiles/0010328058args.eng0
interface=C:/Myproject/project2/interfaces/interface1/interface1.edk
Server=None
 
Log   file C:\Myproject\project2\interfaces\interface1\logs\crosstalk_models.log
Debug file C:\Myproject\project2\interfaces\interface1\logs\crosstalk_models.dbg
 
 
---------------------------------
 
Thu Sep 24 19:43:16 2015, Generated by: 010328058, Server: None, Windows, INSTALLED_SOFTWARE_VERSION: 2015.07 Build 6, Engine: 2015.07rc1, GUI: 2015.07rc1
Copyright (c) 2000 - 2015 Signal Integrity Software, Inc.
FLEXlm license
Engine Version 2015.07rc1 Windows Thu Sep 24 19:43:16 2015
Engine Arguments
C:\SiSoft\2015.07\bin\siaengine.exe
crosstalk_models
project_client=C:/Myproject/project2/interfaces/interface1/interface1.edk
gui_version=2015.07rc1
user=010328058
sim_type=Import
user_preferences_dir=C:/Users/010328058/.siauditor/
return_status_file=ipcFiles/0010328058retstat.eng0
"INSTALLED_SOFTWARE_VERSION=2015.07 Build 6"
"Release=2015.07 Build 6"
taxi=yes
units=english
argumentlist=ipcFiles/0010328058args.eng0
interface=C:/Myproject/project2/interfaces/interface1/interface1.edk
Server=None
 
Log   file C:\Myproject\project2\interfaces\interface1\logs\crosstalk_models.log
Debug file C:\Myproject\project2\interfaces\interface1\logs\crosstalk_models.dbg
 
 
---------------------------------
 
Thu Sep 24 19:52:34 2015, Generated by: 010328058, Server: None, Windows, INSTALLED_SOFTWARE_VERSION: 2015.07 Build 6, Engine: 2015.07rc1, GUI: 2015.07rc1
Copyright (c) 2000 - 2015 Signal Integrity Software, Inc.
FLEXlm license
Engine Version 2015.07rc1 Windows Thu Sep 24 19:52:34 2015
Engine Arguments
C:\SiSoft\2015.07\bin\siaengine.exe
crosstalk_models
project_client=C:/Myproject/project2/interfaces/interface1/interface1.edk
gui_version=2015.07rc1
user=010328058
sim_type=Import
user_preferences_dir=C:/Users/010328058/.siauditor/
return_status_file=ipcFiles/0010328058retstat.eng0
"INSTALLED_SOFTWARE_VERSION=2015.07 Build 6"
"Release=2015.07 Build 6"
taxi=yes
units=english
argumentlist=ipcFiles/0010328058args.eng0
interface=C:/Myproject/project2/interfaces/interface1/interface1.edk
Server=None
 
Log   file C:\Myproject\project2\interfaces\interface1\logs\crosstalk_models.log
Debug file C:\Myproject\project2\interfaces\interface1\logs\crosstalk_models.dbg
 
 
---------------------------------
 
Thu Sep 24 19:53:07 2015, Generated by: 010328058, Server: None, Windows, INSTALLED_SOFTWARE_VERSION: 2015.07 Build 6, Engine: 2015.07rc1, GUI: 2015.07rc1
Copyright (c) 2000 - 2015 Signal Integrity Software, Inc.
FLEXlm license
Engine Version 2015.07rc1 Windows Thu Sep 24 19:53:07 2015
Engine Arguments
C:\SiSoft\2015.07\bin\siaengine.exe
Validate
project_client=C:/Myproject/project2/interfaces/interface1/interface1.edk
gui_version=2015.07rc1
user=010328058
user_preferences_dir=C:/Users/010328058/.siauditor/
schematic_set=set1.sset
return_status_file=ipcFiles/0010328058retstat.eng1
"INSTALLED_SOFTWARE_VERSION=2015.07 Build 6"
"Release=2015.07 Build 6"
taxi=yes
units=english
argumentlist=ipcFiles/0010328058args.eng1
interface=C:/Myproject/project2/interfaces/interface1/interface1.edk
Server=None
 
Log   file C:\Myproject\project2\interfaces\interface1\pre_sims\set1.sset\logs\validation.log
Debug file C:\Myproject\project2\interfaces\interface1\pre_sims\set1.sset\logs\validation.dbg
 
     0 total validation errors
 
---------------------------------
 
Thu Sep 24 19:58:38 2015, Generated by: 010328058, Server: None, Windows, INSTALLED_SOFTWARE_VERSION: 2015.07 Build 6, Engine: 2015.07rc1, GUI: 2015.07rc1
Copyright (c) 2000 - 2015 Signal Integrity Software, Inc.
FLEXlm license
Engine Version 2015.07rc1 Windows Thu Sep 24 19:58:38 2015
Engine Arguments
C:\SiSoft\2015.07\bin\siaengine.exe
crosstalk_models
project_client=C:/Myproject/project2/interfaces/interface1/interface1.edk
gui_version=2015.07rc1
user=010328058
sim_type=Import
user_preferences_dir=C:/Users/010328058/.siauditor/
return_status_file=ipcFiles/0010328058retstat.eng0
"INSTALLED_SOFTWARE_VERSION=2015.07 Build 6"
"Release=2015.07 Build 6"
taxi=yes
units=english
argumentlist=ipcFiles/0010328058args.eng0
interface=C:/Myproject/project2/interfaces/interface1/interface1.edk
Server=None
 
Log   file C:\Myproject\project2\interfaces\interface1\logs\crosstalk_models.log
Debug file C:\Myproject\project2\interfaces\interface1\logs\crosstalk_models.dbg
 
 
---------------------------------
 
Thu Sep 24 20:10:20 2015, Generated by: 010328058, Server: None, Windows, INSTALLED_SOFTWARE_VERSION: 2015.07 Build 6, Engine: 2015.07rc1, GUI: 2015.07rc1
Copyright (c) 2000 - 2015 Signal Integrity Software, Inc.
FLEXlm license
Engine Version 2015.07rc1 Windows Thu Sep 24 20:10:20 2015
Engine Arguments
C:\SiSoft\2015.07\bin\siaengine.exe
crosstalk_models
project_client=C:/Myproject/project2/interfaces/interface1/interface1.edk
gui_version=2015.07rc1
user=010328058
sim_type=Import
user_preferences_dir=C:/Users/010328058/.siauditor/
return_status_file=ipcFiles/0010328058retstat.eng0
"INSTALLED_SOFTWARE_VERSION=2015.07 Build 6"
"Release=2015.07 Build 6"
taxi=yes
units=english
argumentlist=ipcFiles/0010328058args.eng0
interface=C:/Myproject/project2/interfaces/interface1/interface1.edk
Server=None
 
Log   file C:\Myproject\project2\interfaces\interface1\logs\crosstalk_models.log
Debug file C:\Myproject\project2\interfaces\interface1\logs\crosstalk_models.dbg
 
 
---------------------------------
 
Thu Sep 24 20:11:42 2015, Generated by: 010328058, Server: None, Windows, INSTALLED_SOFTWARE_VERSION: 2015.07 Build 6, Engine: 2015.07rc1, GUI: 2015.07rc1
Copyright (c) 2000 - 2015 Signal Integrity Software, Inc.
FLEXlm license
Engine Version 2015.07rc1 Windows Thu Sep 24 20:11:43 2015
Engine Arguments
C:\SiSoft\2015.07\bin\siaengine.exe
Validate
project_client=C:/Myproject/project2/interfaces/interface1/interface1.edk
gui_version=2015.07rc1
user=010328058
user_preferences_dir=C:/Users/010328058/.siauditor/
return_status_file=ipcFiles/0010328058retstat.eng1
"INSTALLED_SOFTWARE_VERSION=2015.07 Build 6"
"Release=2015.07 Build 6"
taxi=yes
units=english
argumentlist=ipcFiles/0010328058args.eng1
interface=C:/Myproject/project2/interfaces/interface1/interface1.edk
Server=None
 
Log   file C:\Myproject\project2\interfaces\interface1\logs\validation.log
Debug file C:\Myproject\project2\interfaces\interface1\logs\validation.dbg
 
     0 total validation errors
 
---------------------------------
 
Thu Sep 24 20:11:56 2015, Generated by: 010328058, Server: None, Windows, INSTALLED_SOFTWARE_VERSION: 2015.07 Build 6, Engine: 2015.07rc1, GUI: 2015.07rc1
Copyright (c) 2000 - 2015 Signal Integrity Software, Inc.
FLEXlm license
Engine Version 2015.07rc1 Windows Thu Sep 24 20:11:56 2015
Engine Arguments
C:\SiSoft\2015.07\bin\siaengine.exe
Validate
project=C:/Myproject/project2/interfaces/interface1/interface1.edk
gui_version=2015.07rc1
user=010328058
user_preferences_dir=C:/Users/010328058/.siauditor/
simulator=IsSpice4
sim_type=all
schematic_set=set1.sset
return_status_file=ipcFiles/0010328058retstat.eng2
"INSTALLED_SOFTWARE_VERSION=2015.07 Build 6"
"Release=2015.07 Build 6"
taxi=yes
units=english
argumentlist=ipcFiles/0010328058args.eng2
interface=C:/Myproject/project2/interfaces/interface1/interface1.edk
Server=None
 
Log   file C:\Myproject\project2\interfaces\interface1\pre_sims\set1.sset\logs\validation.log
Debug file C:\Myproject\project2\interfaces\interface1\pre_sims\set1.sset\logs\validation.dbg
 
     0 total validation errors
 
---------------------------------
 
Thu Sep 24 20:12:00 2015, Generated by: 010328058, Server: None, Windows, INSTALLED_SOFTWARE_VERSION: 2015.07 Build 6, Engine: 2015.07rc1, GUI: 2015.07rc1
Copyright (c) 2000 - 2015 Signal Integrity Software, Inc.
FLEXlm license
Engine Version 2015.07rc1 Windows Thu Sep 24 20:12:00 2015
Engine Arguments
C:\SiSoft\2015.07\bin\siaengine.exe
GENERATE_SPICE
project=C:/Myproject/project2/interfaces/interface1/interface1.edk
gui_version=2015.07rc1
user=010328058
user_preferences_dir=C:/Users/010328058/.siauditor/
simulator=IsSpice4
sim_type=all
schematic_set=set1.sset
return_status_file=ipcFiles/0010328058retstat.eng3
"INSTALLED_SOFTWARE_VERSION=2015.07 Build 6"
"Release=2015.07 Build 6"
taxi=yes
units=english
argumentlist=ipcFiles/0010328058args.eng3
interface=C:/Myproject/project2/interfaces/interface1/interface1.edk
Server=None
 
Log   file C:\Myproject\project2\interfaces\interface1\pre_sims\set1.sset\logs\generate_spice.log
Debug file C:\Myproject\project2\interfaces\interface1\pre_sims\set1.sset\logs\generate_spice.dbg
 
1 simulation decks generated
0 errors generating simulation decks
0 warnings generating simulation decks
 
---------------------------------
 
Thu Sep 24 20:12:15 2015, Generated by: 010328058, Server: None, Windows, INSTALLED_SOFTWARE_VERSION: 2015.07 Build 6, Engine: 2015.07rc1, GUI: 2015.07rc1
Copyright (c) 2000 - 2015 Signal Integrity Software, Inc.
FLEXlm license
Engine Version 2015.07rc1 Windows Thu Sep 24 20:12:15 2015
Engine Arguments
C:\SiSoft\2015.07\bin\siaengine.exe
SURF
project=C:/Myproject/project2/interfaces/interface1/interface1.edk
gui_version=2015.07rc1
user=010328058
user_preferences_dir=C:/Users/010328058/.siauditor/
simulator=IsSpice4
sim_type=all
schematic_set=set1.sset
return_status_file=ipcFiles/0010328058retstat.eng4
"INSTALLED_SOFTWARE_VERSION=2015.07 Build 6"
"Release=2015.07 Build 6"
taxi=yes
units=english
argumentlist=ipcFiles/0010328058args.eng4
interface=C:/Myproject/project2/interfaces/interface1/interface1.edk
Server=None
 
Log   file C:\Myproject\project2\interfaces\interface1\pre_sims\set1.sset\logs\waveform_analysis.log
Debug file C:\Myproject\project2\interfaces\interface1\pre_sims\set1.sset\logs\waveform_analysis.dbg
 
0 errors analyzing waveforms
0 warnings analyzing waveforms
 
---------------------------------
 
Thu Sep 24 20:12:20 2015, Generated by: 010328058, Server: None, Windows, INSTALLED_SOFTWARE_VERSION: 2015.07 Build 6, Engine: 2015.07rc1, GUI: 2015.07rc1
Copyright (c) 2000 - 2015 Signal Integrity Software, Inc.
FLEXlm license
Engine Version 2015.07rc1 Windows Thu Sep 24 20:12:20 2015
Engine Arguments
C:\SiSoft\2015.07\bin\siaengine.exe
TIMING
project=C:/Myproject/project2/interfaces/interface1/interface1.edk
gui_version=2015.07rc1
user=010328058
user_preferences_dir=C:/Users/010328058/.siauditor/
simulator=IsSpice4
sim_type=all
schematic_set=set1.sset
return_status_file=ipcFiles/0010328058retstat.eng5
"INSTALLED_SOFTWARE_VERSION=2015.07 Build 6"
"Release=2015.07 Build 6"
taxi=yes
units=english
argumentlist=ipcFiles/0010328058args.eng5
interface=C:/Myproject/project2/interfaces/interface1/interface1.edk
Server=None
 
Log   file C:\Myproject\project2\interfaces\interface1\pre_sims\set1.sset\logs\timing_analysis.log
Debug file C:\Myproject\project2\interfaces\interface1\pre_sims\set1.sset\logs\timing_analysis.dbg
 
0 errors generating timing analysis
0 warnings generating timing analysis
 
---------------------------------
 
Thu Sep 24 20:12:59 2015, Generated by: 010328058, Server: None, Windows, INSTALLED_SOFTWARE_VERSION: 2015.07 Build 6, Engine: 2015.07rc1, GUI: 2015.07rc1
Copyright (c) 2000 - 2015 Signal Integrity Software, Inc.
FLEXlm license
Engine Version 2015.07rc1 Windows Thu Sep 24 20:12:59 2015
Engine Arguments
C:\SiSoft\2015.07\bin\siaengine.exe
Validate
project=C:/Myproject/project2/interfaces/interface1/interface1.edk
gui_version=2015.07rc1
user=010328058
user_preferences_dir=C:/Users/010328058/.siauditor/
simulator=IsSpice4
sim_type=all
schematic_set=set1.sset
return_status_file=ipcFiles/0010328058retstat.eng6
"INSTALLED_SOFTWARE_VERSION=2015.07 Build 6"
"Release=2015.07 Build 6"
taxi=yes
units=english
argumentlist=ipcFiles/0010328058args.eng6
interface=C:/Myproject/project2/interfaces/interface1/interface1.edk
Server=None
 
Log   file C:\Myproject\project2\interfaces\interface1\pre_sims\set1.sset\logs\validation.log
Debug file C:\Myproject\project2\interfaces\interface1\pre_sims\set1.sset\logs\validation.dbg
 
     0 total validation errors
 
---------------------------------
 
Thu Sep 24 20:21:33 2015, Generated by: 010328058, Server: None, Windows, INSTALLED_SOFTWARE_VERSION: 2015.07 Build 6, Engine: 2015.07rc1, GUI: 2015.07rc1
Copyright (c) 2000 - 2015 Signal Integrity Software, Inc.
FLEXlm license
Engine Version 2015.07rc1 Windows Thu Sep 24 20:21:33 2015
Engine Arguments
C:\SiSoft\2015.07\bin\siaengine.exe
crosstalk_models
project_client=C:/Myproject/project2/interfaces/interface1/interface1.edk
gui_version=2015.07rc1
user=010328058
sim_type=Import
user_preferences_dir=C:/Users/010328058/.siauditor/
return_status_file=ipcFiles/0010328058retstat.eng0
"INSTALLED_SOFTWARE_VERSION=2015.07 Build 6"
"Release=2015.07 Build 6"
taxi=yes
units=english
argumentlist=ipcFiles/0010328058args.eng0
interface=C:/Myproject/project2/interfaces/interface1/interface1.edk
Server=None
 
Log   file C:\Myproject\project2\interfaces\interface1\logs\crosstalk_models.log
Debug file C:\Myproject\project2\interfaces\interface1\logs\crosstalk_models.dbg
 
 
---------------------------------
 
Thu Sep 24 20:22:33 2015, Generated by: 010328058, Server: None, Windows, INSTALLED_SOFTWARE_VERSION: 2015.07 Build 6, Engine: 2015.07rc1, GUI: 2015.07rc1
Copyright (c) 2000 - 2015 Signal Integrity Software, Inc.
FLEXlm license
Engine Version 2015.07rc1 Windows Thu Sep 24 20:22:34 2015
Engine Arguments
C:\SiSoft\2015.07\bin\siaengine.exe
Validate
project=C:/Myproject/project2/interfaces/interface1/interface1.edk
gui_version=2015.07rc1
user=010328058
user_preferences_dir=C:/Users/010328058/.siauditor/
simulator=IsSpice4
sim_type=all
schematic_set=set1.sset
return_status_file=ipcFiles/0010328058retstat.eng1
"INSTALLED_SOFTWARE_VERSION=2015.07 Build 6"
"Release=2015.07 Build 6"
taxi=yes
units=english
argumentlist=ipcFiles/0010328058args.eng1
interface=C:/Myproject/project2/interfaces/interface1/interface1.edk
Server=None
 
Log   file C:\Myproject\project2\interfaces\interface1\pre_sims\set1.sset\logs\validation.log
Debug file C:\Myproject\project2\interfaces\interface1\pre_sims\set1.sset\logs\validation.dbg
 
     0 total validation errors
 
---------------------------------
 
Thu Sep 24 20:22:37 2015, Generated by: 010328058, Server: None, Windows, INSTALLED_SOFTWARE_VERSION: 2015.07 Build 6, Engine: 2015.07rc1, GUI: 2015.07rc1
Copyright (c) 2000 - 2015 Signal Integrity Software, Inc.
FLEXlm license
Engine Version 2015.07rc1 Windows Thu Sep 24 20:22:37 2015
Engine Arguments
C:\SiSoft\2015.07\bin\siaengine.exe
GENERATE_SPICE
project=C:/Myproject/project2/interfaces/interface1/interface1.edk
gui_version=2015.07rc1
user=010328058
user_preferences_dir=C:/Users/010328058/.siauditor/
simulator=IsSpice4
sim_type=all
schematic_set=set1.sset
return_status_file=ipcFiles/0010328058retstat.eng2
"INSTALLED_SOFTWARE_VERSION=2015.07 Build 6"
"Release=2015.07 Build 6"
taxi=yes
units=english
argumentlist=ipcFiles/0010328058args.eng2
interface=C:/Myproject/project2/interfaces/interface1/interface1.edk
Server=None
 
Log   file C:\Myproject\project2\interfaces\interface1\pre_sims\set1.sset\logs\generate_spice.log
Debug file C:\Myproject\project2\interfaces\interface1\pre_sims\set1.sset\logs\generate_spice.dbg
 
1 simulation decks generated
0 errors generating simulation decks
0 warnings generating simulation decks
 
---------------------------------
 
Thu Sep 24 20:22:46 2015, Generated by: 010328058, Server: None, Windows, INSTALLED_SOFTWARE_VERSION: 2015.07 Build 6, Engine: 2015.07rc1, GUI: 2015.07rc1
Copyright (c) 2000 - 2015 Signal Integrity Software, Inc.
FLEXlm license
Engine Version 2015.07rc1 Windows Thu Sep 24 20:22:46 2015
Engine Arguments
C:\SiSoft\2015.07\bin\siaengine.exe
SURF
project=C:/Myproject/project2/interfaces/interface1/interface1.edk
gui_version=2015.07rc1
user=010328058
user_preferences_dir=C:/Users/010328058/.siauditor/
simulator=IsSpice4
sim_type=all
schematic_set=set1.sset
return_status_file=ipcFiles/0010328058retstat.eng3
"INSTALLED_SOFTWARE_VERSION=2015.07 Build 6"
"Release=2015.07 Build 6"
taxi=yes
units=english
argumentlist=ipcFiles/0010328058args.eng3
interface=C:/Myproject/project2/interfaces/interface1/interface1.edk
Server=None
 
Log   file C:\Myproject\project2\interfaces\interface1\pre_sims\set1.sset\logs\waveform_analysis.log
Debug file C:\Myproject\project2\interfaces\interface1\pre_sims\set1.sset\logs\waveform_analysis.dbg
 
0 errors analyzing waveforms
0 warnings analyzing waveforms
 
---------------------------------
 
Thu Sep 24 20:22:50 2015, Generated by: 010328058, Server: None, Windows, INSTALLED_SOFTWARE_VERSION: 2015.07 Build 6, Engine: 2015.07rc1, GUI: 2015.07rc1
Copyright (c) 2000 - 2015 Signal Integrity Software, Inc.
FLEXlm license
Engine Version 2015.07rc1 Windows Thu Sep 24 20:22:50 2015
Engine Arguments
C:\SiSoft\2015.07\bin\siaengine.exe
TIMING
project=C:/Myproject/project2/interfaces/interface1/interface1.edk
gui_version=2015.07rc1
user=010328058
user_preferences_dir=C:/Users/010328058/.siauditor/
simulator=IsSpice4
sim_type=all
schematic_set=set1.sset
return_status_file=ipcFiles/0010328058retstat.eng4
"INSTALLED_SOFTWARE_VERSION=2015.07 Build 6"
"Release=2015.07 Build 6"
taxi=yes
units=english
argumentlist=ipcFiles/0010328058args.eng4
interface=C:/Myproject/project2/interfaces/interface1/interface1.edk
Server=None
 
Log   file C:\Myproject\project2\interfaces\interface1\pre_sims\set1.sset\logs\timing_analysis.log
Debug file C:\Myproject\project2\interfaces\interface1\pre_sims\set1.sset\logs\timing_analysis.dbg
 
0 errors generating timing analysis
0 warnings generating timing analysis
 
---------------------------------
 
Thu Oct 01 19:32:46 2015, Generated by: 010328058, Server: None, Windows, INSTALLED_SOFTWARE_VERSION: 2015.07 Build 6, Engine: 2015.07rc1, GUI: 2015.07rc1
Copyright (c) 2000 - 2015 Signal Integrity Software, Inc.
FLEXlm license
Engine Version 2015.07rc1 Windows Thu Oct 01 19:32:46 2015
Engine Arguments
C:\SiSoft\2015.07\bin\siaengine.exe
crosstalk_models
project_client=C:/Myproject/project2/interfaces/interface1/interface1.edk
gui_version=2015.07rc1
user=010328058
sim_type=Import
user_preferences_dir=C:/Users/010328058/.siauditor/
return_status_file=ipcFiles/0010328058retstat.eng0
"INSTALLED_SOFTWARE_VERSION=2015.07 Build 6"
"Release=2015.07 Build 6"
taxi=yes
units=english
argumentlist=ipcFiles/0010328058args.eng0
interface=C:/Myproject/project2/interfaces/interface1/interface1.edk
Server=None
 
Log   file C:\Myproject\project2\interfaces\interface1\logs\crosstalk_models.log
Debug file C:\Myproject\project2\interfaces\interface1\logs\crosstalk_models.dbg
 
 
---------------------------------
 
Thu Oct 15 18:37:58 2015, Generated by: 010328058, Server: None, Windows, INSTALLED_SOFTWARE_VERSION: 2015.07 Build 6, Engine: 2015.07rc1, GUI: 2015.07rc1
Copyright (c) 2000 - 2015 Signal Integrity Software, Inc.
FLEXlm license
Engine Version 2015.07rc1 Windows Thu Oct 15 18:37:58 2015
Engine Arguments
C:\SiSoft\2015.07\bin\siaengine.exe
crosstalk_models
project_client=C:/Myproject/project2/interfaces/interface1/interface1.edk
gui_version=2015.07rc1
user=010328058
sim_type=Import
user_preferences_dir=C:/Users/010328058/.siauditor/
return_status_file=ipcFiles/0010328058retstat.eng0
"INSTALLED_SOFTWARE_VERSION=2015.07 Build 6"
"Release=2015.07 Build 6"
taxi=yes
units=english
argumentlist=ipcFiles/0010328058args.eng0
interface=C:/Myproject/project2/interfaces/interface1/interface1.edk
Server=None
 
Log   file C:\Myproject\project2\interfaces\interface1\logs\crosstalk_models.log
Debug file C:\Myproject\project2\interfaces\interface1\logs\crosstalk_models.dbg
 
 
---------------------------------
 
Wed Oct 21 17:05:37 2015, Generated by: 010328058, Server: None, Windows, INSTALLED_SOFTWARE_VERSION: 2015.07 Build 6, Engine: 2015.07rc1, GUI: 2015.07rc1
Copyright (c) 2000 - 2015 Signal Integrity Software, Inc.
FLEXlm license
Engine Version 2015.07rc1 Windows Wed Oct 21 17:05:37 2015
Engine Arguments
C:\SiSoft\2015.07\bin\siaengine.exe
crosstalk_models
project_client=C:/Myproject/project2/interfaces/interface1/interface1.edk
gui_version=2015.07rc1
user=010328058
sim_type=Import
user_preferences_dir=C:/Users/010328058/.siauditor/
return_status_file=ipcFiles/1010328058retstat.eng0
"INSTALLED_SOFTWARE_VERSION=2015.07 Build 6"
"Release=2015.07 Build 6"
taxi=yes
units=english
argumentlist=ipcFiles/1010328058args.eng0
interface=C:/Myproject/project2/interfaces/interface1/interface1.edk
Server=None
 
Log   file C:\Myproject\project2\interfaces\interface1\logs\crosstalk_models.log
Debug file C:\Myproject\project2\interfaces\interface1\logs\crosstalk_models.dbg
 
 
---------------------------------
 
Wed Oct 21 17:36:18 2015, Generated by: 010328058, Server: None, Windows, INSTALLED_SOFTWARE_VERSION: 2015.07 Build 6, Engine: 2015.07rc1, GUI: 2015.07rc1
Copyright (c) 2000 - 2015 Signal Integrity Software, Inc.
FLEXlm license
Engine Version 2015.07rc1 Windows Wed Oct 21 17:36:18 2015
Engine Arguments
C:\SiSoft\2015.07\bin\siaengine.exe
crosstalk_models
project_client=C:/Myproject/project2/interfaces/interface1/interface1.edk
gui_version=2015.07rc1
user=010328058
sim_type=Import
user_preferences_dir=C:/Users/010328058/.siauditor/
return_status_file=ipcFiles/1010328058retstat.eng0
"INSTALLED_SOFTWARE_VERSION=2015.07 Build 6"
"Release=2015.07 Build 6"
taxi=yes
units=english
argumentlist=ipcFiles/1010328058args.eng0
interface=C:/Myproject/project2/interfaces/interface1/interface1.edk
Server=None
 
Log   file C:\Myproject\project2\interfaces\interface1\logs\crosstalk_models.log
Debug file C:\Myproject\project2\interfaces\interface1\logs\crosstalk_models.dbg
 
 
---------------------------------
 
Wed Oct 21 17:37:02 2015, Generated by: 010328058, Server: None, Windows, INSTALLED_SOFTWARE_VERSION: 2015.07 Build 6, Engine: 2015.07rc1, GUI: 2015.07rc1
Copyright (c) 2000 - 2015 Signal Integrity Software, Inc.
FLEXlm license
Engine Version 2015.07rc1 Windows Wed Oct 21 17:37:03 2015
Engine Arguments
C:\SiSoft\2015.07\bin\siaengine.exe
Validate
project=C:/Myproject/project2/interfaces/interface1/interface1.edk
gui_version=2015.07rc1
user=010328058
user_preferences_dir=C:/Users/010328058/.siauditor/
simulator=IsSpice4
sim_type=all
schematic_set=set1.sset
return_status_file=ipcFiles/1010328058retstat.eng1
"INSTALLED_SOFTWARE_VERSION=2015.07 Build 6"
"Release=2015.07 Build 6"
taxi=yes
units=english
argumentlist=ipcFiles/1010328058args.eng1
interface=C:/Myproject/project2/interfaces/interface1/interface1.edk
Server=None
 
Log   file C:\Myproject\project2\interfaces\interface1\pre_sims\set1.sset\logs\validation.log
Debug file C:\Myproject\project2\interfaces\interface1\pre_sims\set1.sset\logs\validation.dbg
 
     0 total validation errors
 
---------------------------------
 
Wed Oct 21 17:37:07 2015, Generated by: 010328058, Server: None, Windows, INSTALLED_SOFTWARE_VERSION: 2015.07 Build 6, Engine: 2015.07rc1, GUI: 2015.07rc1
Copyright (c) 2000 - 2015 Signal Integrity Software, Inc.
FLEXlm license
Engine Version 2015.07rc1 Windows Wed Oct 21 17:37:07 2015
Engine Arguments
C:\SiSoft\2015.07\bin\siaengine.exe
GENERATE_SPICE
project=C:/Myproject/project2/interfaces/interface1/interface1.edk
gui_version=2015.07rc1
user=010328058
user_preferences_dir=C:/Users/010328058/.siauditor/
simulator=IsSpice4
sim_type=all
schematic_set=set1.sset
return_status_file=ipcFiles/1010328058retstat.eng2
"INSTALLED_SOFTWARE_VERSION=2015.07 Build 6"
"Release=2015.07 Build 6"
taxi=yes
units=english
argumentlist=ipcFiles/1010328058args.eng2
interface=C:/Myproject/project2/interfaces/interface1/interface1.edk
Server=None
 
Log   file C:\Myproject\project2\interfaces\interface1\pre_sims\set1.sset\logs\generate_spice.log
Debug file C:\Myproject\project2\interfaces\interface1\pre_sims\set1.sset\logs\generate_spice.dbg
 
1 simulation decks generated
0 errors generating simulation decks
0 warnings generating simulation decks
 
---------------------------------
 
Wed Oct 21 17:37:16 2015, Generated by: 010328058, Server: None, Windows, INSTALLED_SOFTWARE_VERSION: 2015.07 Build 6, Engine: 2015.07rc1, GUI: 2015.07rc1
Copyright (c) 2000 - 2015 Signal Integrity Software, Inc.
FLEXlm license
Engine Version 2015.07rc1 Windows Wed Oct 21 17:37:17 2015
Engine Arguments
C:\SiSoft\2015.07\bin\siaengine.exe
SURF
project=C:/Myproject/project2/interfaces/interface1/interface1.edk
gui_version=2015.07rc1
user=010328058
user_preferences_dir=C:/Users/010328058/.siauditor/
simulator=IsSpice4
sim_type=all
schematic_set=set1.sset
return_status_file=ipcFiles/1010328058retstat.eng3
"INSTALLED_SOFTWARE_VERSION=2015.07 Build 6"
"Release=2015.07 Build 6"
taxi=yes
units=english
argumentlist=ipcFiles/1010328058args.eng3
interface=C:/Myproject/project2/interfaces/interface1/interface1.edk
Server=None
 
Log   file C:\Myproject\project2\interfaces\interface1\pre_sims\set1.sset\logs\waveform_analysis.log
Debug file C:\Myproject\project2\interfaces\interface1\pre_sims\set1.sset\logs\waveform_analysis.dbg
 
0 errors analyzing waveforms
0 warnings analyzing waveforms
 
---------------------------------
 
Wed Oct 21 17:37:20 2015, Generated by: 010328058, Server: None, Windows, INSTALLED_SOFTWARE_VERSION: 2015.07 Build 6, Engine: 2015.07rc1, GUI: 2015.07rc1
Copyright (c) 2000 - 2015 Signal Integrity Software, Inc.
FLEXlm license
Engine Version 2015.07rc1 Windows Wed Oct 21 17:37:21 2015
Engine Arguments
C:\SiSoft\2015.07\bin\siaengine.exe
TIMING
project=C:/Myproject/project2/interfaces/interface1/interface1.edk
gui_version=2015.07rc1
user=010328058
user_preferences_dir=C:/Users/010328058/.siauditor/
simulator=IsSpice4
sim_type=all
schematic_set=set1.sset
return_status_file=ipcFiles/1010328058retstat.eng4
"INSTALLED_SOFTWARE_VERSION=2015.07 Build 6"
"Release=2015.07 Build 6"
taxi=yes
units=english
argumentlist=ipcFiles/1010328058args.eng4
interface=C:/Myproject/project2/interfaces/interface1/interface1.edk
Server=None
 
Log   file C:\Myproject\project2\interfaces\interface1\pre_sims\set1.sset\logs\timing_analysis.log
Debug file C:\Myproject\project2\interfaces\interface1\pre_sims\set1.sset\logs\timing_analysis.dbg
 
2 errors generating timing analysis
1 warnings generating timing analysis
 
---------------------------------
 
Wed Oct 21 17:42:02 2015, Generated by: 010328058, Server: None, Windows, INSTALLED_SOFTWARE_VERSION: 2015.07 Build 6, Engine: 2015.07rc1, GUI: 2015.07rc1
Copyright (c) 2000 - 2015 Signal Integrity Software, Inc.
FLEXlm license
Engine Version 2015.07rc1 Windows Wed Oct 21 17:42:02 2015
Engine Arguments
C:\SiSoft\2015.07\bin\siaengine.exe
crosstalk_models
project_client=C:/Myproject/265/interfaces/interface1/interface1.edk
gui_version=2015.07rc1
user=010328058
sim_type=Import
user_preferences_dir=C:/Users/010328058/.siauditor/
return_status_file=ipcFiles/1010328058retstat.eng0
"INSTALLED_SOFTWARE_VERSION=2015.07 Build 6"
"Release=2015.07 Build 6"
taxi=yes
units=english
argumentlist=ipcFiles/1010328058args.eng0
interface=C:/Myproject/265/interfaces/interface1/interface1.edk
Server=None
 
Log   file C:\Myproject\265\interfaces\interface1\logs\crosstalk_models.log
Debug file C:\Myproject\265\interfaces\interface1\logs\crosstalk_models.dbg
 
 
---------------------------------
 
Wed Oct 21 17:43:28 2015, Generated by: 010328058, Server: None, Windows, INSTALLED_SOFTWARE_VERSION: 2015.07 Build 6, Engine: 2015.07rc1, GUI: 2015.07rc1
Copyright (c) 2000 - 2015 Signal Integrity Software, Inc.
FLEXlm license
Engine Version 2015.07rc1 Windows Wed Oct 21 17:43:28 2015
Engine Arguments
C:\SiSoft\2015.07\bin\siaengine.exe
Validate
project=C:/Myproject/265/interfaces/interface1/interface1.edk
gui_version=2015.07rc1
user=010328058
user_preferences_dir=C:/Users/010328058/.siauditor/
simulator=IsSpice4
sim_type=all
schematic_set=set1.sset
return_status_file=ipcFiles/1010328058retstat.eng1
"INSTALLED_SOFTWARE_VERSION=2015.07 Build 6"
"Release=2015.07 Build 6"
taxi=yes
units=english
argumentlist=ipcFiles/1010328058args.eng1
interface=C:/Myproject/265/interfaces/interface1/interface1.edk
Server=None
 
Log   file C:\Myproject\265\interfaces\interface1\pre_sims\set1.sset\logs\validation.log
Debug file C:\Myproject\265\interfaces\interface1\pre_sims\set1.sset\logs\validation.dbg
 
     0 total validation errors
 
---------------------------------
 
Wed Oct 21 17:43:32 2015, Generated by: 010328058, Server: None, Windows, INSTALLED_SOFTWARE_VERSION: 2015.07 Build 6, Engine: 2015.07rc1, GUI: 2015.07rc1
Copyright (c) 2000 - 2015 Signal Integrity Software, Inc.
FLEXlm license
Engine Version 2015.07rc1 Windows Wed Oct 21 17:43:32 2015
Engine Arguments
C:\SiSoft\2015.07\bin\siaengine.exe
GENERATE_SPICE
project=C:/Myproject/265/interfaces/interface1/interface1.edk
gui_version=2015.07rc1
user=010328058
user_preferences_dir=C:/Users/010328058/.siauditor/
simulator=IsSpice4
sim_type=all
schematic_set=set1.sset
return_status_file=ipcFiles/1010328058retstat.eng2
"INSTALLED_SOFTWARE_VERSION=2015.07 Build 6"
"Release=2015.07 Build 6"
taxi=yes
units=english
argumentlist=ipcFiles/1010328058args.eng2
interface=C:/Myproject/265/interfaces/interface1/interface1.edk
Server=None
 
Log   file C:\Myproject\265\interfaces\interface1\pre_sims\set1.sset\logs\generate_spice.log
Debug file C:\Myproject\265\interfaces\interface1\pre_sims\set1.sset\logs\generate_spice.dbg
 
1 simulation decks generated
0 errors generating simulation decks
0 warnings generating simulation decks
 
---------------------------------
 
Wed Oct 21 17:43:41 2015, Generated by: 010328058, Server: None, Windows, INSTALLED_SOFTWARE_VERSION: 2015.07 Build 6, Engine: 2015.07rc1, GUI: 2015.07rc1
Copyright (c) 2000 - 2015 Signal Integrity Software, Inc.
FLEXlm license
Engine Version 2015.07rc1 Windows Wed Oct 21 17:43:41 2015
Engine Arguments
C:\SiSoft\2015.07\bin\siaengine.exe
SURF
project=C:/Myproject/265/interfaces/interface1/interface1.edk
gui_version=2015.07rc1
user=010328058
user_preferences_dir=C:/Users/010328058/.siauditor/
simulator=IsSpice4
sim_type=all
schematic_set=set1.sset
return_status_file=ipcFiles/1010328058retstat.eng3
"INSTALLED_SOFTWARE_VERSION=2015.07 Build 6"
"Release=2015.07 Build 6"
taxi=yes
units=english
argumentlist=ipcFiles/1010328058args.eng3
interface=C:/Myproject/265/interfaces/interface1/interface1.edk
Server=None
 
Log   file C:\Myproject\265\interfaces\interface1\pre_sims\set1.sset\logs\waveform_analysis.log
Debug file C:\Myproject\265\interfaces\interface1\pre_sims\set1.sset\logs\waveform_analysis.dbg
 
0 errors analyzing waveforms
0 warnings analyzing waveforms
 
---------------------------------
 
Wed Oct 21 17:43:44 2015, Generated by: 010328058, Server: None, Windows, INSTALLED_SOFTWARE_VERSION: 2015.07 Build 6, Engine: 2015.07rc1, GUI: 2015.07rc1
Copyright (c) 2000 - 2015 Signal Integrity Software, Inc.
FLEXlm license
Engine Version 2015.07rc1 Windows Wed Oct 21 17:43:45 2015
Engine Arguments
C:\SiSoft\2015.07\bin\siaengine.exe
TIMING
project=C:/Myproject/265/interfaces/interface1/interface1.edk
gui_version=2015.07rc1
user=010328058
user_preferences_dir=C:/Users/010328058/.siauditor/
simulator=IsSpice4
sim_type=all
schematic_set=set1.sset
return_status_file=ipcFiles/1010328058retstat.eng4
"INSTALLED_SOFTWARE_VERSION=2015.07 Build 6"
"Release=2015.07 Build 6"
taxi=yes
units=english
argumentlist=ipcFiles/1010328058args.eng4
interface=C:/Myproject/265/interfaces/interface1/interface1.edk
Server=None
 
Log   file C:\Myproject\265\interfaces\interface1\pre_sims\set1.sset\logs\timing_analysis.log
Debug file C:\Myproject\265\interfaces\interface1\pre_sims\set1.sset\logs\timing_analysis.dbg
 
2 errors generating timing analysis
1 warnings generating timing analysis
 
---------------------------------
 
Wed Oct 21 17:51:48 2015, Generated by: 010328058, Server: None, Windows, INSTALLED_SOFTWARE_VERSION: 2015.07 Build 6, Engine: 2015.07rc1, GUI: 2015.07rc1
Copyright (c) 2000 - 2015 Signal Integrity Software, Inc.
FLEXlm license
Engine Version 2015.07rc1 Windows Wed Oct 21 17:51:48 2015
Engine Arguments
C:\SiSoft\2015.07\bin\siaengine.exe
Validate
project=C:/Myproject/265/interfaces/interface1/interface1.edk
gui_version=2015.07rc1
user=010328058
user_preferences_dir=C:/Users/010328058/.siauditor/
simulator=IsSpice4
sim_type=all
schematic_set=set1.sset
return_status_file=ipcFiles/1010328058retstat.eng5
"INSTALLED_SOFTWARE_VERSION=2015.07 Build 6"
"Release=2015.07 Build 6"
taxi=yes
units=english
argumentlist=ipcFiles/1010328058args.eng5
interface=C:/Myproject/265/interfaces/interface1/interface1.edk
Server=None
 
Log   file C:\Myproject\265\interfaces\interface1\pre_sims\set1.sset\logs\validation.log
Debug file C:\Myproject\265\interfaces\interface1\pre_sims\set1.sset\logs\validation.dbg
 
     0 total validation errors
 
---------------------------------
 
Wed Oct 21 17:51:51 2015, Generated by: 010328058, Server: None, Windows, INSTALLED_SOFTWARE_VERSION: 2015.07 Build 6, Engine: 2015.07rc1, GUI: 2015.07rc1
Copyright (c) 2000 - 2015 Signal Integrity Software, Inc.
FLEXlm license
Engine Version 2015.07rc1 Windows Wed Oct 21 17:51:51 2015
Engine Arguments
C:\SiSoft\2015.07\bin\siaengine.exe
GENERATE_SPICE
project=C:/Myproject/265/interfaces/interface1/interface1.edk
gui_version=2015.07rc1
user=010328058
user_preferences_dir=C:/Users/010328058/.siauditor/
simulator=IsSpice4
sim_type=all
schematic_set=set1.sset
return_status_file=ipcFiles/1010328058retstat.eng6
"INSTALLED_SOFTWARE_VERSION=2015.07 Build 6"
"Release=2015.07 Build 6"
taxi=yes
units=english
argumentlist=ipcFiles/1010328058args.eng6
interface=C:/Myproject/265/interfaces/interface1/interface1.edk
Server=None
 
Log   file C:\Myproject\265\interfaces\interface1\pre_sims\set1.sset\logs\generate_spice.log
Debug file C:\Myproject\265\interfaces\interface1\pre_sims\set1.sset\logs\generate_spice.dbg
 
1 simulation decks generated
0 errors generating simulation decks
0 warnings generating simulation decks
 
---------------------------------
 
Wed Oct 21 17:51:59 2015, Generated by: 010328058, Server: None, Windows, INSTALLED_SOFTWARE_VERSION: 2015.07 Build 6, Engine: 2015.07rc1, GUI: 2015.07rc1
Copyright (c) 2000 - 2015 Signal Integrity Software, Inc.
FLEXlm license
Engine Version 2015.07rc1 Windows Wed Oct 21 17:52:00 2015
Engine Arguments
C:\SiSoft\2015.07\bin\siaengine.exe
SURF
project=C:/Myproject/265/interfaces/interface1/interface1.edk
gui_version=2015.07rc1
user=010328058
user_preferences_dir=C:/Users/010328058/.siauditor/
simulator=IsSpice4
sim_type=all
schematic_set=set1.sset
return_status_file=ipcFiles/1010328058retstat.eng7
"INSTALLED_SOFTWARE_VERSION=2015.07 Build 6"
"Release=2015.07 Build 6"
taxi=yes
units=english
argumentlist=ipcFiles/1010328058args.eng7
interface=C:/Myproject/265/interfaces/interface1/interface1.edk
Server=None
 
Log   file C:\Myproject\265\interfaces\interface1\pre_sims\set1.sset\logs\waveform_analysis.log
Debug file C:\Myproject\265\interfaces\interface1\pre_sims\set1.sset\logs\waveform_analysis.dbg
 
0 errors analyzing waveforms
0 warnings analyzing waveforms
 
---------------------------------
 
Wed Oct 21 17:52:03 2015, Generated by: 010328058, Server: None, Windows, INSTALLED_SOFTWARE_VERSION: 2015.07 Build 6, Engine: 2015.07rc1, GUI: 2015.07rc1
Copyright (c) 2000 - 2015 Signal Integrity Software, Inc.
FLEXlm license
Engine Version 2015.07rc1 Windows Wed Oct 21 17:52:04 2015
Engine Arguments
C:\SiSoft\2015.07\bin\siaengine.exe
TIMING
project=C:/Myproject/265/interfaces/interface1/interface1.edk
gui_version=2015.07rc1
user=010328058
user_preferences_dir=C:/Users/010328058/.siauditor/
simulator=IsSpice4
sim_type=all
schematic_set=set1.sset
return_status_file=ipcFiles/1010328058retstat.eng8
"INSTALLED_SOFTWARE_VERSION=2015.07 Build 6"
"Release=2015.07 Build 6"
taxi=yes
units=english
argumentlist=ipcFiles/1010328058args.eng8
interface=C:/Myproject/265/interfaces/interface1/interface1.edk
Server=None
 
Log   file C:\Myproject\265\interfaces\interface1\pre_sims\set1.sset\logs\timing_analysis.log
Debug file C:\Myproject\265\interfaces\interface1\pre_sims\set1.sset\logs\timing_analysis.dbg
 
2 errors generating timing analysis
1 warnings generating timing analysis
 
---------------------------------
 
Wed Oct 21 17:52:31 2015, Generated by: 010328058, Server: None, Windows, INSTALLED_SOFTWARE_VERSION: 2015.07 Build 6, Engine: 2015.07rc1, GUI: 2015.07rc1
Copyright (c) 2000 - 2015 Signal Integrity Software, Inc.
FLEXlm license
Engine Version 2015.07rc1 Windows Wed Oct 21 17:52:31 2015
Engine Arguments
C:\SiSoft\2015.07\bin\siaengine.exe
Validate
project=C:/Myproject/265/interfaces/interface1/interface1.edk
gui_version=2015.07rc1
user=010328058
user_preferences_dir=C:/Users/010328058/.siauditor/
simulator=IsSpice4
sim_type=all
schematic_set=set1.sset
return_status_file=ipcFiles/1010328058retstat.eng9
"INSTALLED_SOFTWARE_VERSION=2015.07 Build 6"
"Release=2015.07 Build 6"
taxi=yes
units=english
argumentlist=ipcFiles/1010328058args.eng9
interface=C:/Myproject/265/interfaces/interface1/interface1.edk
Server=None
 
Log   file C:\Myproject\265\interfaces\interface1\pre_sims\set1.sset\logs\validation.log
Debug file C:\Myproject\265\interfaces\interface1\pre_sims\set1.sset\logs\validation.dbg
 
     0 total validation errors
 
---------------------------------
 
Wed Oct 21 17:52:34 2015, Generated by: 010328058, Server: None, Windows, INSTALLED_SOFTWARE_VERSION: 2015.07 Build 6, Engine: 2015.07rc1, GUI: 2015.07rc1
Copyright (c) 2000 - 2015 Signal Integrity Software, Inc.
FLEXlm license
Engine Version 2015.07rc1 Windows Wed Oct 21 17:52:34 2015
Engine Arguments
C:\SiSoft\2015.07\bin\siaengine.exe
GENERATE_SPICE
project=C:/Myproject/265/interfaces/interface1/interface1.edk
gui_version=2015.07rc1
user=010328058
user_preferences_dir=C:/Users/010328058/.siauditor/
simulator=IsSpice4
sim_type=all
schematic_set=set1.sset
return_status_file=ipcFiles/1010328058retstat.eng10
"INSTALLED_SOFTWARE_VERSION=2015.07 Build 6"
"Release=2015.07 Build 6"
taxi=yes
units=english
argumentlist=ipcFiles/1010328058args.eng10
interface=C:/Myproject/265/interfaces/interface1/interface1.edk
Server=None
 
Log   file C:\Myproject\265\interfaces\interface1\pre_sims\set1.sset\logs\generate_spice.log
Debug file C:\Myproject\265\interfaces\interface1\pre_sims\set1.sset\logs\generate_spice.dbg
 
1 simulation decks generated
0 errors generating simulation decks
0 warnings generating simulation decks
 
---------------------------------
 
Wed Oct 21 17:52:43 2015, Generated by: 010328058, Server: None, Windows, INSTALLED_SOFTWARE_VERSION: 2015.07 Build 6, Engine: 2015.07rc1, GUI: 2015.07rc1
Copyright (c) 2000 - 2015 Signal Integrity Software, Inc.
FLEXlm license
Engine Version 2015.07rc1 Windows Wed Oct 21 17:52:43 2015
Engine Arguments
C:\SiSoft\2015.07\bin\siaengine.exe
SURF
project=C:/Myproject/265/interfaces/interface1/interface1.edk
gui_version=2015.07rc1
user=010328058
user_preferences_dir=C:/Users/010328058/.siauditor/
simulator=IsSpice4
sim_type=all
schematic_set=set1.sset
return_status_file=ipcFiles/1010328058retstat.eng11
"INSTALLED_SOFTWARE_VERSION=2015.07 Build 6"
"Release=2015.07 Build 6"
taxi=yes
units=english
argumentlist=ipcFiles/1010328058args.eng11
interface=C:/Myproject/265/interfaces/interface1/interface1.edk
Server=None
 
Log   file C:\Myproject\265\interfaces\interface1\pre_sims\set1.sset\logs\waveform_analysis.log
Debug file C:\Myproject\265\interfaces\interface1\pre_sims\set1.sset\logs\waveform_analysis.dbg
 
0 errors analyzing waveforms
0 warnings analyzing waveforms
 
---------------------------------
 
Wed Oct 21 17:53:41 2015, Generated by: 010328058, Server: None, Windows, INSTALLED_SOFTWARE_VERSION: 2015.07 Build 6, Engine: 2015.07rc1, GUI: 2015.07rc1
Copyright (c) 2000 - 2015 Signal Integrity Software, Inc.
FLEXlm license
Engine Version 2015.07rc1 Windows Wed Oct 21 17:53:41 2015
Engine Arguments
C:\SiSoft\2015.07\bin\siaengine.exe
Validate
project=C:/Myproject/265/interfaces/interface1/interface1.edk
gui_version=2015.07rc1
user=010328058
user_preferences_dir=C:/Users/010328058/.siauditor/
simulator=IsSpice4
sim_type=all
schematic_set=set1.sset
return_status_file=ipcFiles/1010328058retstat.eng12
"INSTALLED_SOFTWARE_VERSION=2015.07 Build 6"
"Release=2015.07 Build 6"
taxi=yes
units=english
argumentlist=ipcFiles/1010328058args.eng12
interface=C:/Myproject/265/interfaces/interface1/interface1.edk
Server=None
 
Log   file C:\Myproject\265\interfaces\interface1\pre_sims\set1.sset\logs\validation.log
Debug file C:\Myproject\265\interfaces\interface1\pre_sims\set1.sset\logs\validation.dbg
 
     0 total validation errors
 
---------------------------------
 
Wed Oct 21 17:53:44 2015, Generated by: 010328058, Server: None, Windows, INSTALLED_SOFTWARE_VERSION: 2015.07 Build 6, Engine: 2015.07rc1, GUI: 2015.07rc1
Copyright (c) 2000 - 2015 Signal Integrity Software, Inc.
FLEXlm license
Engine Version 2015.07rc1 Windows Wed Oct 21 17:53:44 2015
Engine Arguments
C:\SiSoft\2015.07\bin\siaengine.exe
GENERATE_SPICE
project=C:/Myproject/265/interfaces/interface1/interface1.edk
gui_version=2015.07rc1
user=010328058
user_preferences_dir=C:/Users/010328058/.siauditor/
simulator=IsSpice4
sim_type=all
schematic_set=set1.sset
return_status_file=ipcFiles/1010328058retstat.eng13
"INSTALLED_SOFTWARE_VERSION=2015.07 Build 6"
"Release=2015.07 Build 6"
taxi=yes
units=english
argumentlist=ipcFiles/1010328058args.eng13
interface=C:/Myproject/265/interfaces/interface1/interface1.edk
Server=None
 
Log   file C:\Myproject\265\interfaces\interface1\pre_sims\set1.sset\logs\generate_spice.log
Debug file C:\Myproject\265\interfaces\interface1\pre_sims\set1.sset\logs\generate_spice.dbg
 
1 simulation decks generated
0 errors generating simulation decks
0 warnings generating simulation decks
 
---------------------------------
 
Wed Oct 21 17:53:52 2015, Generated by: 010328058, Server: None, Windows, INSTALLED_SOFTWARE_VERSION: 2015.07 Build 6, Engine: 2015.07rc1, GUI: 2015.07rc1
Copyright (c) 2000 - 2015 Signal Integrity Software, Inc.
FLEXlm license
Engine Version 2015.07rc1 Windows Wed Oct 21 17:53:53 2015
Engine Arguments
C:\SiSoft\2015.07\bin\siaengine.exe
SURF
project=C:/Myproject/265/interfaces/interface1/interface1.edk
gui_version=2015.07rc1
user=010328058
user_preferences_dir=C:/Users/010328058/.siauditor/
simulator=IsSpice4
sim_type=all
schematic_set=set1.sset
return_status_file=ipcFiles/1010328058retstat.eng14
"INSTALLED_SOFTWARE_VERSION=2015.07 Build 6"
"Release=2015.07 Build 6"
taxi=yes
units=english
argumentlist=ipcFiles/1010328058args.eng14
interface=C:/Myproject/265/interfaces/interface1/interface1.edk
Server=None
 
Log   file C:\Myproject\265\interfaces\interface1\pre_sims\set1.sset\logs\waveform_analysis.log
Debug file C:\Myproject\265\interfaces\interface1\pre_sims\set1.sset\logs\waveform_analysis.dbg
 
0 errors analyzing waveforms
0 warnings analyzing waveforms
 
---------------------------------
 
Thu Oct 22 17:39:44 2015, Generated by: 010328058, Server: None, Windows, INSTALLED_SOFTWARE_VERSION: 2015.07 Build 6, Engine: 2015.07rc1, GUI: 2015.07rc1
Copyright (c) 2000 - 2015 Signal Integrity Software, Inc.
FLEXlm license
Engine Version 2015.07rc1 Windows Thu Oct 22 17:39:44 2015
Engine Arguments
C:\SiSoft\2015.07\bin\siaengine.exe
crosstalk_models
project_client=C:/Myproject/265/interfaces/interface1/interface1.edk
gui_version=2015.07rc1
user=010328058
sim_type=Import
user_preferences_dir=C:/Users/010328058/.siauditor/
return_status_file=ipcFiles/1010328058retstat.eng0
"INSTALLED_SOFTWARE_VERSION=2015.07 Build 6"
"Release=2015.07 Build 6"
taxi=yes
units=english
argumentlist=ipcFiles/1010328058args.eng0
interface=C:/Myproject/265/interfaces/interface1/interface1.edk
Server=None
 
Log   file C:\Myproject\265\interfaces\interface1\logs\crosstalk_models.log
Debug file C:\Myproject\265\interfaces\interface1\logs\crosstalk_models.dbg
 
 
---------------------------------
 
Thu Oct 22 20:31:05 2015, Generated by: 010328058, Server: None, Windows, INSTALLED_SOFTWARE_VERSION: 2015.07 Build 6, Engine: 2015.07rc1, GUI: 2015.07rc1
Copyright (c) 2000 - 2015 Signal Integrity Software, Inc.
FLEXlm license
Engine Version 2015.07rc1 Windows Thu Oct 22 20:31:05 2015
Engine Arguments
C:\SiSoft\2015.07\bin\siaengine.exe
crosstalk_models
project_client=C:/Myproject/265/interfaces/interface1/interface1.edk
gui_version=2015.07rc1
user=010328058
sim_type=Import
user_preferences_dir=C:/Users/010328058/.siauditor/
return_status_file=ipcFiles/1010328058retstat.eng0
"INSTALLED_SOFTWARE_VERSION=2015.07 Build 6"
"Release=2015.07 Build 6"
taxi=yes
units=english
argumentlist=ipcFiles/1010328058args.eng0
interface=C:/Myproject/265/interfaces/interface1/interface1.edk
Server=None
 
Log   file C:\Myproject\265\interfaces\interface1\logs\crosstalk_models.log
Debug file C:\Myproject\265\interfaces\interface1\logs\crosstalk_models.dbg
 
 
---------------------------------
 
Thu Oct 22 20:31:49 2015, Generated by: 010328058, Server: None, Windows, INSTALLED_SOFTWARE_VERSION: 2015.07 Build 6, Engine: 2015.07rc1, GUI: 2015.07rc1
Copyright (c) 2000 - 2015 Signal Integrity Software, Inc.
FLEXlm license
Engine Version 2015.07rc1 Windows Thu Oct 22 20:31:49 2015
Engine Arguments
C:\SiSoft\2015.07\bin\siaengine.exe
crosstalk_models
project_client=C:/Myproject/265/interfaces/interface1/interface1.edk
gui_version=2015.07rc1
user=010328058
sim_type=Import
user_preferences_dir=C:/Users/010328058/.siauditor/
return_status_file=ipcFiles/0010328058retstat.eng0
"INSTALLED_SOFTWARE_VERSION=2015.07 Build 6"
"Release=2015.07 Build 6"
taxi=yes
units=english
argumentlist=ipcFiles/0010328058args.eng0
interface=C:/Myproject/265/interfaces/interface1/interface1.edk
Server=None
 
Log   file C:\Myproject\265\interfaces\interface1\logs\crosstalk_models.log
Debug file C:\Myproject\265\interfaces\interface1\logs\crosstalk_models.dbg
 
