Thu Oct 22 20:32:10 2015, Generated by: 010328058, Server: None, Windows, INSTALLED_SOFTWARE_VERSION: 2015.07 Build 6, Engine: 2015.07rc1, GUI: 2015.07rc1
Copyright (c) 2000 - 2015 Signal Integrity Software, Inc.
FLEXlm license
 
Interface File C:\Myproject\chapter9\interfaces\clock1\clock1.edk
Log File     crosstalk_models.log
 
 
 
Crosstalk Setup Data
 
default_delta_v 3.3
default_delta_t 1n
default_async_thresh 10.%
default_sync_thresh 10.%
default_self_thresh .05
default_kb (set internally) .1
max_coupling_clearance .02in
min_coupling_length .009in
AC_noise_sync_factor 1.
default_C_Comp 500f
default_Rdrv_High 50.
default_Rdrv_Low 50.
default_Rdrv_R 50.
default_Rdrv_F 50.
default_Rterm 1Meg
default_Vterm 0.
 
 
0 errors generating crosstalk models
0 warnings generating crosstalk models
Job Concluded: Thu Oct 22 20:32:10 2015
Elapsed Time: 0 seconds
