 
---------------------------------
 
Thu Oct 22 18:04:45 2015, Generated by: 010328058, Server: None, Windows, INSTALLED_SOFTWARE_VERSION: 2015.07 Build 6, Engine: 2015.07rc1, GUI: 2015.07rc1
Copyright (c) 2000 - 2015 Signal Integrity Software, Inc.
FLEXlm license
Engine Version 2015.07rc1 Windows Thu Oct 22 18:04:45 2015
Engine Arguments
C:\SiSoft\2015.07\bin\siaengine.exe
crosstalk_models
project_client=C:/Myproject/PCI/interfaces/interface1/interface1.edk
gui_version=2015.07rc1
user=010328058
sim_type=Import
user_preferences_dir=C:/Users/010328058/.siauditor/
return_status_file=ipcFiles/0010328058retstat.eng0
"INSTALLED_SOFTWARE_VERSION=2015.07 Build 6"
"Release=2015.07 Build 6"
taxi=yes
units=english
argumentlist=ipcFiles/0010328058args.eng0
interface=C:/Myproject/PCI/interfaces/interface1/interface1.edk
Server=None
 
Log   file C:\Myproject\PCI\interfaces\interface1\logs\crosstalk_models.log
Debug file C:\Myproject\PCI\interfaces\interface1\logs\crosstalk_models.dbg
 
 
---------------------------------
 
Thu Oct 22 20:31:14 2015, Generated by: 010328058, Server: None, Windows, INSTALLED_SOFTWARE_VERSION: 2015.07 Build 6, Engine: 2015.07rc1, GUI: 2015.07rc1
Copyright (c) 2000 - 2015 Signal Integrity Software, Inc.
FLEXlm license
Engine Version 2015.07rc1 Windows Thu Oct 22 20:31:14 2015
Engine Arguments
C:\SiSoft\2015.07\bin\siaengine.exe
crosstalk_models
project_client=C:/Myproject/PCI/interfaces/interface1/interface1.edk
gui_version=2015.07rc1
user=010328058
sim_type=Import
user_preferences_dir=C:/Users/010328058/.siauditor/
return_status_file=ipcFiles/0010328058retstat.eng0
"INSTALLED_SOFTWARE_VERSION=2015.07 Build 6"
"Release=2015.07 Build 6"
taxi=yes
units=english
argumentlist=ipcFiles/0010328058args.eng0
interface=C:/Myproject/PCI/interfaces/interface1/interface1.edk
Server=None
 
Log   file C:\Myproject\PCI\interfaces\interface1\logs\crosstalk_models.log
Debug file C:\Myproject\PCI\interfaces\interface1\logs\crosstalk_models.dbg
 
 
---------------------------------
 
Thu Oct 22 20:32:19 2015, Generated by: 010328058, Server: None, Windows, INSTALLED_SOFTWARE_VERSION: 2015.07 Build 6, Engine: 2015.07rc1, GUI: 2015.07rc1
Copyright (c) 2000 - 2015 Signal Integrity Software, Inc.
FLEXlm license
Engine Version 2015.07rc1 Windows Thu Oct 22 20:32:19 2015
Engine Arguments
C:\SiSoft\2015.07\bin\siaengine.exe
crosstalk_models
project_client=C:/Myproject/PCI/interfaces/interface1/interface1.edk
gui_version=2015.07rc1
user=010328058
sim_type=Import
user_preferences_dir=C:/Users/010328058/.siauditor/
return_status_file=ipcFiles/0010328058retstat.eng0
"INSTALLED_SOFTWARE_VERSION=2015.07 Build 6"
"Release=2015.07 Build 6"
taxi=yes
units=english
argumentlist=ipcFiles/0010328058args.eng0
interface=C:/Myproject/PCI/interfaces/interface1/interface1.edk
Server=None
 
Log   file C:\Myproject\PCI\interfaces\interface1\logs\crosstalk_models.log
Debug file C:\Myproject\PCI\interfaces\interface1\logs\crosstalk_models.dbg
 
 
---------------------------------
 
Thu Oct 22 20:43:27 2015, Generated by: 010328058, Server: None, Windows, INSTALLED_SOFTWARE_VERSION: 2015.07 Build 6, Engine: 2015.07rc1, GUI: 2015.07rc1
Copyright (c) 2000 - 2015 Signal Integrity Software, Inc.
FLEXlm license
Engine Version 2015.07rc1 Windows Thu Oct 22 20:43:27 2015
Engine Arguments
C:\SiSoft\2015.07\bin\siaengine.exe
Validate
project=C:/Myproject/PCI/interfaces/interface1/interface1.edk
gui_version=2015.07rc1
user=010328058
user_preferences_dir=C:/Users/010328058/.siauditor/
simulator=IsSpice4
sim_type=all
schematic_set=set1.sset
return_status_file=ipcFiles/0010328058retstat.eng1
"INSTALLED_SOFTWARE_VERSION=2015.07 Build 6"
"Release=2015.07 Build 6"
taxi=yes
units=english
argumentlist=ipcFiles/0010328058args.eng1
interface=C:/Myproject/PCI/interfaces/interface1/interface1.edk
Server=None
 
Log   file C:\Myproject\PCI\interfaces\interface1\pre_sims\set1.sset\logs\validation.log
Debug file C:\Myproject\PCI\interfaces\interface1\pre_sims\set1.sset\logs\validation.dbg
 
     1 total validation errors
 
---------------------------------
 
Thu Oct 22 20:43:56 2015, Generated by: 010328058, Server: None, Windows, INSTALLED_SOFTWARE_VERSION: 2015.07 Build 6, Engine: 2015.07rc1, GUI: 2015.07rc1
Copyright (c) 2000 - 2015 Signal Integrity Software, Inc.
FLEXlm license
Engine Version 2015.07rc1 Windows Thu Oct 22 20:43:56 2015
Engine Arguments
C:\SiSoft\2015.07\bin\siaengine.exe
Validate
project=C:/Myproject/PCI/interfaces/interface1/interface1.edk
gui_version=2015.07rc1
user=010328058
user_preferences_dir=C:/Users/010328058/.siauditor/
simulator=IsSpice4
sim_type=all
schematic_set=set1.sset
return_status_file=ipcFiles/0010328058retstat.eng2
"INSTALLED_SOFTWARE_VERSION=2015.07 Build 6"
"Release=2015.07 Build 6"
taxi=yes
units=english
argumentlist=ipcFiles/0010328058args.eng2
interface=C:/Myproject/PCI/interfaces/interface1/interface1.edk
Server=None
 
Log   file C:\Myproject\PCI\interfaces\interface1\pre_sims\set1.sset\logs\validation.log
Debug file C:\Myproject\PCI\interfaces\interface1\pre_sims\set1.sset\logs\validation.dbg
 
     1 total validation errors
 
---------------------------------
 
Thu Oct 22 20:45:14 2015, Generated by: 010328058, Server: None, Windows, INSTALLED_SOFTWARE_VERSION: 2015.07 Build 6, Engine: 2015.07rc1, GUI: 2015.07rc1
Copyright (c) 2000 - 2015 Signal Integrity Software, Inc.
FLEXlm license
Engine Version 2015.07rc1 Windows Thu Oct 22 20:45:14 2015
Engine Arguments
C:\SiSoft\2015.07\bin\siaengine.exe
crosstalk_models
project_client=C:/Myproject/PCI/interfaces/interface1/interface1.edk
gui_version=2015.07rc1
user=010328058
sim_type=Import
user_preferences_dir=C:/Users/010328058/.siauditor/
return_status_file=ipcFiles/0010328058retstat.eng0
"INSTALLED_SOFTWARE_VERSION=2015.07 Build 6"
"Release=2015.07 Build 6"
taxi=yes
units=english
argumentlist=ipcFiles/0010328058args.eng0
interface=C:/Myproject/PCI/interfaces/interface1/interface1.edk
Server=None
 
Log   file C:\Myproject\PCI\interfaces\interface1\logs\crosstalk_models.log
Debug file C:\Myproject\PCI\interfaces\interface1\logs\crosstalk_models.dbg
 
 
---------------------------------
 
Thu Oct 22 20:48:36 2015, Generated by: 010328058, Server: None, Windows, INSTALLED_SOFTWARE_VERSION: 2015.07 Build 6, Engine: 2015.07rc1, GUI: 2015.07rc1
Copyright (c) 2000 - 2015 Signal Integrity Software, Inc.
FLEXlm license
Engine Version 2015.07rc1 Windows Thu Oct 22 20:48:36 2015
Engine Arguments
C:\SiSoft\2015.07\bin\siaengine.exe
Validate
project=C:/Myproject/PCI/interfaces/interface1/interface1.edk
gui_version=2015.07rc1
user=010328058
user_preferences_dir=C:/Users/010328058/.siauditor/
simulator=IsSpice4
sim_type=all
schematic_set=set1.sset
return_status_file=ipcFiles/0010328058retstat.eng1
"INSTALLED_SOFTWARE_VERSION=2015.07 Build 6"
"Release=2015.07 Build 6"
taxi=yes
units=english
argumentlist=ipcFiles/0010328058args.eng1
interface=C:/Myproject/PCI/interfaces/interface1/interface1.edk
Server=None
 
Log   file C:\Myproject\PCI\interfaces\interface1\pre_sims\set1.sset\logs\validation.log
Debug file C:\Myproject\PCI\interfaces\interface1\pre_sims\set1.sset\logs\validation.dbg
 
     1 total validation errors
 
---------------------------------
 
Thu Oct 22 20:56:33 2015, Generated by: 010328058, Server: None, Windows, INSTALLED_SOFTWARE_VERSION: 2015.07 Build 6, Engine: 2015.07rc1, GUI: 2015.07rc1
Copyright (c) 2000 - 2015 Signal Integrity Software, Inc.
FLEXlm license
Engine Version 2015.07rc1 Windows Thu Oct 22 20:56:33 2015
Engine Arguments
C:\SiSoft\2015.07\bin\siaengine.exe
crosstalk_models
project_client=C:/Myproject/PCI/interfaces/interface1/interface1.edk
gui_version=2015.07rc1
user=010328058
sim_type=Import
user_preferences_dir=C:/Users/010328058/.siauditor/
return_status_file=ipcFiles/0010328058retstat.eng0
"INSTALLED_SOFTWARE_VERSION=2015.07 Build 6"
"Release=2015.07 Build 6"
taxi=yes
units=english
argumentlist=ipcFiles/0010328058args.eng0
interface=C:/Myproject/PCI/interfaces/interface1/interface1.edk
Server=None
 
Log   file C:\Myproject\PCI\interfaces\interface1\logs\crosstalk_models.log
Debug file C:\Myproject\PCI\interfaces\interface1\logs\crosstalk_models.dbg
 
 
---------------------------------
 
Thu Oct 29 17:56:13 2015, Generated by: 010328058, Server: None, Windows, INSTALLED_SOFTWARE_VERSION: 2015.07 Build 6, Engine: 2015.07rc1, GUI: 2015.07rc1
Copyright (c) 2000 - 2015 Signal Integrity Software, Inc.
FLEXlm license
Engine Version 2015.07rc1 Windows Thu Oct 29 17:56:13 2015
Engine Arguments
C:\SiSoft\2015.07\bin\siaengine.exe
crosstalk_models
project_client=C:/Myproject/PCI/interfaces/interface1/interface1.edk
gui_version=2015.07rc1
user=010328058
sim_type=Import
user_preferences_dir=C:/Users/010328058/.siauditor/
return_status_file=ipcFiles/1010328058retstat.eng0
"INSTALLED_SOFTWARE_VERSION=2015.07 Build 6"
"Release=2015.07 Build 6"
taxi=yes
units=english
argumentlist=ipcFiles/1010328058args.eng0
interface=C:/Myproject/PCI/interfaces/interface1/interface1.edk
Server=None
 
Log   file C:\Myproject\PCI\interfaces\interface1\logs\crosstalk_models.log
Debug file C:\Myproject\PCI\interfaces\interface1\logs\crosstalk_models.dbg
 
