java.lang.NullPointerException
	at _2.i(_2.java:192)
	at _2.q(_2.java:33)
	at _2$u.getValueAt(_2$u.java:397)
	at tm.s(tm.java:796)
	at nv.j(nv.java:505)
	at ag.k(ag.java:915)
	at u6.h(u6.java:1084)
	at rq.p(rq.java:844)
	at rq.b(rq.java:777)
	at _3.q(_3.java:203)
	at _3.q(_3.java:31)
	at js$1.doInBackground(js$1.java:27)
	at javax.swing.SwingWorker$1.call(Unknown Source)
	at java.util.concurrent.FutureTask.run(Unknown Source)
	at javax.swing.SwingWorker.run(Unknown Source)
	at java.util.concurrent.ThreadPoolExecutor.runWorker(Unknown Source)
	at java.util.concurrent.ThreadPoolExecutor$Worker.run(Unknown Source)
	at java.lang.Thread.run(Unknown Source)
java.lang.NullPointerException
	at _2.i(_2.java:192)
	at _2.v(_2.java:466)
	at nv.v(nv.java:826)
	at pi.r(pi.java:469)
	at pi.h(pi.java:336)
	at nv$1.valueChanged(nv$1.java:163)
	at javax.swing.DefaultListSelectionModel.fireValueChanged(Unknown Source)
	at javax.swing.DefaultListSelectionModel.fireValueChanged(Unknown Source)
	at javax.swing.DefaultListSelectionModel.fireValueChanged(Unknown Source)
	at javax.swing.DefaultListSelectionModel.changeSelection(Unknown Source)
	at javax.swing.DefaultListSelectionModel.changeSelection(Unknown Source)
	at javax.swing.DefaultListSelectionModel.setSelectionInterval(Unknown Source)
	at javax.swing.DefaultListSelectionModel.addSelectionInterval(Unknown Source)
	at javax.swing.JTable.addRowSelectionInterval(Unknown Source)
	at nv.m(nv.java:790)
	at nv.z(nv.java:38)
	at nv$8.run(nv$8.java:774)
	at java.awt.event.InvocationEvent.dispatch(Unknown Source)
	at java.awt.EventQueue.dispatchEventImpl(Unknown Source)
	at java.awt.EventQueue.access$400(Unknown Source)
	at java.awt.EventQueue$3.run(Unknown Source)
	at java.awt.EventQueue$3.run(Unknown Source)
	at java.security.AccessController.doPrivileged(Native Method)
	at java.security.ProtectionDomain$1.doIntersectionPrivilege(Unknown Source)
	at java.awt.EventQueue.dispatchEvent(Unknown Source)
	at java.awt.EventDispatchThread.pumpOneEventForFilters(Unknown Source)
	at java.awt.EventDispatchThread.pumpEventsForFilter(Unknown Source)
	at java.awt.EventDispatchThread.pumpEventsForHierarchy(Unknown Source)
	at java.awt.EventDispatchThread.pumpEvents(Unknown Source)
	at java.awt.EventDispatchThread.pumpEvents(Unknown Source)
	at java.awt.EventDispatchThread.run(Unknown Source)
java.lang.NullPointerException
	at _2.i(_2.java:192)
	at _2.v(_2.java:466)
	at nv.v(nv.java:826)
	at pi.r(pi.java:469)
	at pi.h(pi.java:336)
	at nv$1.valueChanged(nv$1.java:163)
	at javax.swing.DefaultListSelectionModel.fireValueChanged(Unknown Source)
	at javax.swing.DefaultListSelectionModel.fireValueChanged(Unknown Source)
	at javax.swing.DefaultListSelectionModel.fireValueChanged(Unknown Source)
	at javax.swing.DefaultListSelectionModel.changeSelection(Unknown Source)
	at javax.swing.DefaultListSelectionModel.changeSelection(Unknown Source)
	at javax.swing.DefaultListSelectionModel.setSelectionInterval(Unknown Source)
	at javax.swing.DefaultListSelectionModel.addSelectionInterval(Unknown Source)
	at javax.swing.JTable.addRowSelectionInterval(Unknown Source)
	at nv.m(nv.java:790)
	at nv.b(nv.java:769)
	at ag.b(ag.java:777)
	at h0$1.valueChanged(h0$1.java:224)
	at javax.swing.DefaultListSelectionModel.fireValueChanged(Unknown Source)
	at javax.swing.DefaultListSelectionModel.fireValueChanged(Unknown Source)
	at javax.swing.DefaultListSelectionModel.setValueIsAdjusting(Unknown Source)
	at javax.swing.JTable.clearSelectionAndLeadAnchor(Unknown Source)
	at javax.swing.JTable.tableChanged(Unknown Source)
	at javax.swing.table.AbstractTableModel.fireTableChanged(Unknown Source)
	at javax.swing.table.AbstractTableModel.fireTableStructureChanged(Unknown Source)
	at h0.v(h0.java:439)
	at h0.j(h0.java:428)
	at kt.d(kt.java:1366)
	at kt.n(kt.java:35)
	at kt$152.run(kt$152.java:1242)
	at java.awt.event.InvocationEvent.dispatch(Unknown Source)
	at java.awt.EventQueue.dispatchEventImpl(Unknown Source)
	at java.awt.EventQueue.access$400(Unknown Source)
	at java.awt.EventQueue$3.run(Unknown Source)
	at java.awt.EventQueue$3.run(Unknown Source)
	at java.security.AccessController.doPrivileged(Native Method)
	at java.security.ProtectionDomain$1.doIntersectionPrivilege(Unknown Source)
	at java.awt.EventQueue.dispatchEvent(Unknown Source)
	at java.awt.EventDispatchThread.pumpOneEventForFilters(Unknown Source)
	at java.awt.EventDispatchThread.pumpEventsForFilter(Unknown Source)
	at java.awt.EventDispatchThread.pumpEventsForHierarchy(Unknown Source)
	at java.awt.EventDispatchThread.pumpEvents(Unknown Source)
	at java.awt.EventDispatchThread.pumpEvents(Unknown Source)
	at java.awt.EventDispatchThread.run(Unknown Source)
java.lang.NullPointerException
	at _2.i(_2.java:192)
	at _2.v(_2.java:466)
	at nv.v(nv.java:826)
	at pi.r(pi.java:469)
	at pi.o(pi.java:364)
	at nv.d(nv.java:814)
	at ag.o(ag.java:1007)
	at rq.o(rq.java:688)
	at rq$13.run(rq$13.java:637)
	at java.awt.event.InvocationEvent.dispatch(Unknown Source)
	at java.awt.EventQueue.dispatchEventImpl(Unknown Source)
	at java.awt.EventQueue.access$400(Unknown Source)
	at java.awt.EventQueue$3.run(Unknown Source)
	at java.awt.EventQueue$3.run(Unknown Source)
	at java.security.AccessController.doPrivileged(Native Method)
	at java.security.ProtectionDomain$1.doIntersectionPrivilege(Unknown Source)
	at java.awt.EventQueue.dispatchEvent(Unknown Source)
	at java.awt.EventDispatchThread.pumpOneEventForFilters(Unknown Source)
	at java.awt.EventDispatchThread.pumpEventsForFilter(Unknown Source)
	at java.awt.EventDispatchThread.pumpEventsForHierarchy(Unknown Source)
	at java.awt.EventDispatchThread.pumpEvents(Unknown Source)
	at java.awt.EventDispatchThread.pumpEvents(Unknown Source)
	at java.awt.EventDispatchThread.run(Unknown Source)
Thu Oct 29 17:56:25 PDT 2015 - Interface loaded: C:/Myproject/PCI/interfaces/interface1/interface1.edk
java.lang.NullPointerException
	at _2.i(_2.java:192)
	at _2.v(_2.java:466)
	at nv.v(nv.java:826)
	at ag.v(ag.java:1645)
	at ah.ez(ah.java:2148)
	at ah.af(ah.java:2108)
	at lt.j(lt.java:150)
	at _3.d(_3.java:400)
	at js$1.done(js$1.java:49)
	at javax.swing.SwingWorker$5.run(Unknown Source)
	at javax.swing.SwingWorker$DoSubmitAccumulativeRunnable.run(Unknown Source)
	at sun.swing.AccumulativeRunnable.run(Unknown Source)
	at javax.swing.SwingWorker$DoSubmitAccumulativeRunnable.actionPerformed(Unknown Source)
	at javax.swing.Timer.fireActionPerformed(Unknown Source)
	at javax.swing.Timer$DoPostEvent.run(Unknown Source)
	at java.awt.event.InvocationEvent.dispatch(Unknown Source)
	at java.awt.EventQueue.dispatchEventImpl(Unknown Source)
	at java.awt.EventQueue.access$400(Unknown Source)
	at java.awt.EventQueue$3.run(Unknown Source)
	at java.awt.EventQueue$3.run(Unknown Source)
	at java.security.AccessController.doPrivileged(Native Method)
	at java.security.ProtectionDomain$1.doIntersectionPrivilege(Unknown Source)
	at java.awt.EventQueue.dispatchEvent(Unknown Source)
	at java.awt.EventDispatchThread.pumpOneEventForFilters(Unknown Source)
	at java.awt.EventDispatchThread.pumpEventsForFilter(Unknown Source)
	at java.awt.EventDispatchThread.pumpEventsForHierarchy(Unknown Source)
	at java.awt.EventDispatchThread.pumpEvents(Unknown Source)
	at java.awt.EventDispatchThread.pumpEvents(Unknown Source)
	at java.awt.EventDispatchThread.run(Unknown Source)
java.lang.NullPointerException
	at _2.i(_2.java:192)
	at _2.v(_2.java:466)
	at nv.v(nv.java:826)
	at ag.v(ag.java:1645)
	at ah.ez(ah.java:2130)
	at ah.af(ah.java:2108)
	at lt.j(lt.java:150)
	at _3.d(_3.java:400)
	at js$1.done(js$1.java:49)
	at javax.swing.SwingWorker$5.run(Unknown Source)
	at javax.swing.SwingWorker$DoSubmitAccumulativeRunnable.run(Unknown Source)
	at sun.swing.AccumulativeRunnable.run(Unknown Source)
	at javax.swing.SwingWorker$DoSubmitAccumulativeRunnable.actionPerformed(Unknown Source)
	at javax.swing.Timer.fireActionPerformed(Unknown Source)
	at javax.swing.Timer$DoPostEvent.run(Unknown Source)
	at java.awt.event.InvocationEvent.dispatch(Unknown Source)
	at java.awt.EventQueue.dispatchEventImpl(Unknown Source)
	at java.awt.EventQueue.access$400(Unknown Source)
	at java.awt.EventQueue$3.run(Unknown Source)
	at java.awt.EventQueue$3.run(Unknown Source)
	at java.security.AccessController.doPrivileged(Native Method)
	at java.security.ProtectionDomain$1.doIntersectionPrivilege(Unknown Source)
	at java.awt.EventQueue.dispatchEvent(Unknown Source)
	at java.awt.EventDispatchThread.pumpOneEventForFilters(Unknown Source)
	at java.awt.EventDispatchThread.pumpEventsForFilter(Unknown Source)
	at java.awt.EventDispatchThread.pumpEventsForHierarchy(Unknown Source)
	at java.awt.EventDispatchThread.pumpEvents(Unknown Source)
	at java.awt.EventDispatchThread.pumpEvents(Unknown Source)
	at java.awt.EventDispatchThread.run(Unknown Source)
