 
---------------------------------
 
Thu Oct 01 19:11:44 2015, Generated by: 010328058, Server: None, Windows, INSTALLED_SOFTWARE_VERSION: 2015.07 Build 6, Engine: 2015.07rc1, GUI: 2015.07rc1
Copyright (c) 2000 - 2015 Signal Integrity Software, Inc.
FLEXlm license
Engine Version 2015.07rc1 Windows Thu Oct 01 19:11:44 2015
Engine Arguments
C:\SiSoft\2015.07\bin\siaengine.exe
crosstalk_models
project_client=C:/Myproject/ibis/interfaces/interface1/interface1.edk
gui_version=2015.07rc1
user=010328058
sim_type=Import
user_preferences_dir=C:/Users/010328058/.siauditor/
return_status_file=ipcFiles/0010328058retstat.eng0
"INSTALLED_SOFTWARE_VERSION=2015.07 Build 6"
"Release=2015.07 Build 6"
taxi=yes
units=english
argumentlist=ipcFiles/0010328058args.eng0
interface=C:/Myproject/ibis/interfaces/interface1/interface1.edk
Server=None
 
Log   file C:\Myproject\ibis\interfaces\interface1\logs\crosstalk_models.log
Debug file C:\Myproject\ibis\interfaces\interface1\logs\crosstalk_models.dbg
 
 
---------------------------------
 
Thu Oct 01 19:32:12 2015, Generated by: 010328058, Server: None, Windows, INSTALLED_SOFTWARE_VERSION: 2015.07 Build 6, Engine: 2015.07rc1, GUI: 2015.07rc1
Copyright (c) 2000 - 2015 Signal Integrity Software, Inc.
FLEXlm license
Engine Version 2015.07rc1 Windows Thu Oct 01 19:32:12 2015
Engine Arguments
C:\SiSoft\2015.07\bin\siaengine.exe
crosstalk_models
project_client=C:/Myproject/ibis/interfaces/interface1/interface1.edk
gui_version=2015.07rc1
user=010328058
sim_type=Import
user_preferences_dir=C:/Users/010328058/.siauditor/
return_status_file=ipcFiles/0010328058retstat.eng0
"INSTALLED_SOFTWARE_VERSION=2015.07 Build 6"
"Release=2015.07 Build 6"
taxi=yes
units=english
argumentlist=ipcFiles/0010328058args.eng0
interface=C:/Myproject/ibis/interfaces/interface1/interface1.edk
Server=None
 
Log   file C:\Myproject\ibis\interfaces\interface1\logs\crosstalk_models.log
Debug file C:\Myproject\ibis\interfaces\interface1\logs\crosstalk_models.dbg
 
 
---------------------------------
 
Thu Oct 01 19:33:33 2015, Generated by: 010328058, Server: None, Windows, INSTALLED_SOFTWARE_VERSION: 2015.07 Build 6, Engine: 2015.07rc1, GUI: 2015.07rc1
Copyright (c) 2000 - 2015 Signal Integrity Software, Inc.
FLEXlm license
Engine Version 2015.07rc1 Windows Thu Oct 01 19:33:33 2015
Engine Arguments
C:\SiSoft\2015.07\bin\siaengine.exe
crosstalk_models
project_client=C:/Myproject/ibis/interfaces/interface1/interface1.edk
gui_version=2015.07rc1
user=010328058
sim_type=Import
user_preferences_dir=C:/Users/010328058/.siauditor/
return_status_file=ipcFiles/0010328058retstat.eng0
"INSTALLED_SOFTWARE_VERSION=2015.07 Build 6"
"Release=2015.07 Build 6"
taxi=yes
units=english
argumentlist=ipcFiles/0010328058args.eng0
interface=C:/Myproject/ibis/interfaces/interface1/interface1.edk
Server=None
 
Log   file C:\Myproject\ibis\interfaces\interface1\logs\crosstalk_models.log
Debug file C:\Myproject\ibis\interfaces\interface1\logs\crosstalk_models.dbg
 
 
---------------------------------
 
Thu Oct 01 19:39:04 2015, Generated by: 010328058, Server: None, Windows, INSTALLED_SOFTWARE_VERSION: 2015.07 Build 6, Engine: 2015.07rc1, GUI: 2015.07rc1
Copyright (c) 2000 - 2015 Signal Integrity Software, Inc.
FLEXlm license
Engine Version 2015.07rc1 Windows Thu Oct 01 19:39:04 2015
Engine Arguments
C:\SiSoft\2015.07\bin\siaengine.exe
crosstalk_models
project_client=C:/Myproject/ibis/interfaces/interface1/interface1.edk
gui_version=2015.07rc1
user=010328058
sim_type=Import
user_preferences_dir=C:/Users/010328058/.siauditor/
return_status_file=ipcFiles/0010328058retstat.eng0
"INSTALLED_SOFTWARE_VERSION=2015.07 Build 6"
"Release=2015.07 Build 6"
taxi=yes
units=english
argumentlist=ipcFiles/0010328058args.eng0
interface=C:/Myproject/ibis/interfaces/interface1/interface1.edk
Server=None
 
Log   file C:\Myproject\ibis\interfaces\interface1\logs\crosstalk_models.log
Debug file C:\Myproject\ibis\interfaces\interface1\logs\crosstalk_models.dbg
 
 
---------------------------------
 
Thu Oct 01 19:48:42 2015, Generated by: 010328058, Server: None, Windows, INSTALLED_SOFTWARE_VERSION: 2015.07 Build 6, Engine: 2015.07rc1, GUI: 2015.07rc1
Copyright (c) 2000 - 2015 Signal Integrity Software, Inc.
FLEXlm license
Engine Version 2015.07rc1 Windows Thu Oct 01 19:48:43 2015
Engine Arguments
C:\SiSoft\2015.07\bin\siaengine.exe
Validate
project=C:/Myproject/ibis/interfaces/interface1/interface1.edk
gui_version=2015.07rc1
user=010328058
user_preferences_dir=C:/Users/010328058/.siauditor/
simulator=IsSpice4
sim_type=all
schematic_set=set1.sset
return_status_file=ipcFiles/0010328058retstat.eng1
"INSTALLED_SOFTWARE_VERSION=2015.07 Build 6"
"Release=2015.07 Build 6"
taxi=yes
units=english
argumentlist=ipcFiles/0010328058args.eng1
interface=C:/Myproject/ibis/interfaces/interface1/interface1.edk
Server=None
 
Log   file C:\Myproject\ibis\interfaces\interface1\pre_sims\set1.sset\logs\validation.log
Debug file C:\Myproject\ibis\interfaces\interface1\pre_sims\set1.sset\logs\validation.dbg
 
     0 total validation errors
 
---------------------------------
 
Thu Oct 01 19:48:49 2015, Generated by: 010328058, Server: None, Windows, INSTALLED_SOFTWARE_VERSION: 2015.07 Build 6, Engine: 2015.07rc1, GUI: 2015.07rc1
Copyright (c) 2000 - 2015 Signal Integrity Software, Inc.
FLEXlm license
Engine Version 2015.07rc1 Windows Thu Oct 01 19:48:49 2015
Engine Arguments
C:\SiSoft\2015.07\bin\siaengine.exe
GENERATE_SPICE
project=C:/Myproject/ibis/interfaces/interface1/interface1.edk
gui_version=2015.07rc1
user=010328058
user_preferences_dir=C:/Users/010328058/.siauditor/
simulator=IsSpice4
sim_type=all
schematic_set=set1.sset
return_status_file=ipcFiles/0010328058retstat.eng2
"INSTALLED_SOFTWARE_VERSION=2015.07 Build 6"
"Release=2015.07 Build 6"
taxi=yes
units=english
argumentlist=ipcFiles/0010328058args.eng2
interface=C:/Myproject/ibis/interfaces/interface1/interface1.edk
Server=None
 
Log   file C:\Myproject\ibis\interfaces\interface1\pre_sims\set1.sset\logs\generate_spice.log
Debug file C:\Myproject\ibis\interfaces\interface1\pre_sims\set1.sset\logs\generate_spice.dbg
 
1 simulation decks generated
0 errors generating simulation decks
0 warnings generating simulation decks
 
---------------------------------
 
Thu Oct 01 19:49:09 2015, Generated by: 010328058, Server: None, Windows, INSTALLED_SOFTWARE_VERSION: 2015.07 Build 6, Engine: 2015.07rc1, GUI: 2015.07rc1
Copyright (c) 2000 - 2015 Signal Integrity Software, Inc.
FLEXlm license
Engine Version 2015.07rc1 Windows Thu Oct 01 19:49:09 2015
Engine Arguments
C:\SiSoft\2015.07\bin\siaengine.exe
SURF
project=C:/Myproject/ibis/interfaces/interface1/interface1.edk
gui_version=2015.07rc1
user=010328058
user_preferences_dir=C:/Users/010328058/.siauditor/
simulator=IsSpice4
sim_type=all
schematic_set=set1.sset
return_status_file=ipcFiles/0010328058retstat.eng3
"INSTALLED_SOFTWARE_VERSION=2015.07 Build 6"
"Release=2015.07 Build 6"
taxi=yes
units=english
argumentlist=ipcFiles/0010328058args.eng3
interface=C:/Myproject/ibis/interfaces/interface1/interface1.edk
Server=None
 
Log   file C:\Myproject\ibis\interfaces\interface1\pre_sims\set1.sset\logs\waveform_analysis.log
Debug file C:\Myproject\ibis\interfaces\interface1\pre_sims\set1.sset\logs\waveform_analysis.dbg
 
0 errors analyzing waveforms
0 warnings analyzing waveforms
 
---------------------------------
 
Thu Oct 01 19:49:15 2015, Generated by: 010328058, Server: None, Windows, INSTALLED_SOFTWARE_VERSION: 2015.07 Build 6, Engine: 2015.07rc1, GUI: 2015.07rc1
Copyright (c) 2000 - 2015 Signal Integrity Software, Inc.
FLEXlm license
Engine Version 2015.07rc1 Windows Thu Oct 01 19:49:15 2015
Engine Arguments
C:\SiSoft\2015.07\bin\siaengine.exe
TIMING
project=C:/Myproject/ibis/interfaces/interface1/interface1.edk
gui_version=2015.07rc1
user=010328058
user_preferences_dir=C:/Users/010328058/.siauditor/
simulator=IsSpice4
sim_type=all
schematic_set=set1.sset
return_status_file=ipcFiles/0010328058retstat.eng4
"INSTALLED_SOFTWARE_VERSION=2015.07 Build 6"
"Release=2015.07 Build 6"
taxi=yes
units=english
argumentlist=ipcFiles/0010328058args.eng4
interface=C:/Myproject/ibis/interfaces/interface1/interface1.edk
Server=None
 
Log   file C:\Myproject\ibis\interfaces\interface1\pre_sims\set1.sset\logs\timing_analysis.log
Debug file C:\Myproject\ibis\interfaces\interface1\pre_sims\set1.sset\logs\timing_analysis.dbg
 
2 errors generating timing analysis
1 warnings generating timing analysis
 
---------------------------------
 
Thu Oct 01 19:52:17 2015, Generated by: 010328058, Server: None, Windows, INSTALLED_SOFTWARE_VERSION: 2015.07 Build 6, Engine: 2015.07rc1, GUI: 2015.07rc1
Copyright (c) 2000 - 2015 Signal Integrity Software, Inc.
FLEXlm license
Engine Version 2015.07rc1 Windows Thu Oct 01 19:52:17 2015
Engine Arguments
C:\SiSoft\2015.07\bin\siaengine.exe
Validate
project=C:/Myproject/ibis/interfaces/interface1/interface1.edk
gui_version=2015.07rc1
user=010328058
user_preferences_dir=C:/Users/010328058/.siauditor/
simulator=IsSpice4
sim_type=all
schematic_set=set1.sset
return_status_file=ipcFiles/0010328058retstat.eng5
"INSTALLED_SOFTWARE_VERSION=2015.07 Build 6"
"Release=2015.07 Build 6"
taxi=yes
units=english
argumentlist=ipcFiles/0010328058args.eng5
interface=C:/Myproject/ibis/interfaces/interface1/interface1.edk
Server=None
 
Log   file C:\Myproject\ibis\interfaces\interface1\pre_sims\set1.sset\logs\validation.log
Debug file C:\Myproject\ibis\interfaces\interface1\pre_sims\set1.sset\logs\validation.dbg
 
     0 total validation errors
 
---------------------------------
 
Thu Oct 01 19:52:22 2015, Generated by: 010328058, Server: None, Windows, INSTALLED_SOFTWARE_VERSION: 2015.07 Build 6, Engine: 2015.07rc1, GUI: 2015.07rc1
Copyright (c) 2000 - 2015 Signal Integrity Software, Inc.
FLEXlm license
Engine Version 2015.07rc1 Windows Thu Oct 01 19:52:22 2015
Engine Arguments
C:\SiSoft\2015.07\bin\siaengine.exe
GENERATE_SPICE
project=C:/Myproject/ibis/interfaces/interface1/interface1.edk
gui_version=2015.07rc1
user=010328058
user_preferences_dir=C:/Users/010328058/.siauditor/
simulator=IsSpice4
sim_type=all
schematic_set=set1.sset
return_status_file=ipcFiles/0010328058retstat.eng6
"INSTALLED_SOFTWARE_VERSION=2015.07 Build 6"
"Release=2015.07 Build 6"
taxi=yes
units=english
argumentlist=ipcFiles/0010328058args.eng6
interface=C:/Myproject/ibis/interfaces/interface1/interface1.edk
Server=None
 
Log   file C:\Myproject\ibis\interfaces\interface1\pre_sims\set1.sset\logs\generate_spice.log
Debug file C:\Myproject\ibis\interfaces\interface1\pre_sims\set1.sset\logs\generate_spice.dbg
 
1 simulation decks generated
0 errors generating simulation decks
0 warnings generating simulation decks
 
---------------------------------
 
Thu Oct 01 19:52:32 2015, Generated by: 010328058, Server: None, Windows, INSTALLED_SOFTWARE_VERSION: 2015.07 Build 6, Engine: 2015.07rc1, GUI: 2015.07rc1
Copyright (c) 2000 - 2015 Signal Integrity Software, Inc.
FLEXlm license
Engine Version 2015.07rc1 Windows Thu Oct 01 19:52:32 2015
Engine Arguments
C:\SiSoft\2015.07\bin\siaengine.exe
SURF
project=C:/Myproject/ibis/interfaces/interface1/interface1.edk
gui_version=2015.07rc1
user=010328058
user_preferences_dir=C:/Users/010328058/.siauditor/
simulator=IsSpice4
sim_type=all
schematic_set=set1.sset
return_status_file=ipcFiles/0010328058retstat.eng7
"INSTALLED_SOFTWARE_VERSION=2015.07 Build 6"
"Release=2015.07 Build 6"
taxi=yes
units=english
argumentlist=ipcFiles/0010328058args.eng7
interface=C:/Myproject/ibis/interfaces/interface1/interface1.edk
Server=None
 
Log   file C:\Myproject\ibis\interfaces\interface1\pre_sims\set1.sset\logs\waveform_analysis.log
Debug file C:\Myproject\ibis\interfaces\interface1\pre_sims\set1.sset\logs\waveform_analysis.dbg
 
0 errors analyzing waveforms
0 warnings analyzing waveforms
 
---------------------------------
 
Thu Oct 01 19:52:38 2015, Generated by: 010328058, Server: None, Windows, INSTALLED_SOFTWARE_VERSION: 2015.07 Build 6, Engine: 2015.07rc1, GUI: 2015.07rc1
Copyright (c) 2000 - 2015 Signal Integrity Software, Inc.
FLEXlm license
Engine Version 2015.07rc1 Windows Thu Oct 01 19:52:38 2015
Engine Arguments
C:\SiSoft\2015.07\bin\siaengine.exe
TIMING
project=C:/Myproject/ibis/interfaces/interface1/interface1.edk
gui_version=2015.07rc1
user=010328058
user_preferences_dir=C:/Users/010328058/.siauditor/
simulator=IsSpice4
sim_type=all
schematic_set=set1.sset
return_status_file=ipcFiles/0010328058retstat.eng8
"INSTALLED_SOFTWARE_VERSION=2015.07 Build 6"
"Release=2015.07 Build 6"
taxi=yes
units=english
argumentlist=ipcFiles/0010328058args.eng8
interface=C:/Myproject/ibis/interfaces/interface1/interface1.edk
Server=None
 
Log   file C:\Myproject\ibis\interfaces\interface1\pre_sims\set1.sset\logs\timing_analysis.log
Debug file C:\Myproject\ibis\interfaces\interface1\pre_sims\set1.sset\logs\timing_analysis.dbg
 
2 errors generating timing analysis
1 warnings generating timing analysis
