 
---------------------------------
 
Thu Oct 08 19:35:14 2015, Generated by: 010328058, Server: None, Windows, INSTALLED_SOFTWARE_VERSION: 2015.07 Build 6, Engine: 2015.07rc1, GUI: 2015.07rc1
Copyright (c) 2000 - 2015 Signal Integrity Software, Inc.
FLEXlm license
Engine Version 2015.07rc1 Windows Thu Oct 08 19:35:14 2015
Engine Arguments
C:\SiSoft\2015.07\bin\siaengine.exe
crosstalk_models
project_client=C:/Myproject/chapter9/interfaces/3interfaceexample/3interfaceexample.edk
gui_version=2015.07rc1
user=010328058
sim_type=Import
user_preferences_dir=C:/Users/010328058/.siauditor/
return_status_file=ipcFiles/0010328058retstat.eng0
"INSTALLED_SOFTWARE_VERSION=2015.07 Build 6"
"Release=2015.07 Build 6"
taxi=yes
units=english
argumentlist=ipcFiles/0010328058args.eng0
interface=C:/Myproject/chapter9/interfaces/3interfaceexample/3interfaceexample.edk
Server=None
 
Log   file C:\Myproject\chapter9\interfaces\3interfaceexample\logs\crosstalk_models.log
Debug file C:\Myproject\chapter9\interfaces\3interfaceexample\logs\crosstalk_models.dbg
 
 
---------------------------------
 
Thu Oct 08 19:52:07 2015, Generated by: 010328058, Server: None, Windows, INSTALLED_SOFTWARE_VERSION: 2015.07 Build 6, Engine: 2015.07rc1, GUI: 2015.07rc1
Copyright (c) 2000 - 2015 Signal Integrity Software, Inc.
FLEXlm license
Engine Version 2015.07rc1 Windows Thu Oct 08 19:52:08 2015
Engine Arguments
C:\SiSoft\2015.07\bin\siaengine.exe
Validate
project=C:/Myproject/chapter9/interfaces/3interfaceexample/3interfaceexample.edk
gui_version=2015.07rc1
user=010328058
user_preferences_dir=C:/Users/010328058/.siauditor/
simulator=IsSpice4
sim_type=all
schematic_set=set1.sset
return_status_file=ipcFiles/0010328058retstat.eng1
"INSTALLED_SOFTWARE_VERSION=2015.07 Build 6"
"Release=2015.07 Build 6"
taxi=yes
units=english
argumentlist=ipcFiles/0010328058args.eng1
interface=C:/Myproject/chapter9/interfaces/3interfaceexample/3interfaceexample.edk
Server=None
 
Log   file C:\Myproject\chapter9\interfaces\3interfaceexample\pre_sims\set1.sset\logs\validation.log
Debug file C:\Myproject\chapter9\interfaces\3interfaceexample\pre_sims\set1.sset\logs\validation.dbg
 
     0 total validation errors
 
---------------------------------
 
Thu Oct 08 19:52:12 2015, Generated by: 010328058, Server: None, Windows, INSTALLED_SOFTWARE_VERSION: 2015.07 Build 6, Engine: 2015.07rc1, GUI: 2015.07rc1
Copyright (c) 2000 - 2015 Signal Integrity Software, Inc.
FLEXlm license
Engine Version 2015.07rc1 Windows Thu Oct 08 19:52:12 2015
Engine Arguments
C:\SiSoft\2015.07\bin\siaengine.exe
GENERATE_SPICE
project=C:/Myproject/chapter9/interfaces/3interfaceexample/3interfaceexample.edk
gui_version=2015.07rc1
user=010328058
user_preferences_dir=C:/Users/010328058/.siauditor/
simulator=IsSpice4
sim_type=all
schematic_set=set1.sset
return_status_file=ipcFiles/0010328058retstat.eng2
"INSTALLED_SOFTWARE_VERSION=2015.07 Build 6"
"Release=2015.07 Build 6"
taxi=yes
units=english
argumentlist=ipcFiles/0010328058args.eng2
interface=C:/Myproject/chapter9/interfaces/3interfaceexample/3interfaceexample.edk
Server=None
 
Log   file C:\Myproject\chapter9\interfaces\3interfaceexample\pre_sims\set1.sset\logs\generate_spice.log
Debug file C:\Myproject\chapter9\interfaces\3interfaceexample\pre_sims\set1.sset\logs\generate_spice.dbg
 
2 simulation decks generated
0 errors generating simulation decks
0 warnings generating simulation decks
 
---------------------------------
 
Thu Oct 08 19:52:24 2015, Generated by: 010328058, Server: None, Windows, INSTALLED_SOFTWARE_VERSION: 2015.07 Build 6, Engine: 2015.07rc1, GUI: 2015.07rc1
Copyright (c) 2000 - 2015 Signal Integrity Software, Inc.
FLEXlm license
Engine Version 2015.07rc1 Windows Thu Oct 08 19:52:24 2015
Engine Arguments
C:\SiSoft\2015.07\bin\siaengine.exe
SURF
project=C:/Myproject/chapter9/interfaces/3interfaceexample/3interfaceexample.edk
gui_version=2015.07rc1
user=010328058
user_preferences_dir=C:/Users/010328058/.siauditor/
simulator=IsSpice4
sim_type=all
schematic_set=set1.sset
return_status_file=ipcFiles/0010328058retstat.eng3
"INSTALLED_SOFTWARE_VERSION=2015.07 Build 6"
"Release=2015.07 Build 6"
taxi=yes
units=english
argumentlist=ipcFiles/0010328058args.eng3
interface=C:/Myproject/chapter9/interfaces/3interfaceexample/3interfaceexample.edk
Server=None
 
Log   file C:\Myproject\chapter9\interfaces\3interfaceexample\pre_sims\set1.sset\logs\waveform_analysis.log
Debug file C:\Myproject\chapter9\interfaces\3interfaceexample\pre_sims\set1.sset\logs\waveform_analysis.dbg
 
0 errors analyzing waveforms
0 warnings analyzing waveforms
 
---------------------------------
 
Thu Oct 08 19:52:28 2015, Generated by: 010328058, Server: None, Windows, INSTALLED_SOFTWARE_VERSION: 2015.07 Build 6, Engine: 2015.07rc1, GUI: 2015.07rc1
Copyright (c) 2000 - 2015 Signal Integrity Software, Inc.
FLEXlm license
Engine Version 2015.07rc1 Windows Thu Oct 08 19:52:28 2015
Engine Arguments
C:\SiSoft\2015.07\bin\siaengine.exe
TIMING
project=C:/Myproject/chapter9/interfaces/3interfaceexample/3interfaceexample.edk
gui_version=2015.07rc1
user=010328058
user_preferences_dir=C:/Users/010328058/.siauditor/
simulator=IsSpice4
sim_type=all
schematic_set=set1.sset
return_status_file=ipcFiles/0010328058retstat.eng4
"INSTALLED_SOFTWARE_VERSION=2015.07 Build 6"
"Release=2015.07 Build 6"
taxi=yes
units=english
argumentlist=ipcFiles/0010328058args.eng4
interface=C:/Myproject/chapter9/interfaces/3interfaceexample/3interfaceexample.edk
Server=None
 
Log   file C:\Myproject\chapter9\interfaces\3interfaceexample\pre_sims\set1.sset\logs\timing_analysis.log
Debug file C:\Myproject\chapter9\interfaces\3interfaceexample\pre_sims\set1.sset\logs\timing_analysis.dbg
 
2 errors generating timing analysis
1 warnings generating timing analysis
 
---------------------------------
 
Thu Oct 08 20:04:29 2015, Generated by: 010328058, Server: None, Windows, INSTALLED_SOFTWARE_VERSION: 2015.07 Build 6, Engine: 2015.07rc1, GUI: 2015.07rc1
Copyright (c) 2000 - 2015 Signal Integrity Software, Inc.
FLEXlm license
Engine Version 2015.07rc1 Windows Thu Oct 08 20:04:29 2015
Engine Arguments
C:\SiSoft\2015.07\bin\siaengine.exe
Validate
project=C:/Myproject/chapter9/interfaces/3interfaceexample/3interfaceexample.edk
gui_version=2015.07rc1
user=010328058
user_preferences_dir=C:/Users/010328058/.siauditor/
simulator=IsSpice4
sim_type=all
schematic_set=set1.sset
return_status_file=ipcFiles/0010328058retstat.eng5
"INSTALLED_SOFTWARE_VERSION=2015.07 Build 6"
"Release=2015.07 Build 6"
taxi=yes
units=english
argumentlist=ipcFiles/0010328058args.eng5
interface=C:/Myproject/chapter9/interfaces/3interfaceexample/3interfaceexample.edk
Server=None
 
Log   file C:\Myproject\chapter9\interfaces\3interfaceexample\pre_sims\set1.sset\logs\validation.log
Debug file C:\Myproject\chapter9\interfaces\3interfaceexample\pre_sims\set1.sset\logs\validation.dbg
 
     0 total validation errors
 
---------------------------------
 
Thu Oct 08 20:04:33 2015, Generated by: 010328058, Server: None, Windows, INSTALLED_SOFTWARE_VERSION: 2015.07 Build 6, Engine: 2015.07rc1, GUI: 2015.07rc1
Copyright (c) 2000 - 2015 Signal Integrity Software, Inc.
FLEXlm license
Engine Version 2015.07rc1 Windows Thu Oct 08 20:04:33 2015
Engine Arguments
C:\SiSoft\2015.07\bin\siaengine.exe
GENERATE_SPICE
project=C:/Myproject/chapter9/interfaces/3interfaceexample/3interfaceexample.edk
gui_version=2015.07rc1
user=010328058
user_preferences_dir=C:/Users/010328058/.siauditor/
simulator=IsSpice4
sim_type=all
schematic_set=set1.sset
return_status_file=ipcFiles/0010328058retstat.eng6
"INSTALLED_SOFTWARE_VERSION=2015.07 Build 6"
"Release=2015.07 Build 6"
taxi=yes
units=english
argumentlist=ipcFiles/0010328058args.eng6
interface=C:/Myproject/chapter9/interfaces/3interfaceexample/3interfaceexample.edk
Server=None
 
Log   file C:\Myproject\chapter9\interfaces\3interfaceexample\pre_sims\set1.sset\logs\generate_spice.log
Debug file C:\Myproject\chapter9\interfaces\3interfaceexample\pre_sims\set1.sset\logs\generate_spice.dbg
 
2 simulation decks generated
0 errors generating simulation decks
0 warnings generating simulation decks
 
---------------------------------
 
Thu Oct 08 20:04:44 2015, Generated by: 010328058, Server: None, Windows, INSTALLED_SOFTWARE_VERSION: 2015.07 Build 6, Engine: 2015.07rc1, GUI: 2015.07rc1
Copyright (c) 2000 - 2015 Signal Integrity Software, Inc.
FLEXlm license
Engine Version 2015.07rc1 Windows Thu Oct 08 20:04:45 2015
Engine Arguments
C:\SiSoft\2015.07\bin\siaengine.exe
SURF
project=C:/Myproject/chapter9/interfaces/3interfaceexample/3interfaceexample.edk
gui_version=2015.07rc1
user=010328058
user_preferences_dir=C:/Users/010328058/.siauditor/
simulator=IsSpice4
sim_type=all
schematic_set=set1.sset
return_status_file=ipcFiles/0010328058retstat.eng7
"INSTALLED_SOFTWARE_VERSION=2015.07 Build 6"
"Release=2015.07 Build 6"
taxi=yes
units=english
argumentlist=ipcFiles/0010328058args.eng7
interface=C:/Myproject/chapter9/interfaces/3interfaceexample/3interfaceexample.edk
Server=None
 
Log   file C:\Myproject\chapter9\interfaces\3interfaceexample\pre_sims\set1.sset\logs\waveform_analysis.log
Debug file C:\Myproject\chapter9\interfaces\3interfaceexample\pre_sims\set1.sset\logs\waveform_analysis.dbg
 
0 errors analyzing waveforms
12 warnings analyzing waveforms
 
---------------------------------
 
Thu Oct 08 20:04:49 2015, Generated by: 010328058, Server: None, Windows, INSTALLED_SOFTWARE_VERSION: 2015.07 Build 6, Engine: 2015.07rc1, GUI: 2015.07rc1
Copyright (c) 2000 - 2015 Signal Integrity Software, Inc.
FLEXlm license
Engine Version 2015.07rc1 Windows Thu Oct 08 20:04:49 2015
Engine Arguments
C:\SiSoft\2015.07\bin\siaengine.exe
TIMING
project=C:/Myproject/chapter9/interfaces/3interfaceexample/3interfaceexample.edk
gui_version=2015.07rc1
user=010328058
user_preferences_dir=C:/Users/010328058/.siauditor/
simulator=IsSpice4
sim_type=all
schematic_set=set1.sset
return_status_file=ipcFiles/0010328058retstat.eng8
"INSTALLED_SOFTWARE_VERSION=2015.07 Build 6"
"Release=2015.07 Build 6"
taxi=yes
units=english
argumentlist=ipcFiles/0010328058args.eng8
interface=C:/Myproject/chapter9/interfaces/3interfaceexample/3interfaceexample.edk
Server=None
 
Log   file C:\Myproject\chapter9\interfaces\3interfaceexample\pre_sims\set1.sset\logs\timing_analysis.log
Debug file C:\Myproject\chapter9\interfaces\3interfaceexample\pre_sims\set1.sset\logs\timing_analysis.dbg
 
2 errors generating timing analysis
1 warnings generating timing analysis
 
---------------------------------
 
Thu Oct 08 20:28:35 2015, Generated by: 010328058, Server: None, Windows, INSTALLED_SOFTWARE_VERSION: 2015.07 Build 6, Engine: 2015.07rc1, GUI: 2015.07rc1
Copyright (c) 2000 - 2015 Signal Integrity Software, Inc.
FLEXlm license
Engine Version 2015.07rc1 Windows Thu Oct 08 20:28:36 2015
Engine Arguments
C:\SiSoft\2015.07\bin\siaengine.exe
Validate
project=C:/Myproject/chapter9/interfaces/3interfaceexample/3interfaceexample.edk
gui_version=2015.07rc1
user=010328058
user_preferences_dir=C:/Users/010328058/.siauditor/
simulator=IsSpice4
sim_type=all
schematic_set=set1.sset
return_status_file=ipcFiles/0010328058retstat.eng9
"INSTALLED_SOFTWARE_VERSION=2015.07 Build 6"
"Release=2015.07 Build 6"
taxi=yes
units=english
argumentlist=ipcFiles/0010328058args.eng9
interface=C:/Myproject/chapter9/interfaces/3interfaceexample/3interfaceexample.edk
Server=None
 
Log   file C:\Myproject\chapter9\interfaces\3interfaceexample\pre_sims\set1.sset\logs\validation.log
Debug file C:\Myproject\chapter9\interfaces\3interfaceexample\pre_sims\set1.sset\logs\validation.dbg
 
     0 total validation errors
 
---------------------------------
 
Thu Oct 08 20:28:40 2015, Generated by: 010328058, Server: None, Windows, INSTALLED_SOFTWARE_VERSION: 2015.07 Build 6, Engine: 2015.07rc1, GUI: 2015.07rc1
Copyright (c) 2000 - 2015 Signal Integrity Software, Inc.
FLEXlm license
Engine Version 2015.07rc1 Windows Thu Oct 08 20:28:40 2015
Engine Arguments
C:\SiSoft\2015.07\bin\siaengine.exe
GENERATE_SPICE
project=C:/Myproject/chapter9/interfaces/3interfaceexample/3interfaceexample.edk
gui_version=2015.07rc1
user=010328058
user_preferences_dir=C:/Users/010328058/.siauditor/
simulator=IsSpice4
sim_type=all
schematic_set=set1.sset
return_status_file=ipcFiles/0010328058retstat.eng10
"INSTALLED_SOFTWARE_VERSION=2015.07 Build 6"
"Release=2015.07 Build 6"
taxi=yes
units=english
argumentlist=ipcFiles/0010328058args.eng10
interface=C:/Myproject/chapter9/interfaces/3interfaceexample/3interfaceexample.edk
Server=None
 
Log   file C:\Myproject\chapter9\interfaces\3interfaceexample\pre_sims\set1.sset\logs\generate_spice.log
Debug file C:\Myproject\chapter9\interfaces\3interfaceexample\pre_sims\set1.sset\logs\generate_spice.dbg
 
1 simulation decks generated
0 errors generating simulation decks
0 warnings generating simulation decks
 
---------------------------------
 
Thu Oct 08 20:28:49 2015, Generated by: 010328058, Server: None, Windows, INSTALLED_SOFTWARE_VERSION: 2015.07 Build 6, Engine: 2015.07rc1, GUI: 2015.07rc1
Copyright (c) 2000 - 2015 Signal Integrity Software, Inc.
FLEXlm license
Engine Version 2015.07rc1 Windows Thu Oct 08 20:28:49 2015
Engine Arguments
C:\SiSoft\2015.07\bin\siaengine.exe
SURF
project=C:/Myproject/chapter9/interfaces/3interfaceexample/3interfaceexample.edk
gui_version=2015.07rc1
user=010328058
user_preferences_dir=C:/Users/010328058/.siauditor/
simulator=IsSpice4
sim_type=all
schematic_set=set1.sset
return_status_file=ipcFiles/0010328058retstat.eng11
"INSTALLED_SOFTWARE_VERSION=2015.07 Build 6"
"Release=2015.07 Build 6"
taxi=yes
units=english
argumentlist=ipcFiles/0010328058args.eng11
interface=C:/Myproject/chapter9/interfaces/3interfaceexample/3interfaceexample.edk
Server=None
 
Log   file C:\Myproject\chapter9\interfaces\3interfaceexample\pre_sims\set1.sset\logs\waveform_analysis.log
Debug file C:\Myproject\chapter9\interfaces\3interfaceexample\pre_sims\set1.sset\logs\waveform_analysis.dbg
 
0 errors analyzing waveforms
6 warnings analyzing waveforms
 
---------------------------------
 
Thu Oct 08 20:28:53 2015, Generated by: 010328058, Server: None, Windows, INSTALLED_SOFTWARE_VERSION: 2015.07 Build 6, Engine: 2015.07rc1, GUI: 2015.07rc1
Copyright (c) 2000 - 2015 Signal Integrity Software, Inc.
FLEXlm license
Engine Version 2015.07rc1 Windows Thu Oct 08 20:28:54 2015
Engine Arguments
C:\SiSoft\2015.07\bin\siaengine.exe
TIMING
project=C:/Myproject/chapter9/interfaces/3interfaceexample/3interfaceexample.edk
gui_version=2015.07rc1
user=010328058
user_preferences_dir=C:/Users/010328058/.siauditor/
simulator=IsSpice4
sim_type=all
schematic_set=set1.sset
return_status_file=ipcFiles/0010328058retstat.eng12
"INSTALLED_SOFTWARE_VERSION=2015.07 Build 6"
"Release=2015.07 Build 6"
taxi=yes
units=english
argumentlist=ipcFiles/0010328058args.eng12
interface=C:/Myproject/chapter9/interfaces/3interfaceexample/3interfaceexample.edk
Server=None
 
Log   file C:\Myproject\chapter9\interfaces\3interfaceexample\pre_sims\set1.sset\logs\timing_analysis.log
Debug file C:\Myproject\chapter9\interfaces\3interfaceexample\pre_sims\set1.sset\logs\timing_analysis.dbg
 
2 errors generating timing analysis
1 warnings generating timing analysis
 
---------------------------------
 
Thu Oct 08 20:32:09 2015, Generated by: 010328058, Server: None, Windows, INSTALLED_SOFTWARE_VERSION: 2015.07 Build 6, Engine: 2015.07rc1, GUI: 2015.07rc1
Copyright (c) 2000 - 2015 Signal Integrity Software, Inc.
FLEXlm license
Engine Version 2015.07rc1 Windows Thu Oct 08 20:32:10 2015
Engine Arguments
C:\SiSoft\2015.07\bin\siaengine.exe
Validate
project=C:/Myproject/chapter9/interfaces/3interfaceexample/3interfaceexample.edk
gui_version=2015.07rc1
user=010328058
user_preferences_dir=C:/Users/010328058/.siauditor/
simulator=IsSpice4
sim_type=all
schematic_set=set1.sset
return_status_file=ipcFiles/0010328058retstat.eng13
"INSTALLED_SOFTWARE_VERSION=2015.07 Build 6"
"Release=2015.07 Build 6"
taxi=yes
units=english
argumentlist=ipcFiles/0010328058args.eng13
interface=C:/Myproject/chapter9/interfaces/3interfaceexample/3interfaceexample.edk
Server=None
 
Log   file C:\Myproject\chapter9\interfaces\3interfaceexample\pre_sims\set1.sset\logs\validation.log
Debug file C:\Myproject\chapter9\interfaces\3interfaceexample\pre_sims\set1.sset\logs\validation.dbg
 
     0 total validation errors
 
---------------------------------
 
Thu Oct 08 20:32:13 2015, Generated by: 010328058, Server: None, Windows, INSTALLED_SOFTWARE_VERSION: 2015.07 Build 6, Engine: 2015.07rc1, GUI: 2015.07rc1
Copyright (c) 2000 - 2015 Signal Integrity Software, Inc.
FLEXlm license
Engine Version 2015.07rc1 Windows Thu Oct 08 20:32:13 2015
Engine Arguments
C:\SiSoft\2015.07\bin\siaengine.exe
GENERATE_SPICE
project=C:/Myproject/chapter9/interfaces/3interfaceexample/3interfaceexample.edk
gui_version=2015.07rc1
user=010328058
user_preferences_dir=C:/Users/010328058/.siauditor/
simulator=IsSpice4
sim_type=all
schematic_set=set1.sset
return_status_file=ipcFiles/0010328058retstat.eng14
"INSTALLED_SOFTWARE_VERSION=2015.07 Build 6"
"Release=2015.07 Build 6"
taxi=yes
units=english
argumentlist=ipcFiles/0010328058args.eng14
interface=C:/Myproject/chapter9/interfaces/3interfaceexample/3interfaceexample.edk
Server=None
 
Log   file C:\Myproject\chapter9\interfaces\3interfaceexample\pre_sims\set1.sset\logs\generate_spice.log
Debug file C:\Myproject\chapter9\interfaces\3interfaceexample\pre_sims\set1.sset\logs\generate_spice.dbg
 
2 simulation decks generated
0 errors generating simulation decks
0 warnings generating simulation decks
 
---------------------------------
 
Thu Oct 08 20:32:22 2015, Generated by: 010328058, Server: None, Windows, INSTALLED_SOFTWARE_VERSION: 2015.07 Build 6, Engine: 2015.07rc1, GUI: 2015.07rc1
Copyright (c) 2000 - 2015 Signal Integrity Software, Inc.
FLEXlm license
Engine Version 2015.07rc1 Windows Thu Oct 08 20:32:23 2015
Engine Arguments
C:\SiSoft\2015.07\bin\siaengine.exe
SURF
project=C:/Myproject/chapter9/interfaces/3interfaceexample/3interfaceexample.edk
gui_version=2015.07rc1
user=010328058
user_preferences_dir=C:/Users/010328058/.siauditor/
simulator=IsSpice4
sim_type=all
schematic_set=set1.sset
return_status_file=ipcFiles/0010328058retstat.eng15
"INSTALLED_SOFTWARE_VERSION=2015.07 Build 6"
"Release=2015.07 Build 6"
taxi=yes
units=english
argumentlist=ipcFiles/0010328058args.eng15
interface=C:/Myproject/chapter9/interfaces/3interfaceexample/3interfaceexample.edk
Server=None
 
Log   file C:\Myproject\chapter9\interfaces\3interfaceexample\pre_sims\set1.sset\logs\waveform_analysis.log
Debug file C:\Myproject\chapter9\interfaces\3interfaceexample\pre_sims\set1.sset\logs\waveform_analysis.dbg
 
0 errors analyzing waveforms
12 warnings analyzing waveforms
 
---------------------------------
 
Thu Oct 08 20:32:27 2015, Generated by: 010328058, Server: None, Windows, INSTALLED_SOFTWARE_VERSION: 2015.07 Build 6, Engine: 2015.07rc1, GUI: 2015.07rc1
Copyright (c) 2000 - 2015 Signal Integrity Software, Inc.
FLEXlm license
Engine Version 2015.07rc1 Windows Thu Oct 08 20:32:27 2015
Engine Arguments
C:\SiSoft\2015.07\bin\siaengine.exe
TIMING
project=C:/Myproject/chapter9/interfaces/3interfaceexample/3interfaceexample.edk
gui_version=2015.07rc1
user=010328058
user_preferences_dir=C:/Users/010328058/.siauditor/
simulator=IsSpice4
sim_type=all
schematic_set=set1.sset
return_status_file=ipcFiles/0010328058retstat.eng16
"INSTALLED_SOFTWARE_VERSION=2015.07 Build 6"
"Release=2015.07 Build 6"
taxi=yes
units=english
argumentlist=ipcFiles/0010328058args.eng16
interface=C:/Myproject/chapter9/interfaces/3interfaceexample/3interfaceexample.edk
Server=None
 
Log   file C:\Myproject\chapter9\interfaces\3interfaceexample\pre_sims\set1.sset\logs\timing_analysis.log
Debug file C:\Myproject\chapter9\interfaces\3interfaceexample\pre_sims\set1.sset\logs\timing_analysis.dbg
 
2 errors generating timing analysis
1 warnings generating timing analysis
 
---------------------------------
 
Thu Oct 08 20:35:13 2015, Generated by: 010328058, Server: None, Windows, INSTALLED_SOFTWARE_VERSION: 2015.07 Build 6, Engine: 2015.07rc1, GUI: 2015.07rc1
Copyright (c) 2000 - 2015 Signal Integrity Software, Inc.
FLEXlm license
Engine Version 2015.07rc1 Windows Thu Oct 08 20:35:14 2015
Engine Arguments
C:\SiSoft\2015.07\bin\siaengine.exe
Validate
project=C:/Myproject/chapter9/interfaces/3interfaceexample/3interfaceexample.edk
gui_version=2015.07rc1
user=010328058
user_preferences_dir=C:/Users/010328058/.siauditor/
simulator=IsSpice4
sim_type=all
schematic_set=set1.sset
return_status_file=ipcFiles/0010328058retstat.eng17
"INSTALLED_SOFTWARE_VERSION=2015.07 Build 6"
"Release=2015.07 Build 6"
taxi=yes
units=english
argumentlist=ipcFiles/0010328058args.eng17
interface=C:/Myproject/chapter9/interfaces/3interfaceexample/3interfaceexample.edk
Server=None
 
Log   file C:\Myproject\chapter9\interfaces\3interfaceexample\pre_sims\set1.sset\logs\validation.log
Debug file C:\Myproject\chapter9\interfaces\3interfaceexample\pre_sims\set1.sset\logs\validation.dbg
 
     0 total validation errors
 
---------------------------------
 
Thu Oct 08 20:35:17 2015, Generated by: 010328058, Server: None, Windows, INSTALLED_SOFTWARE_VERSION: 2015.07 Build 6, Engine: 2015.07rc1, GUI: 2015.07rc1
Copyright (c) 2000 - 2015 Signal Integrity Software, Inc.
FLEXlm license
Engine Version 2015.07rc1 Windows Thu Oct 08 20:35:17 2015
Engine Arguments
C:\SiSoft\2015.07\bin\siaengine.exe
GENERATE_SPICE
project=C:/Myproject/chapter9/interfaces/3interfaceexample/3interfaceexample.edk
gui_version=2015.07rc1
user=010328058
user_preferences_dir=C:/Users/010328058/.siauditor/
simulator=IsSpice4
sim_type=all
schematic_set=set1.sset
return_status_file=ipcFiles/0010328058retstat.eng18
"INSTALLED_SOFTWARE_VERSION=2015.07 Build 6"
"Release=2015.07 Build 6"
taxi=yes
units=english
argumentlist=ipcFiles/0010328058args.eng18
interface=C:/Myproject/chapter9/interfaces/3interfaceexample/3interfaceexample.edk
Server=None
 
Log   file C:\Myproject\chapter9\interfaces\3interfaceexample\pre_sims\set1.sset\logs\generate_spice.log
Debug file C:\Myproject\chapter9\interfaces\3interfaceexample\pre_sims\set1.sset\logs\generate_spice.dbg
 
1 simulation decks generated
0 errors generating simulation decks
0 warnings generating simulation decks
 
---------------------------------
 
Thu Oct 08 20:35:26 2015, Generated by: 010328058, Server: None, Windows, INSTALLED_SOFTWARE_VERSION: 2015.07 Build 6, Engine: 2015.07rc1, GUI: 2015.07rc1
Copyright (c) 2000 - 2015 Signal Integrity Software, Inc.
FLEXlm license
Engine Version 2015.07rc1 Windows Thu Oct 08 20:35:26 2015
Engine Arguments
C:\SiSoft\2015.07\bin\siaengine.exe
SURF
project=C:/Myproject/chapter9/interfaces/3interfaceexample/3interfaceexample.edk
gui_version=2015.07rc1
user=010328058
user_preferences_dir=C:/Users/010328058/.siauditor/
simulator=IsSpice4
sim_type=all
schematic_set=set1.sset
return_status_file=ipcFiles/0010328058retstat.eng19
"INSTALLED_SOFTWARE_VERSION=2015.07 Build 6"
"Release=2015.07 Build 6"
taxi=yes
units=english
argumentlist=ipcFiles/0010328058args.eng19
interface=C:/Myproject/chapter9/interfaces/3interfaceexample/3interfaceexample.edk
Server=None
 
Log   file C:\Myproject\chapter9\interfaces\3interfaceexample\pre_sims\set1.sset\logs\waveform_analysis.log
Debug file C:\Myproject\chapter9\interfaces\3interfaceexample\pre_sims\set1.sset\logs\waveform_analysis.dbg
 
0 errors analyzing waveforms
6 warnings analyzing waveforms
 
---------------------------------
 
Thu Oct 08 20:35:30 2015, Generated by: 010328058, Server: None, Windows, INSTALLED_SOFTWARE_VERSION: 2015.07 Build 6, Engine: 2015.07rc1, GUI: 2015.07rc1
Copyright (c) 2000 - 2015 Signal Integrity Software, Inc.
FLEXlm license
Engine Version 2015.07rc1 Windows Thu Oct 08 20:35:30 2015
Engine Arguments
C:\SiSoft\2015.07\bin\siaengine.exe
TIMING
project=C:/Myproject/chapter9/interfaces/3interfaceexample/3interfaceexample.edk
gui_version=2015.07rc1
user=010328058
user_preferences_dir=C:/Users/010328058/.siauditor/
simulator=IsSpice4
sim_type=all
schematic_set=set1.sset
return_status_file=ipcFiles/0010328058retstat.eng20
"INSTALLED_SOFTWARE_VERSION=2015.07 Build 6"
"Release=2015.07 Build 6"
taxi=yes
units=english
argumentlist=ipcFiles/0010328058args.eng20
interface=C:/Myproject/chapter9/interfaces/3interfaceexample/3interfaceexample.edk
Server=None
 
Log   file C:\Myproject\chapter9\interfaces\3interfaceexample\pre_sims\set1.sset\logs\timing_analysis.log
Debug file C:\Myproject\chapter9\interfaces\3interfaceexample\pre_sims\set1.sset\logs\timing_analysis.dbg
 
2 errors generating timing analysis
1 warnings generating timing analysis
 
---------------------------------
 
Thu Oct 15 18:37:26 2015, Generated by: 010328058, Server: None, Windows, INSTALLED_SOFTWARE_VERSION: 2015.07 Build 6, Engine: 2015.07rc1, GUI: 2015.07rc1
Copyright (c) 2000 - 2015 Signal Integrity Software, Inc.
FLEXlm license
Engine Version 2015.07rc1 Windows Thu Oct 15 18:37:26 2015
Engine Arguments
C:\SiSoft\2015.07\bin\siaengine.exe
crosstalk_models
project_client=C:/Myproject/chapter9/interfaces/3interfaceexample/3interfaceexample.edk
gui_version=2015.07rc1
user=010328058
sim_type=Import
user_preferences_dir=C:/Users/010328058/.siauditor/
return_status_file=ipcFiles/0010328058retstat.eng0
"INSTALLED_SOFTWARE_VERSION=2015.07 Build 6"
"Release=2015.07 Build 6"
taxi=yes
units=english
argumentlist=ipcFiles/0010328058args.eng0
interface=C:/Myproject/chapter9/interfaces/3interfaceexample/3interfaceexample.edk
Server=None
 
Log   file C:\Myproject\chapter9\interfaces\3interfaceexample\logs\crosstalk_models.log
Debug file C:\Myproject\chapter9\interfaces\3interfaceexample\logs\crosstalk_models.dbg
 
