Thu Sep 24 20:37:02 2015, Generated by: 010328058, Server: None, Windows, INSTALLED_SOFTWARE_VERSION: 2015.07 Build 6, Engine: 2015.07rc1, GUI: 2015.07rc1
Copyright (c) 2000 - 2015 Signal Integrity Software, Inc.
FLEXlm license
 
Interface File C:\Myproject\project1\interfaces\interface1\interface1.edk
Log File     generate_spice.log
 
Schematic Set: set1
Transfer Net                 States
sheet1                       default
sheet3                       default
sheet4                       default
 
Generate simulation decks for Transfer Net sheet1
Generate simulation decks for Transfer Net sheet3
Generate simulation decks for Transfer Net sheet4
 
	
 
3 simulation decks generated using stimulus.txt from transfer net
 
3 simulation decks generated
3 standard load simulation decks generated
0 errors generating simulation decks
0 warnings generating simulation decks
	
Job Concluded: Thu Sep 24 20:37:03 2015
Elapsed Time: 1 seconds
