Thu Sep 24 20:37:16 2015, Generated by: 010328058, Server: None, Windows, INSTALLED_SOFTWARE_VERSION: 2015.07 Build 6, Engine: 2015.07rc1, GUI: 2015.07rc1
Copyright (c) 2000 - 2015 Signal Integrity Software, Inc.
FLEXlm license
 
Interface File C:\Myproject\project1\interfaces\interface1\interface1.edk
Log File     timing_analysis.log
 
Schematic Set: set1
Transfer Net                 States
sheet1                       default
sheet3                       default
sheet4                       default
 
	
Setup Margin (ns)    Hold Margin (ns)    Transfer Net
-1.310               1.780               sheet1
4.363                2.199               sheet3
5.364                1.823               sheet4
 
 
Timing Analysis Summary
 
**Warning** 2 Transfers have negative synchronous timing margins
 
0 errors generating timing analysis
1 warnings generating timing analysis
	
Job Concluded: Thu Sep 24 20:37:17 2015
Elapsed Time: 1 seconds
