Thu Sep 24 20:37:11 2015, Generated by: 010328058, Server: None, Windows, INSTALLED_SOFTWARE_VERSION: 2015.07 Build 6, Engine: 2015.07rc1, GUI: 2015.07rc1
Copyright (c) 2000 - 2015 Signal Integrity Software, Inc.
FLEXlm license
 
Interface File C:\Myproject\project1\interfaces\interface1\interface1.edk
Log File     waveform_analysis.log
 
Schematic Set: set1
Transfer Net                 States
sheet1                       default
sheet3                       default
sheet4                       default
 
 
Waveform analysis for Transfer Net sheet1
 
0 fatal waveform errors
0 waveform quality warnings
0 waveform overshoot warnings
 
Waveform analysis for Transfer Net sheet3
 
0 fatal waveform errors
6 waveform quality warnings (Waveform Quality tab)
0 waveform overshoot warnings
 
Waveform analysis for Transfer Net sheet4
 
0 fatal waveform errors
0 waveform quality warnings
6 waveform overshoot warnings (Waveform Overshoot tab)
 
 
Waveform Analysis Summary
 
	
0 total fatal waveform errors
6 total waveform quality warnings (Waveform Quality tab)
12 total waveform overshoot warnings (Waveform Overshoot tab)
 
0 errors analyzing waveforms
12 warnings analyzing waveforms
	
Job Concluded: Thu Sep 24 20:37:13 2015
Elapsed Time: 2 seconds
