 
---------------------------------
 
Thu Oct 29 18:36:24 2015, Generated by: 010328058, Server: None, Windows, INSTALLED_SOFTWARE_VERSION: 2015.07 Build 6, Engine: 2015.07rc1, GUI: 2015.07rc1
Copyright (c) 2000 - 2015 Signal Integrity Software, Inc.
FLEXlm license
Engine Version 2015.07rc1 Windows Thu Oct 29 18:36:24 2015
Engine Arguments
C:\SiSoft\2015.07\bin\siaengine.exe
crosstalk_models
project_client=C:/Myproject/PCI/interfaces/PCI_AD/PCI_AD.edk
gui_version=2015.07rc1
user=010328058
sim_type=Import
user_preferences_dir=C:/Users/010328058/.siauditor/
return_status_file=ipcFiles/0010328058retstat.eng0
"INSTALLED_SOFTWARE_VERSION=2015.07 Build 6"
"Release=2015.07 Build 6"
taxi=yes
units=english
argumentlist=ipcFiles/0010328058args.eng0
interface=C:/Myproject/PCI/interfaces/PCI_AD/PCI_AD.edk
Server=None
 
Log   file C:\Myproject\PCI\interfaces\PCI_AD\logs\crosstalk_models.log
Debug file C:\Myproject\PCI\interfaces\PCI_AD\logs\crosstalk_models.dbg
 
 
---------------------------------
 
Thu Oct 29 18:57:43 2015, Generated by: 010328058, Server: None, Windows, INSTALLED_SOFTWARE_VERSION: 2015.07 Build 6, Engine: 2015.07rc1, GUI: 2015.07rc1
Copyright (c) 2000 - 2015 Signal Integrity Software, Inc.
FLEXlm license
Engine Version 2015.07rc1 Windows Thu Oct 29 18:57:44 2015
Engine Arguments
C:\SiSoft\2015.07\bin\siaengine.exe
Validate
project=C:/Myproject/PCI/interfaces/PCI_AD/PCI_AD.edk
gui_version=2015.07rc1
user=010328058
user_preferences_dir=C:/Users/010328058/.siauditor/
simulator=IsSpice4
sim_type=all
schematic_set=set1.sset
return_status_file=ipcFiles/0010328058retstat.eng1
"INSTALLED_SOFTWARE_VERSION=2015.07 Build 6"
"Release=2015.07 Build 6"
taxi=yes
units=english
argumentlist=ipcFiles/0010328058args.eng1
interface=C:/Myproject/PCI/interfaces/PCI_AD/PCI_AD.edk
Server=None
 
Log   file C:\Myproject\PCI\interfaces\PCI_AD\pre_sims\set1.sset\logs\validation.log
Debug file C:\Myproject\PCI\interfaces\PCI_AD\pre_sims\set1.sset\logs\validation.dbg
 
     0 total validation errors
 
---------------------------------
 
Thu Oct 29 18:57:52 2015, Generated by: 010328058, Server: None, Windows, INSTALLED_SOFTWARE_VERSION: 2015.07 Build 6, Engine: 2015.07rc1, GUI: 2015.07rc1
Copyright (c) 2000 - 2015 Signal Integrity Software, Inc.
FLEXlm license
Engine Version 2015.07rc1 Windows Thu Oct 29 18:57:52 2015
Engine Arguments
C:\SiSoft\2015.07\bin\siaengine.exe
GENERATE_SPICE
project=C:/Myproject/PCI/interfaces/PCI_AD/PCI_AD.edk
gui_version=2015.07rc1
user=010328058
user_preferences_dir=C:/Users/010328058/.siauditor/
simulator=IsSpice4
sim_type=all
schematic_set=set1.sset
return_status_file=ipcFiles/0010328058retstat.eng2
"INSTALLED_SOFTWARE_VERSION=2015.07 Build 6"
"Release=2015.07 Build 6"
taxi=yes
units=english
argumentlist=ipcFiles/0010328058args.eng2
interface=C:/Myproject/PCI/interfaces/PCI_AD/PCI_AD.edk
Server=None
 
Log   file C:\Myproject\PCI\interfaces\PCI_AD\pre_sims\set1.sset\logs\generate_spice.log
Debug file C:\Myproject\PCI\interfaces\PCI_AD\pre_sims\set1.sset\logs\generate_spice.dbg
 
16 simulation decks generated
0 errors generating simulation decks
0 warnings generating simulation decks
 
---------------------------------
 
Thu Oct 29 18:58:30 2015, Generated by: 010328058, Server: None, Windows, INSTALLED_SOFTWARE_VERSION: 2015.07 Build 6, Engine: 2015.07rc1, GUI: 2015.07rc1
Copyright (c) 2000 - 2015 Signal Integrity Software, Inc.
FLEXlm license
Engine Version 2015.07rc1 Windows Thu Oct 29 18:58:30 2015
Engine Arguments
C:\SiSoft\2015.07\bin\siaengine.exe
SURF
project=C:/Myproject/PCI/interfaces/PCI_AD/PCI_AD.edk
gui_version=2015.07rc1
user=010328058
user_preferences_dir=C:/Users/010328058/.siauditor/
simulator=IsSpice4
sim_type=all
schematic_set=set1.sset
return_status_file=ipcFiles/0010328058retstat.eng3
"INSTALLED_SOFTWARE_VERSION=2015.07 Build 6"
"Release=2015.07 Build 6"
taxi=yes
units=english
argumentlist=ipcFiles/0010328058args.eng3
interface=C:/Myproject/PCI/interfaces/PCI_AD/PCI_AD.edk
Server=None
 
Log   file C:\Myproject\PCI\interfaces\PCI_AD\pre_sims\set1.sset\logs\waveform_analysis.log
Debug file C:\Myproject\PCI\interfaces\PCI_AD\pre_sims\set1.sset\logs\waveform_analysis.dbg
 
0 errors analyzing waveforms
0 warnings analyzing waveforms
 
---------------------------------
 
Thu Oct 29 18:58:41 2015, Generated by: 010328058, Server: None, Windows, INSTALLED_SOFTWARE_VERSION: 2015.07 Build 6, Engine: 2015.07rc1, GUI: 2015.07rc1
Copyright (c) 2000 - 2015 Signal Integrity Software, Inc.
FLEXlm license
Engine Version 2015.07rc1 Windows Thu Oct 29 18:58:41 2015
Engine Arguments
C:\SiSoft\2015.07\bin\siaengine.exe
TIMING
project=C:/Myproject/PCI/interfaces/PCI_AD/PCI_AD.edk
gui_version=2015.07rc1
user=010328058
user_preferences_dir=C:/Users/010328058/.siauditor/
simulator=IsSpice4
sim_type=all
schematic_set=set1.sset
return_status_file=ipcFiles/0010328058retstat.eng4
"INSTALLED_SOFTWARE_VERSION=2015.07 Build 6"
"Release=2015.07 Build 6"
taxi=yes
units=english
argumentlist=ipcFiles/0010328058args.eng4
interface=C:/Myproject/PCI/interfaces/PCI_AD/PCI_AD.edk
Server=None
 
Log   file C:\Myproject\PCI\interfaces\PCI_AD\pre_sims\set1.sset\logs\timing_analysis.log
Debug file C:\Myproject\PCI\interfaces\PCI_AD\pre_sims\set1.sset\logs\timing_analysis.dbg
 
2 errors generating timing analysis
1 warnings generating timing analysis
 
---------------------------------
 
Thu Oct 29 19:02:33 2015, Generated by: 010328058, Server: None, Windows, INSTALLED_SOFTWARE_VERSION: 2015.07 Build 6, Engine: 2015.07rc1, GUI: 2015.07rc1
Copyright (c) 2000 - 2015 Signal Integrity Software, Inc.
FLEXlm license
Engine Version 2015.07rc1 Windows Thu Oct 29 19:02:33 2015
Engine Arguments
C:\SiSoft\2015.07\bin\siaengine.exe
Validate
project=C:/Myproject/PCI/interfaces/PCI_AD/PCI_AD.edk
gui_version=2015.07rc1
user=010328058
user_preferences_dir=C:/Users/010328058/.siauditor/
simulator=IsSpice4
sim_type=all
schematic_set=set1.sset
return_status_file=ipcFiles/0010328058retstat.eng5
"INSTALLED_SOFTWARE_VERSION=2015.07 Build 6"
"Release=2015.07 Build 6"
taxi=yes
units=english
argumentlist=ipcFiles/0010328058args.eng5
interface=C:/Myproject/PCI/interfaces/PCI_AD/PCI_AD.edk
Server=None
 
Log   file C:\Myproject\PCI\interfaces\PCI_AD\pre_sims\set1.sset\logs\validation.log
Debug file C:\Myproject\PCI\interfaces\PCI_AD\pre_sims\set1.sset\logs\validation.dbg
 
     0 total validation errors
 
---------------------------------
 
Thu Oct 29 19:02:40 2015, Generated by: 010328058, Server: None, Windows, INSTALLED_SOFTWARE_VERSION: 2015.07 Build 6, Engine: 2015.07rc1, GUI: 2015.07rc1
Copyright (c) 2000 - 2015 Signal Integrity Software, Inc.
FLEXlm license
Engine Version 2015.07rc1 Windows Thu Oct 29 19:02:40 2015
Engine Arguments
C:\SiSoft\2015.07\bin\siaengine.exe
GENERATE_SPICE
project=C:/Myproject/PCI/interfaces/PCI_AD/PCI_AD.edk
gui_version=2015.07rc1
user=010328058
user_preferences_dir=C:/Users/010328058/.siauditor/
simulator=IsSpice4
sim_type=all
schematic_set=set1.sset
return_status_file=ipcFiles/0010328058retstat.eng6
"INSTALLED_SOFTWARE_VERSION=2015.07 Build 6"
"Release=2015.07 Build 6"
taxi=yes
units=english
argumentlist=ipcFiles/0010328058args.eng6
interface=C:/Myproject/PCI/interfaces/PCI_AD/PCI_AD.edk
Server=None
 
Log   file C:\Myproject\PCI\interfaces\PCI_AD\pre_sims\set1.sset\logs\generate_spice.log
Debug file C:\Myproject\PCI\interfaces\PCI_AD\pre_sims\set1.sset\logs\generate_spice.dbg
 
16 simulation decks generated
0 errors generating simulation decks
0 warnings generating simulation decks
 
---------------------------------
 
Thu Oct 29 19:03:03 2015, Generated by: 010328058, Server: None, Windows, INSTALLED_SOFTWARE_VERSION: 2015.07 Build 6, Engine: 2015.07rc1, GUI: 2015.07rc1
Copyright (c) 2000 - 2015 Signal Integrity Software, Inc.
FLEXlm license
Engine Version 2015.07rc1 Windows Thu Oct 29 19:03:04 2015
Engine Arguments
C:\SiSoft\2015.07\bin\siaengine.exe
SURF
project=C:/Myproject/PCI/interfaces/PCI_AD/PCI_AD.edk
gui_version=2015.07rc1
user=010328058
user_preferences_dir=C:/Users/010328058/.siauditor/
simulator=IsSpice4
sim_type=all
schematic_set=set1.sset
return_status_file=ipcFiles/0010328058retstat.eng7
"INSTALLED_SOFTWARE_VERSION=2015.07 Build 6"
"Release=2015.07 Build 6"
taxi=yes
units=english
argumentlist=ipcFiles/0010328058args.eng7
interface=C:/Myproject/PCI/interfaces/PCI_AD/PCI_AD.edk
Server=None
 
Log   file C:\Myproject\PCI\interfaces\PCI_AD\pre_sims\set1.sset\logs\waveform_analysis.log
Debug file C:\Myproject\PCI\interfaces\PCI_AD\pre_sims\set1.sset\logs\waveform_analysis.dbg
 
0 errors analyzing waveforms
0 warnings analyzing waveforms
 
---------------------------------
 
Thu Oct 29 19:03:14 2015, Generated by: 010328058, Server: None, Windows, INSTALLED_SOFTWARE_VERSION: 2015.07 Build 6, Engine: 2015.07rc1, GUI: 2015.07rc1
Copyright (c) 2000 - 2015 Signal Integrity Software, Inc.
FLEXlm license
Engine Version 2015.07rc1 Windows Thu Oct 29 19:03:14 2015
Engine Arguments
C:\SiSoft\2015.07\bin\siaengine.exe
TIMING
project=C:/Myproject/PCI/interfaces/PCI_AD/PCI_AD.edk
gui_version=2015.07rc1
user=010328058
user_preferences_dir=C:/Users/010328058/.siauditor/
simulator=IsSpice4
sim_type=all
schematic_set=set1.sset
return_status_file=ipcFiles/0010328058retstat.eng8
"INSTALLED_SOFTWARE_VERSION=2015.07 Build 6"
"Release=2015.07 Build 6"
taxi=yes
units=english
argumentlist=ipcFiles/0010328058args.eng8
interface=C:/Myproject/PCI/interfaces/PCI_AD/PCI_AD.edk
Server=None
 
Log   file C:\Myproject\PCI\interfaces\PCI_AD\pre_sims\set1.sset\logs\timing_analysis.log
Debug file C:\Myproject\PCI\interfaces\PCI_AD\pre_sims\set1.sset\logs\timing_analysis.dbg
 
2 errors generating timing analysis
1 warnings generating timing analysis
 
---------------------------------
 
Thu Oct 29 19:07:15 2015, Generated by: 010328058, Server: None, Windows, INSTALLED_SOFTWARE_VERSION: 2015.07 Build 6, Engine: 2015.07rc1, GUI: 2015.07rc1
Copyright (c) 2000 - 2015 Signal Integrity Software, Inc.
FLEXlm license
Engine Version 2015.07rc1 Windows Thu Oct 29 19:07:15 2015
Engine Arguments
C:\SiSoft\2015.07\bin\siaengine.exe
Validate
project=C:/Myproject/PCI/interfaces/PCI_AD/PCI_AD.edk
gui_version=2015.07rc1
user=010328058
user_preferences_dir=C:/Users/010328058/.siauditor/
simulator=IsSpice4
sim_type=all
schematic_set=set1.sset
return_status_file=ipcFiles/0010328058retstat.eng9
"INSTALLED_SOFTWARE_VERSION=2015.07 Build 6"
"Release=2015.07 Build 6"
taxi=yes
units=english
argumentlist=ipcFiles/0010328058args.eng9
interface=C:/Myproject/PCI/interfaces/PCI_AD/PCI_AD.edk
Server=None
 
Log   file C:\Myproject\PCI\interfaces\PCI_AD\pre_sims\set1.sset\logs\validation.log
Debug file C:\Myproject\PCI\interfaces\PCI_AD\pre_sims\set1.sset\logs\validation.dbg
 
     0 total validation errors
 
---------------------------------
 
Thu Oct 29 19:07:22 2015, Generated by: 010328058, Server: None, Windows, INSTALLED_SOFTWARE_VERSION: 2015.07 Build 6, Engine: 2015.07rc1, GUI: 2015.07rc1
Copyright (c) 2000 - 2015 Signal Integrity Software, Inc.
FLEXlm license
Engine Version 2015.07rc1 Windows Thu Oct 29 19:07:22 2015
Engine Arguments
C:\SiSoft\2015.07\bin\siaengine.exe
GENERATE_SPICE
project=C:/Myproject/PCI/interfaces/PCI_AD/PCI_AD.edk
gui_version=2015.07rc1
user=010328058
user_preferences_dir=C:/Users/010328058/.siauditor/
simulator=IsSpice4
sim_type=all
schematic_set=set1.sset
return_status_file=ipcFiles/0010328058retstat.eng10
"INSTALLED_SOFTWARE_VERSION=2015.07 Build 6"
"Release=2015.07 Build 6"
taxi=yes
units=english
argumentlist=ipcFiles/0010328058args.eng10
interface=C:/Myproject/PCI/interfaces/PCI_AD/PCI_AD.edk
Server=None
 
Log   file C:\Myproject\PCI\interfaces\PCI_AD\pre_sims\set1.sset\logs\generate_spice.log
Debug file C:\Myproject\PCI\interfaces\PCI_AD\pre_sims\set1.sset\logs\generate_spice.dbg
 
 
---------------------------------
 
Thu Oct 29 19:07:28 2015, Generated by: 010328058, Server: None, Windows, INSTALLED_SOFTWARE_VERSION: 2015.07 Build 6, Engine: 2015.07rc1, GUI: 2015.07rc1
Copyright (c) 2000 - 2015 Signal Integrity Software, Inc.
FLEXlm license
Engine Version 2015.07rc1 Windows Thu Oct 29 19:07:28 2015
Engine Arguments
C:\SiSoft\2015.07\bin\siaengine.exe
Validate
project=C:/Myproject/PCI/interfaces/PCI_AD/PCI_AD.edk
gui_version=2015.07rc1
user=010328058
user_preferences_dir=C:/Users/010328058/.siauditor/
simulator=IsSpice4
sim_type=all
schematic_set=set1.sset
return_status_file=ipcFiles/0010328058retstat.eng11
"INSTALLED_SOFTWARE_VERSION=2015.07 Build 6"
"Release=2015.07 Build 6"
taxi=yes
units=english
argumentlist=ipcFiles/0010328058args.eng11
interface=C:/Myproject/PCI/interfaces/PCI_AD/PCI_AD.edk
Server=None
 
Log   file C:\Myproject\PCI\interfaces\PCI_AD\pre_sims\set1.sset\logs\validation.log
Debug file C:\Myproject\PCI\interfaces\PCI_AD\pre_sims\set1.sset\logs\validation.dbg
 
     0 total validation errors
 
---------------------------------
 
Thu Oct 29 19:07:35 2015, Generated by: 010328058, Server: None, Windows, INSTALLED_SOFTWARE_VERSION: 2015.07 Build 6, Engine: 2015.07rc1, GUI: 2015.07rc1
Copyright (c) 2000 - 2015 Signal Integrity Software, Inc.
FLEXlm license
Engine Version 2015.07rc1 Windows Thu Oct 29 19:07:35 2015
Engine Arguments
C:\SiSoft\2015.07\bin\siaengine.exe
GENERATE_SPICE
project=C:/Myproject/PCI/interfaces/PCI_AD/PCI_AD.edk
gui_version=2015.07rc1
user=010328058
user_preferences_dir=C:/Users/010328058/.siauditor/
simulator=IsSpice4
sim_type=all
schematic_set=set1.sset
return_status_file=ipcFiles/0010328058retstat.eng12
"INSTALLED_SOFTWARE_VERSION=2015.07 Build 6"
"Release=2015.07 Build 6"
taxi=yes
units=english
argumentlist=ipcFiles/0010328058args.eng12
interface=C:/Myproject/PCI/interfaces/PCI_AD/PCI_AD.edk
Server=None
 
Log   file C:\Myproject\PCI\interfaces\PCI_AD\pre_sims\set1.sset\logs\generate_spice.log
Debug file C:\Myproject\PCI\interfaces\PCI_AD\pre_sims\set1.sset\logs\generate_spice.dbg
 
16 simulation decks generated
0 errors generating simulation decks
0 warnings generating simulation decks
 
---------------------------------
 
Thu Oct 29 19:07:58 2015, Generated by: 010328058, Server: None, Windows, INSTALLED_SOFTWARE_VERSION: 2015.07 Build 6, Engine: 2015.07rc1, GUI: 2015.07rc1
Copyright (c) 2000 - 2015 Signal Integrity Software, Inc.
FLEXlm license
Engine Version 2015.07rc1 Windows Thu Oct 29 19:07:58 2015
Engine Arguments
C:\SiSoft\2015.07\bin\siaengine.exe
SURF
project=C:/Myproject/PCI/interfaces/PCI_AD/PCI_AD.edk
gui_version=2015.07rc1
user=010328058
user_preferences_dir=C:/Users/010328058/.siauditor/
simulator=IsSpice4
sim_type=all
schematic_set=set1.sset
return_status_file=ipcFiles/0010328058retstat.eng13
"INSTALLED_SOFTWARE_VERSION=2015.07 Build 6"
"Release=2015.07 Build 6"
taxi=yes
units=english
argumentlist=ipcFiles/0010328058args.eng13
interface=C:/Myproject/PCI/interfaces/PCI_AD/PCI_AD.edk
Server=None
 
Log   file C:\Myproject\PCI\interfaces\PCI_AD\pre_sims\set1.sset\logs\waveform_analysis.log
Debug file C:\Myproject\PCI\interfaces\PCI_AD\pre_sims\set1.sset\logs\waveform_analysis.dbg
 
0 errors analyzing waveforms
1 warnings analyzing waveforms
 
---------------------------------
 
Thu Oct 29 19:08:10 2015, Generated by: 010328058, Server: None, Windows, INSTALLED_SOFTWARE_VERSION: 2015.07 Build 6, Engine: 2015.07rc1, GUI: 2015.07rc1
Copyright (c) 2000 - 2015 Signal Integrity Software, Inc.
FLEXlm license
Engine Version 2015.07rc1 Windows Thu Oct 29 19:08:11 2015
Engine Arguments
C:\SiSoft\2015.07\bin\siaengine.exe
TIMING
project=C:/Myproject/PCI/interfaces/PCI_AD/PCI_AD.edk
gui_version=2015.07rc1
user=010328058
user_preferences_dir=C:/Users/010328058/.siauditor/
simulator=IsSpice4
sim_type=all
schematic_set=set1.sset
return_status_file=ipcFiles/0010328058retstat.eng14
"INSTALLED_SOFTWARE_VERSION=2015.07 Build 6"
"Release=2015.07 Build 6"
taxi=yes
units=english
argumentlist=ipcFiles/0010328058args.eng14
interface=C:/Myproject/PCI/interfaces/PCI_AD/PCI_AD.edk
Server=None
 
Log   file C:\Myproject\PCI\interfaces\PCI_AD\pre_sims\set1.sset\logs\timing_analysis.log
Debug file C:\Myproject\PCI\interfaces\PCI_AD\pre_sims\set1.sset\logs\timing_analysis.dbg
 
2 errors generating timing analysis
1 warnings generating timing analysis
 
---------------------------------
 
Thu Oct 29 19:09:12 2015, Generated by: 010328058, Server: None, Windows, INSTALLED_SOFTWARE_VERSION: 2015.07 Build 6, Engine: 2015.07rc1, GUI: 2015.07rc1
Copyright (c) 2000 - 2015 Signal Integrity Software, Inc.
FLEXlm license
Engine Version 2015.07rc1 Windows Thu Oct 29 19:09:13 2015
Engine Arguments
C:\SiSoft\2015.07\bin\siaengine.exe
Validate
project=C:/Myproject/PCI/interfaces/PCI_AD/PCI_AD.edk
gui_version=2015.07rc1
user=010328058
user_preferences_dir=C:/Users/010328058/.siauditor/
simulator=IsSpice4
sim_type=all
schematic_set=set1.sset
return_status_file=ipcFiles/0010328058retstat.eng15
"INSTALLED_SOFTWARE_VERSION=2015.07 Build 6"
"Release=2015.07 Build 6"
taxi=yes
units=english
argumentlist=ipcFiles/0010328058args.eng15
interface=C:/Myproject/PCI/interfaces/PCI_AD/PCI_AD.edk
Server=None
 
Log   file C:\Myproject\PCI\interfaces\PCI_AD\pre_sims\set1.sset\logs\validation.log
Debug file C:\Myproject\PCI\interfaces\PCI_AD\pre_sims\set1.sset\logs\validation.dbg
 
     0 total validation errors
 
---------------------------------
 
Thu Oct 29 19:09:20 2015, Generated by: 010328058, Server: None, Windows, INSTALLED_SOFTWARE_VERSION: 2015.07 Build 6, Engine: 2015.07rc1, GUI: 2015.07rc1
Copyright (c) 2000 - 2015 Signal Integrity Software, Inc.
FLEXlm license
Engine Version 2015.07rc1 Windows Thu Oct 29 19:09:20 2015
Engine Arguments
C:\SiSoft\2015.07\bin\siaengine.exe
GENERATE_SPICE
project=C:/Myproject/PCI/interfaces/PCI_AD/PCI_AD.edk
gui_version=2015.07rc1
user=010328058
user_preferences_dir=C:/Users/010328058/.siauditor/
simulator=IsSpice4
sim_type=all
schematic_set=set1.sset
return_status_file=ipcFiles/0010328058retstat.eng16
"INSTALLED_SOFTWARE_VERSION=2015.07 Build 6"
"Release=2015.07 Build 6"
taxi=yes
units=english
argumentlist=ipcFiles/0010328058args.eng16
interface=C:/Myproject/PCI/interfaces/PCI_AD/PCI_AD.edk
Server=None
 
Log   file C:\Myproject\PCI\interfaces\PCI_AD\pre_sims\set1.sset\logs\generate_spice.log
Debug file C:\Myproject\PCI\interfaces\PCI_AD\pre_sims\set1.sset\logs\generate_spice.dbg
 
16 simulation decks generated
0 errors generating simulation decks
0 warnings generating simulation decks
 
---------------------------------
 
Thu Oct 29 19:09:43 2015, Generated by: 010328058, Server: None, Windows, INSTALLED_SOFTWARE_VERSION: 2015.07 Build 6, Engine: 2015.07rc1, GUI: 2015.07rc1
Copyright (c) 2000 - 2015 Signal Integrity Software, Inc.
FLEXlm license
Engine Version 2015.07rc1 Windows Thu Oct 29 19:09:43 2015
Engine Arguments
C:\SiSoft\2015.07\bin\siaengine.exe
SURF
project=C:/Myproject/PCI/interfaces/PCI_AD/PCI_AD.edk
gui_version=2015.07rc1
user=010328058
user_preferences_dir=C:/Users/010328058/.siauditor/
simulator=IsSpice4
sim_type=all
schematic_set=set1.sset
return_status_file=ipcFiles/0010328058retstat.eng17
"INSTALLED_SOFTWARE_VERSION=2015.07 Build 6"
"Release=2015.07 Build 6"
taxi=yes
units=english
argumentlist=ipcFiles/0010328058args.eng17
interface=C:/Myproject/PCI/interfaces/PCI_AD/PCI_AD.edk
Server=None
 
Log   file C:\Myproject\PCI\interfaces\PCI_AD\pre_sims\set1.sset\logs\waveform_analysis.log
Debug file C:\Myproject\PCI\interfaces\PCI_AD\pre_sims\set1.sset\logs\waveform_analysis.dbg
 
0 errors analyzing waveforms
1 warnings analyzing waveforms
 
---------------------------------
 
Thu Oct 29 19:09:55 2015, Generated by: 010328058, Server: None, Windows, INSTALLED_SOFTWARE_VERSION: 2015.07 Build 6, Engine: 2015.07rc1, GUI: 2015.07rc1
Copyright (c) 2000 - 2015 Signal Integrity Software, Inc.
FLEXlm license
Engine Version 2015.07rc1 Windows Thu Oct 29 19:09:55 2015
Engine Arguments
C:\SiSoft\2015.07\bin\siaengine.exe
TIMING
project=C:/Myproject/PCI/interfaces/PCI_AD/PCI_AD.edk
gui_version=2015.07rc1
user=010328058
user_preferences_dir=C:/Users/010328058/.siauditor/
simulator=IsSpice4
sim_type=all
schematic_set=set1.sset
return_status_file=ipcFiles/0010328058retstat.eng18
"INSTALLED_SOFTWARE_VERSION=2015.07 Build 6"
"Release=2015.07 Build 6"
taxi=yes
units=english
argumentlist=ipcFiles/0010328058args.eng18
interface=C:/Myproject/PCI/interfaces/PCI_AD/PCI_AD.edk
Server=None
 
Log   file C:\Myproject\PCI\interfaces\PCI_AD\pre_sims\set1.sset\logs\timing_analysis.log
Debug file C:\Myproject\PCI\interfaces\PCI_AD\pre_sims\set1.sset\logs\timing_analysis.dbg
 
2 errors generating timing analysis
1 warnings generating timing analysis
 
---------------------------------
 
Thu Oct 29 19:17:27 2015, Generated by: 010328058, Server: None, Windows, INSTALLED_SOFTWARE_VERSION: 2015.07 Build 6, Engine: 2015.07rc1, GUI: 2015.07rc1
Copyright (c) 2000 - 2015 Signal Integrity Software, Inc.
FLEXlm license
Engine Version 2015.07rc1 Windows Thu Oct 29 19:17:27 2015
Engine Arguments
C:\SiSoft\2015.07\bin\siaengine.exe
Validate
project=C:/Myproject/PCI/interfaces/PCI_AD/PCI_AD.edk
gui_version=2015.07rc1
user=010328058
user_preferences_dir=C:/Users/010328058/.siauditor/
simulator=IsSpice4
sim_type=all
schematic_set=set1.sset
return_status_file=ipcFiles/0010328058retstat.eng19
"INSTALLED_SOFTWARE_VERSION=2015.07 Build 6"
"Release=2015.07 Build 6"
taxi=yes
units=english
argumentlist=ipcFiles/0010328058args.eng19
interface=C:/Myproject/PCI/interfaces/PCI_AD/PCI_AD.edk
Server=None
 
Log   file C:\Myproject\PCI\interfaces\PCI_AD\pre_sims\set1.sset\logs\validation.log
Debug file C:\Myproject\PCI\interfaces\PCI_AD\pre_sims\set1.sset\logs\validation.dbg
 
     0 total validation errors
 
---------------------------------
 
Thu Oct 29 19:17:34 2015, Generated by: 010328058, Server: None, Windows, INSTALLED_SOFTWARE_VERSION: 2015.07 Build 6, Engine: 2015.07rc1, GUI: 2015.07rc1
Copyright (c) 2000 - 2015 Signal Integrity Software, Inc.
FLEXlm license
Engine Version 2015.07rc1 Windows Thu Oct 29 19:17:34 2015
Engine Arguments
C:\SiSoft\2015.07\bin\siaengine.exe
GENERATE_SPICE
project=C:/Myproject/PCI/interfaces/PCI_AD/PCI_AD.edk
gui_version=2015.07rc1
user=010328058
user_preferences_dir=C:/Users/010328058/.siauditor/
simulator=IsSpice4
sim_type=all
schematic_set=set1.sset
return_status_file=ipcFiles/0010328058retstat.eng20
"INSTALLED_SOFTWARE_VERSION=2015.07 Build 6"
"Release=2015.07 Build 6"
taxi=yes
units=english
argumentlist=ipcFiles/0010328058args.eng20
interface=C:/Myproject/PCI/interfaces/PCI_AD/PCI_AD.edk
Server=None
 
Log   file C:\Myproject\PCI\interfaces\PCI_AD\pre_sims\set1.sset\logs\generate_spice.log
Debug file C:\Myproject\PCI\interfaces\PCI_AD\pre_sims\set1.sset\logs\generate_spice.dbg
 
32 simulation decks generated
0 errors generating simulation decks
0 warnings generating simulation decks
 
---------------------------------
 
Thu Oct 29 19:18:13 2015, Generated by: 010328058, Server: None, Windows, INSTALLED_SOFTWARE_VERSION: 2015.07 Build 6, Engine: 2015.07rc1, GUI: 2015.07rc1
Copyright (c) 2000 - 2015 Signal Integrity Software, Inc.
FLEXlm license
Engine Version 2015.07rc1 Windows Thu Oct 29 19:18:13 2015
Engine Arguments
C:\SiSoft\2015.07\bin\siaengine.exe
SURF
project=C:/Myproject/PCI/interfaces/PCI_AD/PCI_AD.edk
gui_version=2015.07rc1
user=010328058
user_preferences_dir=C:/Users/010328058/.siauditor/
simulator=IsSpice4
sim_type=all
schematic_set=set1.sset
return_status_file=ipcFiles/0010328058retstat.eng21
"INSTALLED_SOFTWARE_VERSION=2015.07 Build 6"
"Release=2015.07 Build 6"
taxi=yes
units=english
argumentlist=ipcFiles/0010328058args.eng21
interface=C:/Myproject/PCI/interfaces/PCI_AD/PCI_AD.edk
Server=None
 
Log   file C:\Myproject\PCI\interfaces\PCI_AD\pre_sims\set1.sset\logs\waveform_analysis.log
Debug file C:\Myproject\PCI\interfaces\PCI_AD\pre_sims\set1.sset\logs\waveform_analysis.dbg
 
0 errors analyzing waveforms
28 warnings analyzing waveforms
 
---------------------------------
 
Thu Oct 29 19:18:29 2015, Generated by: 010328058, Server: None, Windows, INSTALLED_SOFTWARE_VERSION: 2015.07 Build 6, Engine: 2015.07rc1, GUI: 2015.07rc1
Copyright (c) 2000 - 2015 Signal Integrity Software, Inc.
FLEXlm license
Engine Version 2015.07rc1 Windows Thu Oct 29 19:18:29 2015
Engine Arguments
C:\SiSoft\2015.07\bin\siaengine.exe
TIMING
project=C:/Myproject/PCI/interfaces/PCI_AD/PCI_AD.edk
gui_version=2015.07rc1
user=010328058
user_preferences_dir=C:/Users/010328058/.siauditor/
simulator=IsSpice4
sim_type=all
schematic_set=set1.sset
return_status_file=ipcFiles/0010328058retstat.eng22
"INSTALLED_SOFTWARE_VERSION=2015.07 Build 6"
"Release=2015.07 Build 6"
taxi=yes
units=english
argumentlist=ipcFiles/0010328058args.eng22
interface=C:/Myproject/PCI/interfaces/PCI_AD/PCI_AD.edk
Server=None
 
Log   file C:\Myproject\PCI\interfaces\PCI_AD\pre_sims\set1.sset\logs\timing_analysis.log
Debug file C:\Myproject\PCI\interfaces\PCI_AD\pre_sims\set1.sset\logs\timing_analysis.dbg
 
2 errors generating timing analysis
1 warnings generating timing analysis
 
---------------------------------
 
Thu Oct 29 19:30:50 2015, Generated by: 010328058, Server: None, Windows, INSTALLED_SOFTWARE_VERSION: 2015.07 Build 6, Engine: 2015.07rc1, GUI: 2015.07rc1
Copyright (c) 2000 - 2015 Signal Integrity Software, Inc.
FLEXlm license
Engine Version 2015.07rc1 Windows Thu Oct 29 19:30:50 2015
Engine Arguments
C:\SiSoft\2015.07\bin\siaengine.exe
Validate
project=C:/Myproject/PCI/interfaces/PCI_AD/PCI_AD.edk
gui_version=2015.07rc1
user=010328058
user_preferences_dir=C:/Users/010328058/.siauditor/
simulator=IsSpice4
sim_type=all
schematic_set=set1.sset
return_status_file=ipcFiles/0010328058retstat.eng23
"INSTALLED_SOFTWARE_VERSION=2015.07 Build 6"
"Release=2015.07 Build 6"
taxi=yes
units=english
argumentlist=ipcFiles/0010328058args.eng23
interface=C:/Myproject/PCI/interfaces/PCI_AD/PCI_AD.edk
Server=None
 
Log   file C:\Myproject\PCI\interfaces\PCI_AD\pre_sims\set1.sset\logs\validation.log
Debug file C:\Myproject\PCI\interfaces\PCI_AD\pre_sims\set1.sset\logs\validation.dbg
 
     0 total validation errors
 
---------------------------------
 
Thu Oct 29 19:30:58 2015, Generated by: 010328058, Server: None, Windows, INSTALLED_SOFTWARE_VERSION: 2015.07 Build 6, Engine: 2015.07rc1, GUI: 2015.07rc1
Copyright (c) 2000 - 2015 Signal Integrity Software, Inc.
FLEXlm license
Engine Version 2015.07rc1 Windows Thu Oct 29 19:30:58 2015
Engine Arguments
C:\SiSoft\2015.07\bin\siaengine.exe
GENERATE_SPICE
project=C:/Myproject/PCI/interfaces/PCI_AD/PCI_AD.edk
gui_version=2015.07rc1
user=010328058
user_preferences_dir=C:/Users/010328058/.siauditor/
simulator=IsSpice4
sim_type=all
schematic_set=set1.sset
return_status_file=ipcFiles/0010328058retstat.eng24
"INSTALLED_SOFTWARE_VERSION=2015.07 Build 6"
"Release=2015.07 Build 6"
taxi=yes
units=english
argumentlist=ipcFiles/0010328058args.eng24
interface=C:/Myproject/PCI/interfaces/PCI_AD/PCI_AD.edk
Server=None
 
Log   file C:\Myproject\PCI\interfaces\PCI_AD\pre_sims\set1.sset\logs\generate_spice.log
Debug file C:\Myproject\PCI\interfaces\PCI_AD\pre_sims\set1.sset\logs\generate_spice.dbg
 
96 simulation decks generated
0 errors generating simulation decks
0 warnings generating simulation decks
 
---------------------------------
 
Thu Oct 29 19:32:27 2015, Generated by: 010328058, Server: None, Windows, INSTALLED_SOFTWARE_VERSION: 2015.07 Build 6, Engine: 2015.07rc1, GUI: 2015.07rc1
Copyright (c) 2000 - 2015 Signal Integrity Software, Inc.
FLEXlm license
Engine Version 2015.07rc1 Windows Thu Oct 29 19:32:27 2015
Engine Arguments
C:\SiSoft\2015.07\bin\siaengine.exe
SURF
project=C:/Myproject/PCI/interfaces/PCI_AD/PCI_AD.edk
gui_version=2015.07rc1
user=010328058
user_preferences_dir=C:/Users/010328058/.siauditor/
simulator=IsSpice4
sim_type=all
schematic_set=set1.sset
return_status_file=ipcFiles/0010328058retstat.eng25
"INSTALLED_SOFTWARE_VERSION=2015.07 Build 6"
"Release=2015.07 Build 6"
taxi=yes
units=english
argumentlist=ipcFiles/0010328058args.eng25
interface=C:/Myproject/PCI/interfaces/PCI_AD/PCI_AD.edk
Server=None
 
Log   file C:\Myproject\PCI\interfaces\PCI_AD\pre_sims\set1.sset\logs\waveform_analysis.log
Debug file C:\Myproject\PCI\interfaces\PCI_AD\pre_sims\set1.sset\logs\waveform_analysis.dbg
 
0 errors analyzing waveforms
28 warnings analyzing waveforms
 
---------------------------------
 
Thu Oct 29 19:32:53 2015, Generated by: 010328058, Server: None, Windows, INSTALLED_SOFTWARE_VERSION: 2015.07 Build 6, Engine: 2015.07rc1, GUI: 2015.07rc1
Copyright (c) 2000 - 2015 Signal Integrity Software, Inc.
FLEXlm license
Engine Version 2015.07rc1 Windows Thu Oct 29 19:32:53 2015
Engine Arguments
C:\SiSoft\2015.07\bin\siaengine.exe
TIMING
project=C:/Myproject/PCI/interfaces/PCI_AD/PCI_AD.edk
gui_version=2015.07rc1
user=010328058
user_preferences_dir=C:/Users/010328058/.siauditor/
simulator=IsSpice4
sim_type=all
schematic_set=set1.sset
return_status_file=ipcFiles/0010328058retstat.eng26
"INSTALLED_SOFTWARE_VERSION=2015.07 Build 6"
"Release=2015.07 Build 6"
taxi=yes
units=english
argumentlist=ipcFiles/0010328058args.eng26
interface=C:/Myproject/PCI/interfaces/PCI_AD/PCI_AD.edk
Server=None
 
Log   file C:\Myproject\PCI\interfaces\PCI_AD\pre_sims\set1.sset\logs\timing_analysis.log
Debug file C:\Myproject\PCI\interfaces\PCI_AD\pre_sims\set1.sset\logs\timing_analysis.dbg
 
2 errors generating timing analysis
1 warnings generating timing analysis
 
---------------------------------
 
Thu Oct 29 20:04:31 2015, Generated by: 010328058, Server: None, Windows, INSTALLED_SOFTWARE_VERSION: 2015.07 Build 6, Engine: 2015.07rc1, GUI: 2015.07rc1
Copyright (c) 2000 - 2015 Signal Integrity Software, Inc.
FLEXlm license
Engine Version 2015.07rc1 Windows Thu Oct 29 20:04:31 2015
Engine Arguments
C:\SiSoft\2015.07\bin\siaengine.exe
Validate
project=C:/Myproject/PCI/interfaces/PCI_AD/PCI_AD.edk
gui_version=2015.07rc1
user=010328058
user_preferences_dir=C:/Users/010328058/.siauditor/
simulator=IsSpice4
sim_type=all
schematic_set=set1.sset
return_status_file=ipcFiles/0010328058retstat.eng27
"INSTALLED_SOFTWARE_VERSION=2015.07 Build 6"
"Release=2015.07 Build 6"
taxi=yes
units=english
argumentlist=ipcFiles/0010328058args.eng27
interface=C:/Myproject/PCI/interfaces/PCI_AD/PCI_AD.edk
Server=None
 
Log   file C:\Myproject\PCI\interfaces\PCI_AD\pre_sims\set1.sset\logs\validation.log
Debug file C:\Myproject\PCI\interfaces\PCI_AD\pre_sims\set1.sset\logs\validation.dbg
 
     1 total validation errors
 
---------------------------------
 
Thu Oct 29 20:06:45 2015, Generated by: 010328058, Server: None, Windows, INSTALLED_SOFTWARE_VERSION: 2015.07 Build 6, Engine: 2015.07rc1, GUI: 2015.07rc1
Copyright (c) 2000 - 2015 Signal Integrity Software, Inc.
FLEXlm license
Engine Version 2015.07rc1 Windows Thu Oct 29 20:06:45 2015
Engine Arguments
C:\SiSoft\2015.07\bin\siaengine.exe
Validate
project=C:/Myproject/PCI/interfaces/PCI_AD/PCI_AD.edk
gui_version=2015.07rc1
user=010328058
user_preferences_dir=C:/Users/010328058/.siauditor/
simulator=IsSpice4
sim_type=all
schematic_set=set1.sset
return_status_file=ipcFiles/0010328058retstat.eng28
"INSTALLED_SOFTWARE_VERSION=2015.07 Build 6"
"Release=2015.07 Build 6"
taxi=yes
units=english
argumentlist=ipcFiles/0010328058args.eng28
interface=C:/Myproject/PCI/interfaces/PCI_AD/PCI_AD.edk
Server=None
 
Log   file C:\Myproject\PCI\interfaces\PCI_AD\pre_sims\set1.sset\logs\validation.log
Debug file C:\Myproject\PCI\interfaces\PCI_AD\pre_sims\set1.sset\logs\validation.dbg
 
     1 total validation errors
 
---------------------------------
 
Thu Oct 29 20:08:51 2015, Generated by: 010328058, Server: None, Windows, INSTALLED_SOFTWARE_VERSION: 2015.07 Build 6, Engine: 2015.07rc1, GUI: 2015.07rc1
Copyright (c) 2000 - 2015 Signal Integrity Software, Inc.
FLEXlm license
Engine Version 2015.07rc1 Windows Thu Oct 29 20:08:51 2015
Engine Arguments
C:\SiSoft\2015.07\bin\siaengine.exe
Validate
project=C:/Myproject/PCI/interfaces/PCI_AD/PCI_AD.edk
gui_version=2015.07rc1
user=010328058
user_preferences_dir=C:/Users/010328058/.siauditor/
simulator=IsSpice4
sim_type=all
schematic_set=set1.sset
return_status_file=ipcFiles/0010328058retstat.eng29
"INSTALLED_SOFTWARE_VERSION=2015.07 Build 6"
"Release=2015.07 Build 6"
taxi=yes
units=english
argumentlist=ipcFiles/0010328058args.eng29
interface=C:/Myproject/PCI/interfaces/PCI_AD/PCI_AD.edk
Server=None
 
Log   file C:\Myproject\PCI\interfaces\PCI_AD\pre_sims\set1.sset\logs\validation.log
Debug file C:\Myproject\PCI\interfaces\PCI_AD\pre_sims\set1.sset\logs\validation.dbg
 
     0 total validation errors
 
---------------------------------
 
Thu Oct 29 20:08:58 2015, Generated by: 010328058, Server: None, Windows, INSTALLED_SOFTWARE_VERSION: 2015.07 Build 6, Engine: 2015.07rc1, GUI: 2015.07rc1
Copyright (c) 2000 - 2015 Signal Integrity Software, Inc.
FLEXlm license
Engine Version 2015.07rc1 Windows Thu Oct 29 20:08:58 2015
Engine Arguments
C:\SiSoft\2015.07\bin\siaengine.exe
GENERATE_SPICE
project=C:/Myproject/PCI/interfaces/PCI_AD/PCI_AD.edk
gui_version=2015.07rc1
user=010328058
user_preferences_dir=C:/Users/010328058/.siauditor/
simulator=IsSpice4
sim_type=all
schematic_set=set1.sset
return_status_file=ipcFiles/0010328058retstat.eng30
"INSTALLED_SOFTWARE_VERSION=2015.07 Build 6"
"Release=2015.07 Build 6"
taxi=yes
units=english
argumentlist=ipcFiles/0010328058args.eng30
interface=C:/Myproject/PCI/interfaces/PCI_AD/PCI_AD.edk
Server=None
 
Log   file C:\Myproject\PCI\interfaces\PCI_AD\pre_sims\set1.sset\logs\generate_spice.log
Debug file C:\Myproject\PCI\interfaces\PCI_AD\pre_sims\set1.sset\logs\generate_spice.dbg
 
96 simulation decks generated
0 errors generating simulation decks
0 warnings generating simulation decks
 
---------------------------------
 
Thu Oct 29 20:10:28 2015, Generated by: 010328058, Server: None, Windows, INSTALLED_SOFTWARE_VERSION: 2015.07 Build 6, Engine: 2015.07rc1, GUI: 2015.07rc1
Copyright (c) 2000 - 2015 Signal Integrity Software, Inc.
FLEXlm license
Engine Version 2015.07rc1 Windows Thu Oct 29 20:10:28 2015
Engine Arguments
C:\SiSoft\2015.07\bin\siaengine.exe
SURF
project=C:/Myproject/PCI/interfaces/PCI_AD/PCI_AD.edk
gui_version=2015.07rc1
user=010328058
user_preferences_dir=C:/Users/010328058/.siauditor/
simulator=IsSpice4
sim_type=all
schematic_set=set1.sset
return_status_file=ipcFiles/0010328058retstat.eng31
"INSTALLED_SOFTWARE_VERSION=2015.07 Build 6"
"Release=2015.07 Build 6"
taxi=yes
units=english
argumentlist=ipcFiles/0010328058args.eng31
interface=C:/Myproject/PCI/interfaces/PCI_AD/PCI_AD.edk
Server=None
 
Log   file C:\Myproject\PCI\interfaces\PCI_AD\pre_sims\set1.sset\logs\waveform_analysis.log
Debug file C:\Myproject\PCI\interfaces\PCI_AD\pre_sims\set1.sset\logs\waveform_analysis.dbg
 
0 errors analyzing waveforms
28 warnings analyzing waveforms
 
---------------------------------
 
Thu Oct 29 20:10:53 2015, Generated by: 010328058, Server: None, Windows, INSTALLED_SOFTWARE_VERSION: 2015.07 Build 6, Engine: 2015.07rc1, GUI: 2015.07rc1
Copyright (c) 2000 - 2015 Signal Integrity Software, Inc.
FLEXlm license
Engine Version 2015.07rc1 Windows Thu Oct 29 20:10:53 2015
Engine Arguments
C:\SiSoft\2015.07\bin\siaengine.exe
TIMING
project=C:/Myproject/PCI/interfaces/PCI_AD/PCI_AD.edk
gui_version=2015.07rc1
user=010328058
user_preferences_dir=C:/Users/010328058/.siauditor/
simulator=IsSpice4
sim_type=all
schematic_set=set1.sset
return_status_file=ipcFiles/0010328058retstat.eng32
"INSTALLED_SOFTWARE_VERSION=2015.07 Build 6"
"Release=2015.07 Build 6"
taxi=yes
units=english
argumentlist=ipcFiles/0010328058args.eng32
interface=C:/Myproject/PCI/interfaces/PCI_AD/PCI_AD.edk
Server=None
 
Log   file C:\Myproject\PCI\interfaces\PCI_AD\pre_sims\set1.sset\logs\timing_analysis.log
Debug file C:\Myproject\PCI\interfaces\PCI_AD\pre_sims\set1.sset\logs\timing_analysis.dbg
 
0 errors generating timing analysis
1 warnings generating timing analysis
 
---------------------------------
 
Thu Oct 29 20:33:17 2015, Generated by: 010328058, Server: None, Windows, INSTALLED_SOFTWARE_VERSION: 2015.07 Build 6, Engine: 2015.07rc1, GUI: 2015.07rc1
Copyright (c) 2000 - 2015 Signal Integrity Software, Inc.
FLEXlm license
Engine Version 2015.07rc1 Windows Thu Oct 29 20:33:18 2015
Engine Arguments
C:\SiSoft\2015.07\bin\siaengine.exe
Validate
project=C:/Myproject/PCI/interfaces/PCI_AD/PCI_AD.edk
gui_version=2015.07rc1
user=010328058
user_preferences_dir=C:/Users/010328058/.siauditor/
simulator=IsSpice4
sim_type=all
schematic_set=set1.sset
return_status_file=ipcFiles/0010328058retstat.eng33
"INSTALLED_SOFTWARE_VERSION=2015.07 Build 6"
"Release=2015.07 Build 6"
taxi=yes
units=english
argumentlist=ipcFiles/0010328058args.eng33
interface=C:/Myproject/PCI/interfaces/PCI_AD/PCI_AD.edk
Server=None
 
Log   file C:\Myproject\PCI\interfaces\PCI_AD\pre_sims\set1.sset\logs\validation.log
Debug file C:\Myproject\PCI\interfaces\PCI_AD\pre_sims\set1.sset\logs\validation.dbg
 
     0 total validation errors
 
---------------------------------
 
Thu Oct 29 20:33:25 2015, Generated by: 010328058, Server: None, Windows, INSTALLED_SOFTWARE_VERSION: 2015.07 Build 6, Engine: 2015.07rc1, GUI: 2015.07rc1
Copyright (c) 2000 - 2015 Signal Integrity Software, Inc.
FLEXlm license
Engine Version 2015.07rc1 Windows Thu Oct 29 20:33:25 2015
Engine Arguments
C:\SiSoft\2015.07\bin\siaengine.exe
GENERATE_SPICE
project=C:/Myproject/PCI/interfaces/PCI_AD/PCI_AD.edk
gui_version=2015.07rc1
user=010328058
user_preferences_dir=C:/Users/010328058/.siauditor/
simulator=IsSpice4
sim_type=all
schematic_set=set1.sset
return_status_file=ipcFiles/0010328058retstat.eng34
"INSTALLED_SOFTWARE_VERSION=2015.07 Build 6"
"Release=2015.07 Build 6"
taxi=yes
units=english
argumentlist=ipcFiles/0010328058args.eng34
interface=C:/Myproject/PCI/interfaces/PCI_AD/PCI_AD.edk
Server=None
 
Log   file C:\Myproject\PCI\interfaces\PCI_AD\pre_sims\set1.sset\logs\generate_spice.log
Debug file C:\Myproject\PCI\interfaces\PCI_AD\pre_sims\set1.sset\logs\generate_spice.dbg
 
96 simulation decks generated
0 errors generating simulation decks
0 warnings generating simulation decks
 
---------------------------------
 
Thu Oct 29 20:34:54 2015, Generated by: 010328058, Server: None, Windows, INSTALLED_SOFTWARE_VERSION: 2015.07 Build 6, Engine: 2015.07rc1, GUI: 2015.07rc1
Copyright (c) 2000 - 2015 Signal Integrity Software, Inc.
FLEXlm license
Engine Version 2015.07rc1 Windows Thu Oct 29 20:34:54 2015
Engine Arguments
C:\SiSoft\2015.07\bin\siaengine.exe
SURF
project=C:/Myproject/PCI/interfaces/PCI_AD/PCI_AD.edk
gui_version=2015.07rc1
user=010328058
user_preferences_dir=C:/Users/010328058/.siauditor/
simulator=IsSpice4
sim_type=all
schematic_set=set1.sset
return_status_file=ipcFiles/0010328058retstat.eng35
"INSTALLED_SOFTWARE_VERSION=2015.07 Build 6"
"Release=2015.07 Build 6"
taxi=yes
units=english
argumentlist=ipcFiles/0010328058args.eng35
interface=C:/Myproject/PCI/interfaces/PCI_AD/PCI_AD.edk
Server=None
 
Log   file C:\Myproject\PCI\interfaces\PCI_AD\pre_sims\set1.sset\logs\waveform_analysis.log
Debug file C:\Myproject\PCI\interfaces\PCI_AD\pre_sims\set1.sset\logs\waveform_analysis.dbg
 
0 errors analyzing waveforms
28 warnings analyzing waveforms
 
---------------------------------
 
Thu Oct 29 20:35:24 2015, Generated by: 010328058, Server: None, Windows, INSTALLED_SOFTWARE_VERSION: 2015.07 Build 6, Engine: 2015.07rc1, GUI: 2015.07rc1
Copyright (c) 2000 - 2015 Signal Integrity Software, Inc.
FLEXlm license
Engine Version 2015.07rc1 Windows Thu Oct 29 20:35:25 2015
Engine Arguments
C:\SiSoft\2015.07\bin\siaengine.exe
TIMING
project=C:/Myproject/PCI/interfaces/PCI_AD/PCI_AD.edk
gui_version=2015.07rc1
user=010328058
user_preferences_dir=C:/Users/010328058/.siauditor/
simulator=IsSpice4
sim_type=all
schematic_set=set1.sset
return_status_file=ipcFiles/0010328058retstat.eng36
"INSTALLED_SOFTWARE_VERSION=2015.07 Build 6"
"Release=2015.07 Build 6"
taxi=yes
units=english
argumentlist=ipcFiles/0010328058args.eng36
interface=C:/Myproject/PCI/interfaces/PCI_AD/PCI_AD.edk
Server=None
 
Log   file C:\Myproject\PCI\interfaces\PCI_AD\pre_sims\set1.sset\logs\timing_analysis.log
Debug file C:\Myproject\PCI\interfaces\PCI_AD\pre_sims\set1.sset\logs\timing_analysis.dbg
 
0 errors generating timing analysis
1 warnings generating timing analysis
 
---------------------------------
 
Thu Oct 29 20:37:38 2015, Generated by: 010328058, Server: None, Windows, INSTALLED_SOFTWARE_VERSION: 2015.07 Build 6, Engine: 2015.07rc1, GUI: 2015.07rc1
Copyright (c) 2000 - 2015 Signal Integrity Software, Inc.
FLEXlm license
Engine Version 2015.07rc1 Windows Thu Oct 29 20:37:38 2015
Engine Arguments
C:\SiSoft\2015.07\bin\siaengine.exe
Validate
project=C:/Myproject/PCI/interfaces/PCI_AD/PCI_AD.edk
gui_version=2015.07rc1
user=010328058
user_preferences_dir=C:/Users/010328058/.siauditor/
simulator=IsSpice4
sim_type=all
schematic_set=set1.sset
return_status_file=ipcFiles/0010328058retstat.eng37
"INSTALLED_SOFTWARE_VERSION=2015.07 Build 6"
"Release=2015.07 Build 6"
taxi=yes
units=english
argumentlist=ipcFiles/0010328058args.eng37
interface=C:/Myproject/PCI/interfaces/PCI_AD/PCI_AD.edk
Server=None
 
Log   file C:\Myproject\PCI\interfaces\PCI_AD\pre_sims\set1.sset\logs\validation.log
Debug file C:\Myproject\PCI\interfaces\PCI_AD\pre_sims\set1.sset\logs\validation.dbg
 
     0 total validation errors
 
---------------------------------
 
Thu Oct 29 20:37:45 2015, Generated by: 010328058, Server: None, Windows, INSTALLED_SOFTWARE_VERSION: 2015.07 Build 6, Engine: 2015.07rc1, GUI: 2015.07rc1
Copyright (c) 2000 - 2015 Signal Integrity Software, Inc.
FLEXlm license
Engine Version 2015.07rc1 Windows Thu Oct 29 20:37:45 2015
Engine Arguments
C:\SiSoft\2015.07\bin\siaengine.exe
GENERATE_SPICE
project=C:/Myproject/PCI/interfaces/PCI_AD/PCI_AD.edk
gui_version=2015.07rc1
user=010328058
user_preferences_dir=C:/Users/010328058/.siauditor/
simulator=IsSpice4
sim_type=all
schematic_set=set1.sset
return_status_file=ipcFiles/0010328058retstat.eng38
"INSTALLED_SOFTWARE_VERSION=2015.07 Build 6"
"Release=2015.07 Build 6"
taxi=yes
units=english
argumentlist=ipcFiles/0010328058args.eng38
interface=C:/Myproject/PCI/interfaces/PCI_AD/PCI_AD.edk
Server=None
 
Log   file C:\Myproject\PCI\interfaces\PCI_AD\pre_sims\set1.sset\logs\generate_spice.log
Debug file C:\Myproject\PCI\interfaces\PCI_AD\pre_sims\set1.sset\logs\generate_spice.dbg
 
96 simulation decks generated
0 errors generating simulation decks
0 warnings generating simulation decks
 
---------------------------------
 
Thu Oct 29 20:39:14 2015, Generated by: 010328058, Server: None, Windows, INSTALLED_SOFTWARE_VERSION: 2015.07 Build 6, Engine: 2015.07rc1, GUI: 2015.07rc1
Copyright (c) 2000 - 2015 Signal Integrity Software, Inc.
FLEXlm license
Engine Version 2015.07rc1 Windows Thu Oct 29 20:39:14 2015
Engine Arguments
C:\SiSoft\2015.07\bin\siaengine.exe
SURF
project=C:/Myproject/PCI/interfaces/PCI_AD/PCI_AD.edk
gui_version=2015.07rc1
user=010328058
user_preferences_dir=C:/Users/010328058/.siauditor/
simulator=IsSpice4
sim_type=all
schematic_set=set1.sset
return_status_file=ipcFiles/0010328058retstat.eng39
"INSTALLED_SOFTWARE_VERSION=2015.07 Build 6"
"Release=2015.07 Build 6"
taxi=yes
units=english
argumentlist=ipcFiles/0010328058args.eng39
interface=C:/Myproject/PCI/interfaces/PCI_AD/PCI_AD.edk
Server=None
 
Log   file C:\Myproject\PCI\interfaces\PCI_AD\pre_sims\set1.sset\logs\waveform_analysis.log
Debug file C:\Myproject\PCI\interfaces\PCI_AD\pre_sims\set1.sset\logs\waveform_analysis.dbg
 
0 errors analyzing waveforms
28 warnings analyzing waveforms
 
---------------------------------
 
Thu Oct 29 20:39:46 2015, Generated by: 010328058, Server: None, Windows, INSTALLED_SOFTWARE_VERSION: 2015.07 Build 6, Engine: 2015.07rc1, GUI: 2015.07rc1
Copyright (c) 2000 - 2015 Signal Integrity Software, Inc.
FLEXlm license
Engine Version 2015.07rc1 Windows Thu Oct 29 20:39:46 2015
Engine Arguments
C:\SiSoft\2015.07\bin\siaengine.exe
TIMING
project=C:/Myproject/PCI/interfaces/PCI_AD/PCI_AD.edk
gui_version=2015.07rc1
user=010328058
user_preferences_dir=C:/Users/010328058/.siauditor/
simulator=IsSpice4
sim_type=all
schematic_set=set1.sset
return_status_file=ipcFiles/0010328058retstat.eng40
"INSTALLED_SOFTWARE_VERSION=2015.07 Build 6"
"Release=2015.07 Build 6"
taxi=yes
units=english
argumentlist=ipcFiles/0010328058args.eng40
interface=C:/Myproject/PCI/interfaces/PCI_AD/PCI_AD.edk
Server=None
 
Log   file C:\Myproject\PCI\interfaces\PCI_AD\pre_sims\set1.sset\logs\timing_analysis.log
Debug file C:\Myproject\PCI\interfaces\PCI_AD\pre_sims\set1.sset\logs\timing_analysis.dbg
 
0 errors generating timing analysis
1 warnings generating timing analysis
 
---------------------------------
 
Thu Oct 29 20:42:07 2015, Generated by: 010328058, Server: None, Windows, INSTALLED_SOFTWARE_VERSION: 2015.07 Build 6, Engine: 2015.07rc1, GUI: 2015.07rc1
Copyright (c) 2000 - 2015 Signal Integrity Software, Inc.
FLEXlm license
Engine Version 2015.07rc1 Windows Thu Oct 29 20:42:08 2015
Engine Arguments
C:\SiSoft\2015.07\bin\siaengine.exe
Validate
project=C:/Myproject/PCI/interfaces/PCI_AD/PCI_AD.edk
gui_version=2015.07rc1
user=010328058
user_preferences_dir=C:/Users/010328058/.siauditor/
simulator=IsSpice4
sim_type=all
schematic_set=set1.sset
return_status_file=ipcFiles/0010328058retstat.eng41
"INSTALLED_SOFTWARE_VERSION=2015.07 Build 6"
"Release=2015.07 Build 6"
taxi=yes
units=english
argumentlist=ipcFiles/0010328058args.eng41
interface=C:/Myproject/PCI/interfaces/PCI_AD/PCI_AD.edk
Server=None
 
Log   file C:\Myproject\PCI\interfaces\PCI_AD\pre_sims\set1.sset\logs\validation.log
Debug file C:\Myproject\PCI\interfaces\PCI_AD\pre_sims\set1.sset\logs\validation.dbg
 
     0 total validation errors
 
---------------------------------
 
Thu Oct 29 20:42:15 2015, Generated by: 010328058, Server: None, Windows, INSTALLED_SOFTWARE_VERSION: 2015.07 Build 6, Engine: 2015.07rc1, GUI: 2015.07rc1
Copyright (c) 2000 - 2015 Signal Integrity Software, Inc.
FLEXlm license
Engine Version 2015.07rc1 Windows Thu Oct 29 20:42:15 2015
Engine Arguments
C:\SiSoft\2015.07\bin\siaengine.exe
GENERATE_SPICE
project=C:/Myproject/PCI/interfaces/PCI_AD/PCI_AD.edk
gui_version=2015.07rc1
user=010328058
user_preferences_dir=C:/Users/010328058/.siauditor/
simulator=IsSpice4
sim_type=all
schematic_set=set1.sset
return_status_file=ipcFiles/0010328058retstat.eng42
"INSTALLED_SOFTWARE_VERSION=2015.07 Build 6"
"Release=2015.07 Build 6"
taxi=yes
units=english
argumentlist=ipcFiles/0010328058args.eng42
interface=C:/Myproject/PCI/interfaces/PCI_AD/PCI_AD.edk
Server=None
 
Log   file C:\Myproject\PCI\interfaces\PCI_AD\pre_sims\set1.sset\logs\generate_spice.log
Debug file C:\Myproject\PCI\interfaces\PCI_AD\pre_sims\set1.sset\logs\generate_spice.dbg
 
96 simulation decks generated
0 errors generating simulation decks
0 warnings generating simulation decks
 
---------------------------------
 
Thu Oct 29 20:43:44 2015, Generated by: 010328058, Server: None, Windows, INSTALLED_SOFTWARE_VERSION: 2015.07 Build 6, Engine: 2015.07rc1, GUI: 2015.07rc1
Copyright (c) 2000 - 2015 Signal Integrity Software, Inc.
FLEXlm license
Engine Version 2015.07rc1 Windows Thu Oct 29 20:43:45 2015
Engine Arguments
C:\SiSoft\2015.07\bin\siaengine.exe
SURF
project=C:/Myproject/PCI/interfaces/PCI_AD/PCI_AD.edk
gui_version=2015.07rc1
user=010328058
user_preferences_dir=C:/Users/010328058/.siauditor/
simulator=IsSpice4
sim_type=all
schematic_set=set1.sset
return_status_file=ipcFiles/0010328058retstat.eng43
"INSTALLED_SOFTWARE_VERSION=2015.07 Build 6"
"Release=2015.07 Build 6"
taxi=yes
units=english
argumentlist=ipcFiles/0010328058args.eng43
interface=C:/Myproject/PCI/interfaces/PCI_AD/PCI_AD.edk
Server=None
 
Log   file C:\Myproject\PCI\interfaces\PCI_AD\pre_sims\set1.sset\logs\waveform_analysis.log
Debug file C:\Myproject\PCI\interfaces\PCI_AD\pre_sims\set1.sset\logs\waveform_analysis.dbg
 
0 errors analyzing waveforms
28 warnings analyzing waveforms
 
---------------------------------
 
Thu Oct 29 20:44:16 2015, Generated by: 010328058, Server: None, Windows, INSTALLED_SOFTWARE_VERSION: 2015.07 Build 6, Engine: 2015.07rc1, GUI: 2015.07rc1
Copyright (c) 2000 - 2015 Signal Integrity Software, Inc.
FLEXlm license
Engine Version 2015.07rc1 Windows Thu Oct 29 20:44:16 2015
Engine Arguments
C:\SiSoft\2015.07\bin\siaengine.exe
TIMING
project=C:/Myproject/PCI/interfaces/PCI_AD/PCI_AD.edk
gui_version=2015.07rc1
user=010328058
user_preferences_dir=C:/Users/010328058/.siauditor/
simulator=IsSpice4
sim_type=all
schematic_set=set1.sset
return_status_file=ipcFiles/0010328058retstat.eng44
"INSTALLED_SOFTWARE_VERSION=2015.07 Build 6"
"Release=2015.07 Build 6"
taxi=yes
units=english
argumentlist=ipcFiles/0010328058args.eng44
interface=C:/Myproject/PCI/interfaces/PCI_AD/PCI_AD.edk
Server=None
 
Log   file C:\Myproject\PCI\interfaces\PCI_AD\pre_sims\set1.sset\logs\timing_analysis.log
Debug file C:\Myproject\PCI\interfaces\PCI_AD\pre_sims\set1.sset\logs\timing_analysis.dbg
 
0 errors generating timing analysis
1 warnings generating timing analysis
 
---------------------------------
 
Thu Oct 29 20:49:46 2015, Generated by: 010328058, Server: None, Windows, INSTALLED_SOFTWARE_VERSION: 2015.07 Build 6, Engine: 2015.07rc1, GUI: 2015.07rc1
Copyright (c) 2000 - 2015 Signal Integrity Software, Inc.
FLEXlm license
Engine Version 2015.07rc1 Windows Thu Oct 29 20:49:47 2015
Engine Arguments
C:\SiSoft\2015.07\bin\siaengine.exe
Validate
project=C:/Myproject/PCI/interfaces/PCI_AD/PCI_AD.edk
gui_version=2015.07rc1
user=010328058
user_preferences_dir=C:/Users/010328058/.siauditor/
simulator=IsSpice4
sim_type=all
schematic_set=set1.sset
return_status_file=ipcFiles/0010328058retstat.eng45
"INSTALLED_SOFTWARE_VERSION=2015.07 Build 6"
"Release=2015.07 Build 6"
taxi=yes
units=english
argumentlist=ipcFiles/0010328058args.eng45
interface=C:/Myproject/PCI/interfaces/PCI_AD/PCI_AD.edk
Server=None
 
Log   file C:\Myproject\PCI\interfaces\PCI_AD\pre_sims\set1.sset\logs\validation.log
Debug file C:\Myproject\PCI\interfaces\PCI_AD\pre_sims\set1.sset\logs\validation.dbg
 
     0 total validation errors
 
---------------------------------
 
Thu Oct 29 20:49:54 2015, Generated by: 010328058, Server: None, Windows, INSTALLED_SOFTWARE_VERSION: 2015.07 Build 6, Engine: 2015.07rc1, GUI: 2015.07rc1
Copyright (c) 2000 - 2015 Signal Integrity Software, Inc.
FLEXlm license
Engine Version 2015.07rc1 Windows Thu Oct 29 20:49:54 2015
Engine Arguments
C:\SiSoft\2015.07\bin\siaengine.exe
GENERATE_SPICE
project=C:/Myproject/PCI/interfaces/PCI_AD/PCI_AD.edk
gui_version=2015.07rc1
user=010328058
user_preferences_dir=C:/Users/010328058/.siauditor/
simulator=IsSpice4
sim_type=all
schematic_set=set1.sset
return_status_file=ipcFiles/0010328058retstat.eng46
"INSTALLED_SOFTWARE_VERSION=2015.07 Build 6"
"Release=2015.07 Build 6"
taxi=yes
units=english
argumentlist=ipcFiles/0010328058args.eng46
interface=C:/Myproject/PCI/interfaces/PCI_AD/PCI_AD.edk
Server=None
 
Log   file C:\Myproject\PCI\interfaces\PCI_AD\pre_sims\set1.sset\logs\generate_spice.log
Debug file C:\Myproject\PCI\interfaces\PCI_AD\pre_sims\set1.sset\logs\generate_spice.dbg
 
96 simulation decks generated
0 errors generating simulation decks
0 warnings generating simulation decks
 
---------------------------------
 
Thu Oct 29 20:51:22 2015, Generated by: 010328058, Server: None, Windows, INSTALLED_SOFTWARE_VERSION: 2015.07 Build 6, Engine: 2015.07rc1, GUI: 2015.07rc1
Copyright (c) 2000 - 2015 Signal Integrity Software, Inc.
FLEXlm license
Engine Version 2015.07rc1 Windows Thu Oct 29 20:51:23 2015
Engine Arguments
C:\SiSoft\2015.07\bin\siaengine.exe
SURF
project=C:/Myproject/PCI/interfaces/PCI_AD/PCI_AD.edk
gui_version=2015.07rc1
user=010328058
user_preferences_dir=C:/Users/010328058/.siauditor/
simulator=IsSpice4
sim_type=all
schematic_set=set1.sset
return_status_file=ipcFiles/0010328058retstat.eng47
"INSTALLED_SOFTWARE_VERSION=2015.07 Build 6"
"Release=2015.07 Build 6"
taxi=yes
units=english
argumentlist=ipcFiles/0010328058args.eng47
interface=C:/Myproject/PCI/interfaces/PCI_AD/PCI_AD.edk
Server=None
 
Log   file C:\Myproject\PCI\interfaces\PCI_AD\pre_sims\set1.sset\logs\waveform_analysis.log
Debug file C:\Myproject\PCI\interfaces\PCI_AD\pre_sims\set1.sset\logs\waveform_analysis.dbg
 
0 errors analyzing waveforms
28 warnings analyzing waveforms
 
---------------------------------
 
Thu Oct 29 20:51:55 2015, Generated by: 010328058, Server: None, Windows, INSTALLED_SOFTWARE_VERSION: 2015.07 Build 6, Engine: 2015.07rc1, GUI: 2015.07rc1
Copyright (c) 2000 - 2015 Signal Integrity Software, Inc.
FLEXlm license
Engine Version 2015.07rc1 Windows Thu Oct 29 20:51:55 2015
Engine Arguments
C:\SiSoft\2015.07\bin\siaengine.exe
TIMING
project=C:/Myproject/PCI/interfaces/PCI_AD/PCI_AD.edk
gui_version=2015.07rc1
user=010328058
user_preferences_dir=C:/Users/010328058/.siauditor/
simulator=IsSpice4
sim_type=all
schematic_set=set1.sset
return_status_file=ipcFiles/0010328058retstat.eng48
"INSTALLED_SOFTWARE_VERSION=2015.07 Build 6"
"Release=2015.07 Build 6"
taxi=yes
units=english
argumentlist=ipcFiles/0010328058args.eng48
interface=C:/Myproject/PCI/interfaces/PCI_AD/PCI_AD.edk
Server=None
 
Log   file C:\Myproject\PCI\interfaces\PCI_AD\pre_sims\set1.sset\logs\timing_analysis.log
Debug file C:\Myproject\PCI\interfaces\PCI_AD\pre_sims\set1.sset\logs\timing_analysis.dbg
 
0 errors generating timing analysis
1 warnings generating timing analysis
 
---------------------------------
 
Sat Oct 31 10:19:01 2015, Generated by: 010328058, Server: None, Windows, INSTALLED_SOFTWARE_VERSION: 2015.07 Build 6, Engine: 2015.07rc1, GUI: 2015.07rc1
Copyright (c) 2000 - 2015 Signal Integrity Software, Inc.
FLEXlm license
Engine Version 2015.07rc1 Windows Sat Oct 31 10:19:01 2015
Engine Arguments
C:\SiSoft\2015.07\bin\siaengine.exe
crosstalk_models
project_client=C:/Myproject/PCI/interfaces/PCI_AD/PCI_AD.edk
gui_version=2015.07rc1
user=010328058
sim_type=Import
user_preferences_dir=C:/Users/010328058/.siauditor/
return_status_file=ipcFiles/0010328058retstat.eng0
"INSTALLED_SOFTWARE_VERSION=2015.07 Build 6"
"Release=2015.07 Build 6"
taxi=yes
units=english
argumentlist=ipcFiles/0010328058args.eng0
interface=C:/Myproject/PCI/interfaces/PCI_AD/PCI_AD.edk
Server=None
 
Log   file C:\Myproject\PCI\interfaces\PCI_AD\logs\crosstalk_models.log
Debug file C:\Myproject\PCI\interfaces\PCI_AD\logs\crosstalk_models.dbg
 
 
---------------------------------
 
Sat Oct 31 11:01:35 2015, Generated by: 010328058, Server: None, Windows, INSTALLED_SOFTWARE_VERSION: 2015.07 Build 6, Engine: 2015.07rc1, GUI: 2015.07rc1
Copyright (c) 2000 - 2015 Signal Integrity Software, Inc.
FLEXlm license
Engine Version 2015.07rc1 Windows Sat Oct 31 11:01:35 2015
Engine Arguments
C:\SiSoft\2015.07\bin\siaengine.exe
crosstalk_models
project_client=C:/Myproject/PCI/interfaces/PCI_AD/PCI_AD.edk
gui_version=2015.07rc1
user=010328058
sim_type=Import
user_preferences_dir=C:/Users/010328058/.siauditor/
return_status_file=ipcFiles/0010328058retstat.eng0
"INSTALLED_SOFTWARE_VERSION=2015.07 Build 6"
"Release=2015.07 Build 6"
taxi=yes
units=english
argumentlist=ipcFiles/0010328058args.eng0
interface=C:/Myproject/PCI/interfaces/PCI_AD/PCI_AD.edk
Server=None
 
Log   file C:\Myproject\PCI\interfaces\PCI_AD\logs\crosstalk_models.log
Debug file C:\Myproject\PCI\interfaces\PCI_AD\logs\crosstalk_models.dbg
 
